2018-12-27 09:19:02.7732|0|INFO|AuthorityManagementCent.Controllers.TokenController|1获取Token中。 |url: http://localhost/api/Token/token|action: Tokens|AuthorityManagementCent.Controllers.TokenController+<Tokens>d__3.MoveNext
2018-12-27 09:19:09.9380|10102|WARN|Microsoft.EntityFrameworkCore.Query|Query: '(from Users u in DbSet<Users> where !([u].IsDeleted) where [u].OrganizationId == __condition_Oraniza...' uses a row limiting operation (Skip/Take) without OrderBy which may lead to unpredictable results. |url: http://localhost/api/User/getUsersMessages|action: GetUsersMessageAsync|Microsoft.EntityFrameworkCore.Internal.CoreLoggerExtensions.RowLimitingOperationWithoutOrderByWarning
2018-12-27 09:34:01.8932|10102|WARN|Microsoft.EntityFrameworkCore.Query|Query: '(from Users u in DbSet<Users> where !([u].IsDeleted) select [u]).Skip(__p_0).Take(__p_1)' uses a row limiting operation (Skip/Take) without OrderBy which may lead to unpredictable results. |url: http://localhost/api/User/getUsersMessages|action: GetUsersMessageAsync|Microsoft.EntityFrameworkCore.Internal.CoreLoggerExtensions.RowLimitingOperationWithoutOrderByWarning
2018-12-27 09:41:25.5059|0|INFO|AuthorityManagementCent.Controllers.TokenController|1获取Token中。 |url: http://localhost/api/Token/token|action: Tokens|AuthorityManagementCent.Controllers.TokenController+<Tokens>d__3.MoveNext
2018-12-27 10:06:05.5029|3|WARN|Microsoft.AspNetCore.HttpsPolicy.HttpsRedirectionMiddleware|Failed to determine the https port for redirect. |url: http://localhost/api/Token/get|action: |Microsoft.AspNetCore.HttpsPolicy.HttpsRedirectionMiddleware.TryGetHttpsPort
2018-12-27 10:28:46.3105|3|WARN|Microsoft.AspNetCore.HttpsPolicy.HttpsRedirectionMiddleware|Failed to determine the https port for redirect. |url: http://localhost/api/Token/get|action: |Microsoft.AspNetCore.HttpsPolicy.HttpsRedirectionMiddleware.TryGetHttpsPort
2018-12-27 10:29:12.0854|0|INFO|AuthorityManagementCent.Controllers.TokenController|1获取Token中。 |url: http://localhost/api/Token/token|action: Tokens|AuthorityManagementCent.Controllers.TokenController+<Tokens>d__3.MoveNext
2018-12-27 10:44:15.8802|3|WARN|Microsoft.AspNetCore.HttpsPolicy.HttpsRedirectionMiddleware|Failed to determine the https port for redirect. |url: http://localhost/api/Token/token|action: |Microsoft.AspNetCore.HttpsPolicy.HttpsRedirectionMiddleware.TryGetHttpsPort
2018-12-27 10:44:16.4598|0|INFO|AuthorityManagementCent.Controllers.TokenController|1获取Token中。 |url: http://localhost/api/Token/token|action: Tokens|AuthorityManagementCent.Controllers.TokenController+<Tokens>d__3.MoveNext
2018-12-27 10:44:52.3022|0|INFO|AuthorityManagementCent.Controllers.TokenController|1获取Token中。 |url: http://localhost/api/Token/token|action: Tokens|AuthorityManagementCent.Controllers.TokenController+<Tokens>d__3.MoveNext
2018-12-27 11:02:04.2138|3|WARN|Microsoft.AspNetCore.HttpsPolicy.HttpsRedirectionMiddleware|Failed to determine the https port for redirect. |url: http://localhost/api/Token/token|action: |Microsoft.AspNetCore.HttpsPolicy.HttpsRedirectionMiddleware.TryGetHttpsPort
2018-12-27 11:02:05.1188|0|INFO|AuthorityManagementCent.Controllers.TokenController|1获取Token中。 |url: http://localhost/api/Token/token|action: Tokens|AuthorityManagementCent.Controllers.TokenController+<Tokens>d__3.MoveNext
2018-12-27 11:27:14.8080|3|WARN|Microsoft.AspNetCore.HttpsPolicy.HttpsRedirectionMiddleware|Failed to determine the https port for redirect. |url: http://localhost/api/Token/token|action: |Microsoft.AspNetCore.HttpsPolicy.HttpsRedirectionMiddleware.TryGetHttpsPort
2018-12-27 11:27:15.3553|0|INFO|AuthorityManagementCent.Controllers.TokenController|1获取Token中。 |url: http://localhost/api/Token/token|action: Tokens|AuthorityManagementCent.Controllers.TokenController+<Tokens>d__3.MoveNext
2018-12-27 11:27:20.4940|10102|WARN|Microsoft.EntityFrameworkCore.Query|Query: '(from Users u in DbSet<Users> where !([u].IsDeleted) select [u]).Skip(__p_0).Take(__p_1)' uses a row limiting operation (Skip/Take) without OrderBy which may lead to unpredictable results. |url: http://localhost/api/User/getUsersMessages|action: GetUsersMessageAsync|Microsoft.EntityFrameworkCore.Internal.CoreLoggerExtensions.RowLimitingOperationWithoutOrderByWarning
2018-12-27 11:27:26.3812|10102|WARN|Microsoft.EntityFrameworkCore.Query|Query: '(from Permissionitems u in DbSet<Permissionitems> where !([u].IsDeleted) select [u]).Skip(__p_0).Tak...' uses a row limiting operation (Skip/Take) without OrderBy which may lead to unpredictable results. |url: http://localhost/api/Jurisdiction/getJurisdictionList/|action: GetJurisdictionAsync|Microsoft.EntityFrameworkCore.Internal.CoreLoggerExtensions.RowLimitingOperationWithoutOrderByWarning
2018-12-27 11:40:50.3775|13|ERROR|Microsoft.AspNetCore.Server.Kestrel|Connection id "0HLJBLKC2CQSC", Request id "0HLJBLKC2CQSC:00000001": An unhandled exception was thrown by the application. System.ArgumentNullException: String reference not set to an instance of a String.
Parameter name: s
   at System.Text.Encoding.GetBytes(String s)
   at AuthorityManagementCent.Startup.<>c__DisplayClass8_0.<ConfigureServices>b__0(JwtBearerOptions options) in D:\MyProject\AuthorityManagement\ZQY_AuthorityManagement\Api\AuthorityManagementCent\AuthorityManagementCent\Startup.cs:line 54
   at Microsoft.Extensions.Options.OptionsFactory`1.Create(String name)
   at System.Lazy`1.ViaFactory(LazyThreadSafetyMode mode)
   at System.Lazy`1.ExecutionAndPublication(LazyHelper executionAndPublication, Boolean useDefaultConstructor)
   at System.Lazy`1.CreateValue()
   at Microsoft.AspNetCore.Authentication.AuthenticationHandler`1.InitializeAsync(AuthenticationScheme scheme, HttpContext context)
   at Microsoft.AspNetCore.Authentication.AuthenticationHandlerProvider.GetHandlerAsync(HttpContext context, String authenticationScheme)
   at Microsoft.AspNetCore.Authentication.AuthenticationService.AuthenticateAsync(HttpContext context, String scheme)
   at Microsoft.AspNetCore.Authentication.AuthenticationMiddleware.Invoke(HttpContext context)
   at Microsoft.AspNetCore.Server.Kestrel.Core.Internal.Http.HttpProtocol.ProcessRequests[TContext](IHttpApplication`1 application)|url: https://localhost/|action: |Microsoft.AspNetCore.Server.Kestrel.Core.Internal.Http.HttpProtocol+<ProcessRequests>d__188`1.MoveNext
2018-12-27 11:40:58.9632|1|DEBUG|HttpsConnectionAdapter|Failed to authenticate HTTPS connection. System.IO.IOException: The handshake failed due to an unexpected packet format.
   at System.Net.Security.SslState.StartReadFrame(Byte[] buffer, Int32 readBytes, AsyncProtocolRequest asyncRequest)
   at System.Net.Security.SslState.StartReceiveBlob(Byte[] buffer, AsyncProtocolRequest asyncRequest)
   at System.Net.Security.SslState.ForceAuthentication(Boolean receiveFirst, Byte[] buffer, AsyncProtocolRequest asyncRequest)
   at System.Net.Security.SslState.ProcessAuthentication(LazyAsyncResult lazyResult)
   at System.Net.Security.SslStream.BeginAuthenticateAsServer(SslServerAuthenticationOptions sslServerAuthenticationOptions, CancellationToken cancellationToken, AsyncCallback asyncCallback, Object asyncState)
   at System.Net.Security.SslStream.<>c.<AuthenticateAsServerAsync>b__51_0(SslServerAuthenticationOptions arg1, CancellationToken arg2, AsyncCallback callback, Object state)
   at System.Threading.Tasks.TaskFactory`1.FromAsyncImpl[TArg1,TArg2](Func`5 beginMethod, Func`2 endFunction, Action`1 endAction, TArg1 arg1, TArg2 arg2, Object state, TaskCreationOptions creationOptions)
   at System.Threading.Tasks.TaskFactory.FromAsync[TArg1,TArg2](Func`5 beginMethod, Action`1 endMethod, TArg1 arg1, TArg2 arg2, Object state, TaskCreationOptions creationOptions)
   at System.Threading.Tasks.TaskFactory.FromAsync[TArg1,TArg2](Func`5 beginMethod, Action`1 endMethod, TArg1 arg1, TArg2 arg2, Object state)
   at System.Net.Security.SslStream.AuthenticateAsServerAsync(SslServerAuthenticationOptions sslServerAuthenticationOptions, CancellationToken cancellationToken)
   at Microsoft.AspNetCore.Server.Kestrel.Https.Internal.HttpsConnectionAdapter.InnerOnConnectionAsync(ConnectionAdapterContext context)|url: |action: |Microsoft.AspNetCore.Server.Kestrel.Https.Internal.HttpsConnectionAdapter+<InnerOnConnectionAsync>d__10.MoveNext
