2019-01-08 10:57:52.0181|0|INFO|AuthorityManagementCent.Controllers.UserController|用户1(e1f31afa-319d-413a-a207-82c568a5750a) 获取所有用户信息:
{"OranizationId":null,"PageIndex":0,"PageSize":10} |url: |action: |AuthorityManagementCent.Controllers.UserController+<GetUsersMessageAsync>d__3.MoveNext
2019-01-08 11:00:21.1329|0|INFO|AuthorityManagementCent.Controllers.UserController|
 用户1(e1f31afa-319d-413a-a207-82c568a5750a) 获取所有用户信息:
{"OranizationId":null,"PageIndex":0,"PageSize":10} |url: |action: |AuthorityManagementCent.Controllers.UserController+<GetUsersMessageAsync>d__3.MoveNext
2019-01-08 14:07:45.6658|0|INFO|AuthorityManagementCent.Controllers.TokenController|1获取Token中。 |url: |action: |AuthorityManagementCent.Controllers.TokenController+<Tokens>d__3.MoveNext
2019-01-08 14:09:21.5404|0|INFO|AuthorityManagementCent.Controllers.RolesController|用户() 获取角色列表:
 |url: |action: |AuthorityManagementCent.Controllers.RolesController+<GettingRoles>d__3.MoveNext
2019-01-08 14:09:23.0342|0|ERROR|AuthorityManagementCent.Controllers.RolesController|用户()获取角色列表报错：
MySql.Data.MySqlClient.MySqlException (0x80004005): Unknown column 'u.CreateTime' in 'field list'
   at MySql.Data.MySqlClient.MySqlStream.ReadPacket()
   at MySql.Data.MySqlClient.NativeDriver.GetResult(Int32& affectedRow, Int64& insertedId)
   at MySql.Data.MySqlClient.Driver.NextResult(Int32 statementId, Boolean force)
   at MySql.Data.MySqlClient.MySqlDataReader.NextResult()
   at MySql.Data.MySqlClient.MySqlCommand.ExecuteReader(CommandBehavior behavior)
   at System.Data.Common.DbCommand.ExecuteDbDataReaderAsync(CommandBehavior behavior, CancellationToken cancellationToken)
--- End of stack trace from previous location where exception was thrown ---
   at Microsoft.EntityFrameworkCore.Storage.Internal.RelationalCommand.ExecuteAsync(IRelationalConnection connection, DbCommandMethod executeMethod, IReadOnlyDictionary`2 parameterValues, CancellationToken cancellationToken)
   at Microsoft.EntityFrameworkCore.Query.Internal.AsyncQueryingEnumerable`1.AsyncEnumerator.BufferlessMoveNext(DbContext _, Boolean buffer, CancellationToken cancellationToken)
   at Microsoft.EntityFrameworkCore.Query.Internal.AsyncQueryingEnumerable`1.AsyncEnumerator.MoveNext(CancellationToken cancellationToken)
   at System.Linq.AsyncEnumerable.SelectEnumerableAsyncIterator`2.MoveNextCore(CancellationToken cancellationToken)
   at System.Linq.AsyncEnumerable.AsyncIterator`1.MoveNext(CancellationToken cancellationToken)
   at Microsoft.EntityFrameworkCore.Query.Internal.AsyncLinqOperatorProvider.ExceptionInterceptor`1.EnumeratorExceptionInterceptor.MoveNext(CancellationToken cancellationToken)
   at System.Linq.AsyncEnumerable.Aggregate_[TSource,TAccumulate,TResult](IAsyncEnumerable`1 source, TAccumulate seed, Func`3 accumulator, Func`2 resultSelector, CancellationToken cancellationToken)
   at AuthorityManagementCent.Stores.RolesStore.GetRolesList() in D:\MyProject\AuthorityManagement\ZQY_AuthorityManagement\Api\AuthorityManagementCent\AuthorityManagementCent\Stores\RolesStore.cs:line 29
   at AuthorityManagementCent.Managers.RolesManager.InforResponseList() in D:\MyProject\AuthorityManagement\ZQY_AuthorityManagement\Api\AuthorityManagementCent\AuthorityManagementCent\Managers\RolesManager.cs:line 38
   at AuthorityManagementCent.Controllers.RolesController.GettingRoles() in D:\MyProject\AuthorityManagement\ZQY_AuthorityManagement\Api\AuthorityManagementCent\AuthorityManagementCent\Controllers\RolesController.cs:line 43 |url: |action: |AuthorityManagementCent.Controllers.RolesController+<GettingRoles>d__3.MoveNext
2019-01-08 14:10:54.6533|0|INFO|AuthorityManagementCent.Controllers.RolesController|用户() 获取角色列表:
 |url: |action: |AuthorityManagementCent.Controllers.RolesController+<GettingRoles>d__3.MoveNext
2019-01-08 14:53:23.1988|0|INFO|AuthorityManagementCent.Controllers.TokenController|1获取Token中。 |url: |action: |AuthorityManagementCent.Controllers.TokenController+<Tokens>d__3.MoveNext
2019-01-08 14:53:35.7591|0|INFO|AuthorityManagementCent.Controllers.UserController|
 用户1(c7d67ac5-5128-4c34-ba99-885460d0dc29) 获取所有用户信息:
{"OranizationId":null,"PageIndex":0,"PageSize":10} |url: |action: |AuthorityManagementCent.Controllers.UserController+<GetUsersMessageAsync>d__3.MoveNext
2019-01-08 14:53:47.4868|0|INFO|AuthorityManagementCent.Controllers.UserController|用户1(c7d67ac5-5128-4c34-ba99-885460d0dc29) 获取权限列表:
{"Groups":null,"PageIndex":0,"PageSize":10} |url: |action: |AuthorityManagementCent.Controllers.JurisdictionController+<GetJurisdictionAsync>d__4.MoveNext
2019-01-08 14:54:02.8541|0|INFO|AuthorityManagementCent.Controllers.UserController|用户1(c7d67ac5-5128-4c34-ba99-885460d0dc29) 创建组织树状结构:
"0" |url: |action: |AuthorityManagementCent.Controllers.OranizationsController+<OranizationsTreeStructure>d__4.MoveNext
2019-01-08 14:54:07.2019|0|INFO|AuthorityManagementCent.Controllers.UserController|用户1(c7d67ac5-5128-4c34-ba99-885460d0dc29) 创建组织树状结构:
"1" |url: |action: |AuthorityManagementCent.Controllers.OranizationsController+<OranizationsTreeStructure>d__4.MoveNext
2019-01-08 14:54:10.5549|0|INFO|AuthorityManagementCent.Controllers.UserController|用户1(c7d67ac5-5128-4c34-ba99-885460d0dc29) 创建组织树状结构:
"d132fcd8-5d44-46f1-a1d6-deee3983218c" |url: |action: |AuthorityManagementCent.Controllers.OranizationsController+<OranizationsTreeStructure>d__4.MoveNext
2019-01-08 14:54:15.7367|0|INFO|AuthorityManagementCent.Controllers.UserController|用户1(c7d67ac5-5128-4c34-ba99-885460d0dc29) 创建组织树状结构:
"d6d9ae8e-2f74-4053-9888-affafd11dffb" |url: |action: |AuthorityManagementCent.Controllers.OranizationsController+<OranizationsTreeStructure>d__4.MoveNext
2019-01-08 14:54:22.8077|0|INFO|AuthorityManagementCent.Controllers.UserController|
 用户1(c7d67ac5-5128-4c34-ba99-885460d0dc29) 获取所有用户信息:
{"OranizationId":"1","PageIndex":0,"PageSize":10} |url: |action: |AuthorityManagementCent.Controllers.UserController+<GetUsersMessageAsync>d__3.MoveNext
2019-01-08 14:54:30.6428|0|INFO|AuthorityManagementCent.Controllers.UserController|
 用户1(c7d67ac5-5128-4c34-ba99-885460d0dc29) 获取所有用户信息:
{"OranizationId":null,"PageIndex":0,"PageSize":10} |url: |action: |AuthorityManagementCent.Controllers.UserController+<GetUsersMessageAsync>d__3.MoveNext
2019-01-08 14:56:34.4016|0|INFO|AuthorityManagementCent.Controllers.UserController|
 用户1(c7d67ac5-5128-4c34-ba99-885460d0dc29) 获取所有用户信息:
{"OranizationId":null,"PageIndex":0,"PageSize":10} |url: |action: |AuthorityManagementCent.Controllers.UserController+<GetUsersMessageAsync>d__3.MoveNext
2019-01-08 15:01:09.1209|0|INFO|AuthorityManagementCent.Controllers.UserController|
 用户1(c7d67ac5-5128-4c34-ba99-885460d0dc29) 获取所有用户信息:
{"OranizationId":null,"PageIndex":0,"PageSize":10} |url: |action: |AuthorityManagementCent.Controllers.UserController+<GetUsersMessageAsync>d__3.MoveNext
2019-01-08 15:02:21.7806|0|INFO|AuthorityManagementCent.Controllers.UserController|
 用户1(c7d67ac5-5128-4c34-ba99-885460d0dc29) 获取所有用户信息:
{"OranizationId":null,"PageIndex":0,"PageSize":10} |url: |action: |AuthorityManagementCent.Controllers.UserController+<GetUsersMessageAsync>d__3.MoveNext
2019-01-08 15:03:12.9974|0|INFO|AuthorityManagementCent.Controllers.UserController|
 用户1(c7d67ac5-5128-4c34-ba99-885460d0dc29) 获取所有用户信息:
{"OranizationId":null,"PageIndex":0,"PageSize":10} |url: |action: |AuthorityManagementCent.Controllers.UserController+<GetUsersMessageAsync>d__3.MoveNext
2019-01-08 15:03:38.9020|0|INFO|AuthorityManagementCent.Controllers.UserController|
 用户1(c7d67ac5-5128-4c34-ba99-885460d0dc29) 获取所有用户信息:
{"OranizationId":null,"PageIndex":0,"PageSize":10} |url: |action: |AuthorityManagementCent.Controllers.UserController+<GetUsersMessageAsync>d__3.MoveNext
2019-01-08 15:04:43.7296|0|INFO|AuthorityManagementCent.Controllers.UserController|
 用户1(c7d67ac5-5128-4c34-ba99-885460d0dc29) 获取所有用户信息:
{"OranizationId":null,"PageIndex":0,"PageSize":10} |url: |action: |AuthorityManagementCent.Controllers.UserController+<GetUsersMessageAsync>d__3.MoveNext
2019-01-08 15:06:46.7101|0|INFO|AuthorityManagementCent.Controllers.UserController|
 用户1(c7d67ac5-5128-4c34-ba99-885460d0dc29) 获取所有用户信息:
{"OranizationId":null,"PageIndex":0,"PageSize":10} |url: |action: |AuthorityManagementCent.Controllers.UserController+<GetUsersMessageAsync>d__3.MoveNext
2019-01-08 15:07:13.5050|0|INFO|AuthorityManagementCent.Controllers.UserController|
 用户1(c7d67ac5-5128-4c34-ba99-885460d0dc29) 获取所有用户信息:
{"OranizationId":null,"PageIndex":0,"PageSize":10} |url: |action: |AuthorityManagementCent.Controllers.UserController+<GetUsersMessageAsync>d__3.MoveNext
2019-01-08 15:08:41.9003|0|INFO|AuthorityManagementCent.Controllers.UserController|
 用户1(c7d67ac5-5128-4c34-ba99-885460d0dc29) 获取所有用户信息:
{"OranizationId":null,"PageIndex":0,"PageSize":10} |url: |action: |AuthorityManagementCent.Controllers.UserController+<GetUsersMessageAsync>d__3.MoveNext
2019-01-08 15:09:13.5822|0|INFO|AuthorityManagementCent.Controllers.UserController|用户1(c7d67ac5-5128-4c34-ba99-885460d0dc29) 获取权限列表:
{"Groups":null,"PageIndex":0,"PageSize":10} |url: |action: |AuthorityManagementCent.Controllers.JurisdictionController+<GetJurisdictionAsync>d__4.MoveNext
2019-01-08 15:09:21.7254|0|INFO|AuthorityManagementCent.Controllers.UserController|用户1(c7d67ac5-5128-4c34-ba99-885460d0dc29) 获取权限列表:
{"Groups":"数据浏览","PageIndex":0,"PageSize":10} |url: |action: |AuthorityManagementCent.Controllers.JurisdictionController+<GetJurisdictionAsync>d__4.MoveNext
2019-01-08 15:09:24.1979|0|INFO|AuthorityManagementCent.Controllers.UserController|用户1(c7d67ac5-5128-4c34-ba99-885460d0dc29) 获取权限列表:
{"Groups":"数据维护","PageIndex":0,"PageSize":10} |url: |action: |AuthorityManagementCent.Controllers.JurisdictionController+<GetJurisdictionAsync>d__4.MoveNext
2019-01-08 15:09:25.4316|0|INFO|AuthorityManagementCent.Controllers.UserController|用户1(c7d67ac5-5128-4c34-ba99-885460d0dc29) 创建组织树状结构:
"0" |url: |action: |AuthorityManagementCent.Controllers.OranizationsController+<OranizationsTreeStructure>d__4.MoveNext
2019-01-08 15:09:31.3310|0|INFO|AuthorityManagementCent.Controllers.UserController|
 用户1(c7d67ac5-5128-4c34-ba99-885460d0dc29) 获取所有用户信息:
{"OranizationId":"1","PageIndex":0,"PageSize":10} |url: |action: |AuthorityManagementCent.Controllers.UserController+<GetUsersMessageAsync>d__3.MoveNext
2019-01-08 15:25:08.4902|0|INFO|AuthorityManagementCent.Controllers.UserController|
 用户1(c7d67ac5-5128-4c34-ba99-885460d0dc29) 获取所有用户信息:
{"OranizationId":null,"PageIndex":0,"PageSize":10} |url: |action: |AuthorityManagementCent.Controllers.UserController+<GetUsersMessageAsync>d__3.MoveNext
2019-01-08 15:25:08.5141|0|INFO|AuthorityManagementCent.Controllers.UserController|
 用户1(c7d67ac5-5128-4c34-ba99-885460d0dc29) 获取所有用户信息:
{"OranizationId":null,"PageIndex":0,"PageSize":10} |url: |action: |AuthorityManagementCent.Controllers.UserController+<GetUsersMessageAsync>d__3.MoveNext
2019-01-08 15:28:57.6876|0|INFO|AuthorityManagementCent.Controllers.UserController|
 用户1(c7d67ac5-5128-4c34-ba99-885460d0dc29) 获取所有用户信息:
{"OranizationId":null,"PageIndex":0,"PageSize":10} |url: |action: |AuthorityManagementCent.Controllers.UserController+<GetUsersMessageAsync>d__3.MoveNext
2019-01-08 15:28:57.7137|0|INFO|AuthorityManagementCent.Controllers.UserController|
 用户1(c7d67ac5-5128-4c34-ba99-885460d0dc29) 获取所有用户信息:
{"OranizationId":null,"PageIndex":0,"PageSize":10} |url: |action: |AuthorityManagementCent.Controllers.UserController+<GetUsersMessageAsync>d__3.MoveNext
2019-01-08 15:29:33.0024|0|INFO|AuthorityManagementCent.Controllers.UserController|
 用户1(c7d67ac5-5128-4c34-ba99-885460d0dc29) 获取所有用户信息:
{"OranizationId":null,"PageIndex":0,"PageSize":10} |url: |action: |AuthorityManagementCent.Controllers.UserController+<GetUsersMessageAsync>d__3.MoveNext
2019-01-08 15:29:33.0254|0|INFO|AuthorityManagementCent.Controllers.UserController|
 用户1(c7d67ac5-5128-4c34-ba99-885460d0dc29) 获取所有用户信息:
{"OranizationId":null,"PageIndex":0,"PageSize":10} |url: |action: |AuthorityManagementCent.Controllers.UserController+<GetUsersMessageAsync>d__3.MoveNext
2019-01-08 15:29:49.5759|0|INFO|AuthorityManagementCent.Controllers.UserController|
 用户1(c7d67ac5-5128-4c34-ba99-885460d0dc29) 获取所有用户信息:
{"OranizationId":null,"PageIndex":0,"PageSize":10} |url: |action: |AuthorityManagementCent.Controllers.UserController+<GetUsersMessageAsync>d__3.MoveNext
2019-01-08 15:29:49.5985|0|INFO|AuthorityManagementCent.Controllers.UserController|
 用户1(c7d67ac5-5128-4c34-ba99-885460d0dc29) 获取所有用户信息:
{"OranizationId":null,"PageIndex":0,"PageSize":10} |url: |action: |AuthorityManagementCent.Controllers.UserController+<GetUsersMessageAsync>d__3.MoveNext
2019-01-08 15:32:08.9375|0|INFO|AuthorityManagementCent.Controllers.UserController|
 用户1(c7d67ac5-5128-4c34-ba99-885460d0dc29) 获取所有用户信息:
{"OranizationId":null,"PageIndex":0,"PageSize":10} |url: |action: |AuthorityManagementCent.Controllers.UserController+<GetUsersMessageAsync>d__3.MoveNext
2019-01-08 15:34:37.8102|0|INFO|AuthorityManagementCent.Controllers.UserController|用户1(c7d67ac5-5128-4c34-ba99-885460d0dc29) 获取权限列表:
{"Groups":null,"PageIndex":0,"PageSize":10} |url: |action: |AuthorityManagementCent.Controllers.JurisdictionController+<GetJurisdictionAsync>d__4.MoveNext
2019-01-08 15:34:38.5055|0|INFO|AuthorityManagementCent.Controllers.UserController|用户1(c7d67ac5-5128-4c34-ba99-885460d0dc29) 创建组织树状结构:
"0" |url: |action: |AuthorityManagementCent.Controllers.OranizationsController+<OranizationsTreeStructure>d__4.MoveNext
2019-01-08 15:34:44.0642|0|INFO|AuthorityManagementCent.Controllers.UserController|
 用户1(c7d67ac5-5128-4c34-ba99-885460d0dc29) 获取所有用户信息:
{"OranizationId":"1","PageIndex":0,"PageSize":10} |url: |action: |AuthorityManagementCent.Controllers.UserController+<GetUsersMessageAsync>d__3.MoveNext
2019-01-08 15:37:56.4713|0|INFO|AuthorityManagementCent.Controllers.TokenController|1获取Token中。 |url: |action: |AuthorityManagementCent.Controllers.TokenController+<Tokens>d__3.MoveNext
2019-01-08 15:38:00.2727|0|INFO|AuthorityManagementCent.Controllers.UserController|
 用户1(fc12f651-a631-439d-bdf2-f4cdd845d4b2) 获取所有用户信息:
{"OranizationId":null,"PageIndex":0,"PageSize":10} |url: |action: |AuthorityManagementCent.Controllers.UserController+<GetUsersMessageAsync>d__3.MoveNext
2019-01-08 15:38:03.5822|0|INFO|AuthorityManagementCent.Controllers.UserController|用户1(fc12f651-a631-439d-bdf2-f4cdd845d4b2) 获取权限列表:
{"Groups":null,"PageIndex":0,"PageSize":10} |url: |action: |AuthorityManagementCent.Controllers.JurisdictionController+<GetJurisdictionAsync>d__4.MoveNext
2019-01-08 15:38:04.3568|0|INFO|AuthorityManagementCent.Controllers.UserController|用户1(fc12f651-a631-439d-bdf2-f4cdd845d4b2) 创建组织树状结构:
"0" |url: |action: |AuthorityManagementCent.Controllers.OranizationsController+<OranizationsTreeStructure>d__4.MoveNext
2019-01-08 15:38:06.0282|0|INFO|AuthorityManagementCent.Controllers.UserController|
 用户1(fc12f651-a631-439d-bdf2-f4cdd845d4b2) 获取所有用户信息:
{"OranizationId":"1","PageIndex":0,"PageSize":10} |url: |action: |AuthorityManagementCent.Controllers.UserController+<GetUsersMessageAsync>d__3.MoveNext
2019-01-08 15:38:47.1603|0|INFO|AuthorityManagementCent.Controllers.UserController|用户1(fc12f651-a631-439d-bdf2-f4cdd845d4b2) 获取权限列表:
{"Groups":null,"PageIndex":0,"PageSize":10} |url: |action: |AuthorityManagementCent.Controllers.JurisdictionController+<GetJurisdictionAsync>d__4.MoveNext
2019-01-08 15:38:48.0449|0|INFO|AuthorityManagementCent.Controllers.UserController|用户1(fc12f651-a631-439d-bdf2-f4cdd845d4b2) 创建组织树状结构:
"0" |url: |action: |AuthorityManagementCent.Controllers.OranizationsController+<OranizationsTreeStructure>d__4.MoveNext
2019-01-08 15:38:49.7034|0|INFO|AuthorityManagementCent.Controllers.UserController|
 用户1(fc12f651-a631-439d-bdf2-f4cdd845d4b2) 获取所有用户信息:
{"OranizationId":"1","PageIndex":0,"PageSize":10} |url: |action: |AuthorityManagementCent.Controllers.UserController+<GetUsersMessageAsync>d__3.MoveNext
2019-01-08 15:39:02.2787|0|INFO|AuthorityManagementCent.Controllers.UserController|用户1(fc12f651-a631-439d-bdf2-f4cdd845d4b2) 获取权限列表:
{"Groups":null,"PageIndex":0,"PageSize":10} |url: |action: |AuthorityManagementCent.Controllers.JurisdictionController+<GetJurisdictionAsync>d__4.MoveNext
2019-01-08 15:39:17.3504|0|INFO|AuthorityManagementCent.Controllers.UserController|
 用户1(fc12f651-a631-439d-bdf2-f4cdd845d4b2) 获取所有用户信息:
{"OranizationId":null,"PageIndex":0,"PageSize":10} |url: |action: |AuthorityManagementCent.Controllers.UserController+<GetUsersMessageAsync>d__3.MoveNext
2019-01-08 15:47:16.9041|0|INFO|AuthorityManagementCent.Controllers.UserController|
 用户1(fc12f651-a631-439d-bdf2-f4cdd845d4b2) 获取所有用户信息:
{"OranizationId":null,"PageIndex":0,"PageSize":10} |url: |action: |AuthorityManagementCent.Controllers.UserController+<GetUsersMessageAsync>d__3.MoveNext
2019-01-08 15:52:37.4140|0|INFO|AuthorityManagementCent.Controllers.UserController|
 用户1(fc12f651-a631-439d-bdf2-f4cdd845d4b2) 获取所有用户信息:
{"OranizationId":null,"PageIndex":0,"PageSize":10} |url: |action: |AuthorityManagementCent.Controllers.UserController+<GetUsersMessageAsync>d__3.MoveNext
2019-01-08 15:56:08.2965|0|INFO|AuthorityManagementCent.Controllers.UserController|
 用户1(fc12f651-a631-439d-bdf2-f4cdd845d4b2) 获取所有用户信息:
{"OranizationId":null,"PageIndex":0,"PageSize":10} |url: |action: |AuthorityManagementCent.Controllers.UserController+<GetUsersMessageAsync>d__3.MoveNext
2019-01-08 15:57:00.4870|0|INFO|AuthorityManagementCent.Controllers.UserController|
 用户1(fc12f651-a631-439d-bdf2-f4cdd845d4b2) 获取所有用户信息:
{"OranizationId":null,"PageIndex":0,"PageSize":10} |url: |action: |AuthorityManagementCent.Controllers.UserController+<GetUsersMessageAsync>d__3.MoveNext
2019-01-08 15:57:28.7187|0|INFO|AuthorityManagementCent.Controllers.UserController|
 用户1(fc12f651-a631-439d-bdf2-f4cdd845d4b2) 获取所有用户信息:
{"OranizationId":null,"PageIndex":0,"PageSize":10} |url: |action: |AuthorityManagementCent.Controllers.UserController+<GetUsersMessageAsync>d__3.MoveNext
2019-01-08 16:00:28.9669|0|INFO|AuthorityManagementCent.Controllers.UserController|
 用户1(fc12f651-a631-439d-bdf2-f4cdd845d4b2) 获取所有用户信息:
{"OranizationId":null,"PageIndex":0,"PageSize":10} |url: |action: |AuthorityManagementCent.Controllers.UserController+<GetUsersMessageAsync>d__3.MoveNext
2019-01-08 16:00:49.2886|0|INFO|AuthorityManagementCent.Controllers.UserController|
 用户1(fc12f651-a631-439d-bdf2-f4cdd845d4b2) 获取所有用户信息:
{"OranizationId":null,"PageIndex":0,"PageSize":10} |url: |action: |AuthorityManagementCent.Controllers.UserController+<GetUsersMessageAsync>d__3.MoveNext
2019-01-08 16:08:58.6368|0|INFO|AuthorityManagementCent.Controllers.UserController|
 用户1(fc12f651-a631-439d-bdf2-f4cdd845d4b2) 获取所有用户信息:
{"OranizationId":null,"PageIndex":0,"PageSize":10} |url: |action: |AuthorityManagementCent.Controllers.UserController+<GetUsersMessageAsync>d__3.MoveNext
2019-01-08 16:09:41.6610|0|INFO|AuthorityManagementCent.Controllers.UserController|
 用户1(fc12f651-a631-439d-bdf2-f4cdd845d4b2) 获取所有用户信息:
{"OranizationId":null,"PageIndex":0,"PageSize":10} |url: |action: |AuthorityManagementCent.Controllers.UserController+<GetUsersMessageAsync>d__3.MoveNext
2019-01-08 16:10:01.0436|0|INFO|AuthorityManagementCent.Controllers.UserController|
 用户1(fc12f651-a631-439d-bdf2-f4cdd845d4b2) 获取所有用户信息:
{"OranizationId":null,"PageIndex":0,"PageSize":10} |url: |action: |AuthorityManagementCent.Controllers.UserController+<GetUsersMessageAsync>d__3.MoveNext
2019-01-08 16:10:35.0295|0|INFO|AuthorityManagementCent.Controllers.UserController|
 用户1(fc12f651-a631-439d-bdf2-f4cdd845d4b2) 获取所有用户信息:
{"OranizationId":null,"PageIndex":0,"PageSize":10} |url: |action: |AuthorityManagementCent.Controllers.UserController+<GetUsersMessageAsync>d__3.MoveNext
2019-01-08 16:13:51.2700|0|INFO|AuthorityManagementCent.Controllers.UserController|
 用户1(fc12f651-a631-439d-bdf2-f4cdd845d4b2) 获取所有用户信息:
{"OranizationId":null,"PageIndex":0,"PageSize":10} |url: |action: |AuthorityManagementCent.Controllers.UserController+<GetUsersMessageAsync>d__3.MoveNext
2019-01-08 16:14:29.8032|0|INFO|AuthorityManagementCent.Controllers.UserController|
 用户1(fc12f651-a631-439d-bdf2-f4cdd845d4b2) 获取所有用户信息:
{"OranizationId":null,"PageIndex":0,"PageSize":10} |url: |action: |AuthorityManagementCent.Controllers.UserController+<GetUsersMessageAsync>d__3.MoveNext
2019-01-08 16:15:32.2963|0|INFO|AuthorityManagementCent.Controllers.TokenController|1获取Token中。 |url: |action: |AuthorityManagementCent.Controllers.TokenController+<Tokens>d__3.MoveNext
2019-01-08 16:15:33.5019|0|INFO|AuthorityManagementCent.Controllers.UserController|
 用户1(4cc1c21e-9eed-41a8-9107-8c2b89ee03ad) 获取所有用户信息:
{"OranizationId":null,"PageIndex":0,"PageSize":10} |url: |action: |AuthorityManagementCent.Controllers.UserController+<GetUsersMessageAsync>d__3.MoveNext
2019-01-08 16:17:16.3583|0|INFO|AuthorityManagementCent.Controllers.UserController|
 用户1(4cc1c21e-9eed-41a8-9107-8c2b89ee03ad) 获取所有用户信息:
{"OranizationId":null,"PageIndex":0,"PageSize":10} |url: |action: |AuthorityManagementCent.Controllers.UserController+<GetUsersMessageAsync>d__3.MoveNext
2019-01-08 16:17:29.0944|0|INFO|AuthorityManagementCent.Controllers.UserController|
 用户1(4cc1c21e-9eed-41a8-9107-8c2b89ee03ad) 获取所有用户信息:
{"OranizationId":null,"PageIndex":0,"PageSize":10} |url: |action: |AuthorityManagementCent.Controllers.UserController+<GetUsersMessageAsync>d__3.MoveNext
2019-01-08 16:17:52.8004|0|INFO|AuthorityManagementCent.Controllers.UserController|
 用户1(4cc1c21e-9eed-41a8-9107-8c2b89ee03ad) 获取所有用户信息:
{"OranizationId":null,"PageIndex":0,"PageSize":10} |url: |action: |AuthorityManagementCent.Controllers.UserController+<GetUsersMessageAsync>d__3.MoveNext
2019-01-08 18:11:31.0049|0|INFO|AuthorityManagementCent.Controllers.UserController|
 用户1(4cc1c21e-9eed-41a8-9107-8c2b89ee03ad) 获取所有用户信息:
{"OranizationId":null,"PageIndex":0,"PageSize":10} |url: |action: |AuthorityManagementCent.Controllers.UserController+<GetUsersMessageAsync>d__3.MoveNext
2019-01-08 18:11:58.6869|0|INFO|AuthorityManagementCent.Controllers.UserController|
 用户1(4cc1c21e-9eed-41a8-9107-8c2b89ee03ad) 获取所有用户信息:
{"OranizationId":null,"PageIndex":0,"PageSize":10} |url: |action: |AuthorityManagementCent.Controllers.UserController+<GetUsersMessageAsync>d__3.MoveNext
2019-01-08 18:15:49.7522|0|INFO|AuthorityManagementCent.Controllers.UserController|
 用户1(4cc1c21e-9eed-41a8-9107-8c2b89ee03ad) 获取所有用户信息:
{"OranizationId":null,"PageIndex":0,"PageSize":10} |url: |action: |AuthorityManagementCent.Controllers.UserController+<GetUsersMessageAsync>d__3.MoveNext
2019-01-08 18:21:29.9126|0|INFO|AuthorityManagementCent.Controllers.UserController|
 用户1(4cc1c21e-9eed-41a8-9107-8c2b89ee03ad) 获取所有用户信息:
{"OranizationId":null,"PageIndex":0,"PageSize":10} |url: |action: |AuthorityManagementCent.Controllers.UserController+<GetUsersMessageAsync>d__3.MoveNext
2019-01-08 18:21:35.3294|0|INFO|AuthorityManagementCent.Controllers.UserController|
 用户1(4cc1c21e-9eed-41a8-9107-8c2b89ee03ad) 获取所有用户信息:
{"OranizationId":null,"PageIndex":0,"PageSize":10} |url: |action: |AuthorityManagementCent.Controllers.UserController+<GetUsersMessageAsync>d__3.MoveNext
2019-01-08 18:23:40.2650|0|INFO|AuthorityManagementCent.Controllers.UserController|
 用户1(4cc1c21e-9eed-41a8-9107-8c2b89ee03ad) 获取所有用户信息:
{"OranizationId":null,"PageIndex":0,"PageSize":10} |url: |action: |AuthorityManagementCent.Controllers.UserController+<GetUsersMessageAsync>d__3.MoveNext
2019-01-08 18:24:28.4871|0|INFO|AuthorityManagementCent.Controllers.UserController|
 用户1(4cc1c21e-9eed-41a8-9107-8c2b89ee03ad) 获取所有用户信息:
{"OranizationId":null,"PageIndex":0,"PageSize":10} |url: |action: |AuthorityManagementCent.Controllers.UserController+<GetUsersMessageAsync>d__3.MoveNext
2019-01-08 19:06:08.5539|0|INFO|AuthorityManagementCent.Controllers.UserController|
 用户1(4cc1c21e-9eed-41a8-9107-8c2b89ee03ad) 获取所有用户信息:
{"OranizationId":null,"PageIndex":0,"PageSize":10} |url: |action: |AuthorityManagementCent.Controllers.UserController+<GetUsersMessageAsync>d__3.MoveNext
2019-01-08 19:11:20.3215|0|INFO|AuthorityManagementCent.Controllers.UserController|
 用户1(4cc1c21e-9eed-41a8-9107-8c2b89ee03ad) 获取所有用户信息:
{"OranizationId":null,"PageIndex":0,"PageSize":10} |url: |action: |AuthorityManagementCent.Controllers.UserController+<GetUsersMessageAsync>d__3.MoveNext
2019-01-08 19:13:42.8999|0|INFO|AuthorityManagementCent.Controllers.UserController|
 用户1(4cc1c21e-9eed-41a8-9107-8c2b89ee03ad) 获取所有用户信息:
{"OranizationId":null,"PageIndex":0,"PageSize":10} |url: |action: |AuthorityManagementCent.Controllers.UserController+<GetUsersMessageAsync>d__3.MoveNext
2019-01-08 19:15:24.3565|0|INFO|AuthorityManagementCent.Controllers.UserController|
 用户1(4cc1c21e-9eed-41a8-9107-8c2b89ee03ad) 获取所有用户信息:
{"OranizationId":null,"PageIndex":0,"PageSize":10} |url: |action: |AuthorityManagementCent.Controllers.UserController+<GetUsersMessageAsync>d__3.MoveNext
2019-01-08 19:16:41.7804|0|INFO|AuthorityManagementCent.Controllers.UserController|
 用户1(4cc1c21e-9eed-41a8-9107-8c2b89ee03ad) 获取所有用户信息:
{"OranizationId":null,"PageIndex":0,"PageSize":10} |url: |action: |AuthorityManagementCent.Controllers.UserController+<GetUsersMessageAsync>d__3.MoveNext
2019-01-08 19:19:15.6456|0|INFO|AuthorityManagementCent.Controllers.UserController|
 用户1(4cc1c21e-9eed-41a8-9107-8c2b89ee03ad) 获取所有用户信息:
{"OranizationId":null,"PageIndex":0,"PageSize":10} |url: |action: |AuthorityManagementCent.Controllers.UserController+<GetUsersMessageAsync>d__3.MoveNext
2019-01-08 19:19:24.6385|0|INFO|AuthorityManagementCent.Controllers.UserController|
 用户1(4cc1c21e-9eed-41a8-9107-8c2b89ee03ad) 获取所有用户信息:
{"OranizationId":null,"PageIndex":0,"PageSize":10} |url: |action: |AuthorityManagementCent.Controllers.UserController+<GetUsersMessageAsync>d__3.MoveNext
2019-01-08 19:19:53.3713|0|INFO|AuthorityManagementCent.Controllers.UserController|
 用户1(4cc1c21e-9eed-41a8-9107-8c2b89ee03ad) 获取所有用户信息:
{"OranizationId":null,"PageIndex":0,"PageSize":10} |url: |action: |AuthorityManagementCent.Controllers.UserController+<GetUsersMessageAsync>d__3.MoveNext
2019-01-08 19:22:44.9707|0|INFO|AuthorityManagementCent.Controllers.UserController|
 用户1(4cc1c21e-9eed-41a8-9107-8c2b89ee03ad) 获取所有用户信息:
{"OranizationId":null,"PageIndex":0,"PageSize":10} |url: |action: |AuthorityManagementCent.Controllers.UserController+<GetUsersMessageAsync>d__3.MoveNext
2019-01-08 19:23:00.1589|0|INFO|AuthorityManagementCent.Controllers.UserController|
 用户1(4cc1c21e-9eed-41a8-9107-8c2b89ee03ad) 获取所有用户信息:
{"OranizationId":null,"PageIndex":0,"PageSize":10} |url: |action: |AuthorityManagementCent.Controllers.UserController+<GetUsersMessageAsync>d__3.MoveNext
2019-01-08 19:23:47.4481|0|INFO|AuthorityManagementCent.Controllers.UserController|
 用户1(4cc1c21e-9eed-41a8-9107-8c2b89ee03ad) 获取所有用户信息:
{"OranizationId":null,"PageIndex":0,"PageSize":10} |url: |action: |AuthorityManagementCent.Controllers.UserController+<GetUsersMessageAsync>d__3.MoveNext
2019-01-08 19:34:38.9716|0|INFO|AuthorityManagementCent.Controllers.UserController|
 用户1(4cc1c21e-9eed-41a8-9107-8c2b89ee03ad) 获取所有用户信息:
{"OranizationId":null,"PageIndex":0,"PageSize":10} |url: |action: |AuthorityManagementCent.Controllers.UserController+<GetUsersMessageAsync>d__3.MoveNext
2019-01-08 19:35:21.1121|0|INFO|AuthorityManagementCent.Controllers.UserController|
 用户1(4cc1c21e-9eed-41a8-9107-8c2b89ee03ad) 获取所有用户信息:
{"OranizationId":null,"PageIndex":0,"PageSize":10} |url: |action: |AuthorityManagementCent.Controllers.UserController+<GetUsersMessageAsync>d__3.MoveNext
2019-01-08 19:35:36.4618|0|INFO|AuthorityManagementCent.Controllers.UserController|
 用户1(4cc1c21e-9eed-41a8-9107-8c2b89ee03ad) 获取所有用户信息:
{"OranizationId":null,"PageIndex":0,"PageSize":10} |url: |action: |AuthorityManagementCent.Controllers.UserController+<GetUsersMessageAsync>d__3.MoveNext
2019-01-08 19:37:52.0975|0|INFO|AuthorityManagementCent.Controllers.UserController|
 用户1(4cc1c21e-9eed-41a8-9107-8c2b89ee03ad) 获取所有用户信息:
{"OranizationId":null,"PageIndex":0,"PageSize":10} |url: |action: |AuthorityManagementCent.Controllers.UserController+<GetUsersMessageAsync>d__3.MoveNext
2019-01-08 19:38:07.1072|0|INFO|AuthorityManagementCent.Controllers.UserController|
 用户1(4cc1c21e-9eed-41a8-9107-8c2b89ee03ad) 获取所有用户信息:
{"OranizationId":null,"PageIndex":0,"PageSize":10} |url: |action: |AuthorityManagementCent.Controllers.UserController+<GetUsersMessageAsync>d__3.MoveNext
2019-01-08 19:38:43.4947|0|INFO|AuthorityManagementCent.Controllers.UserController|
 用户1(4cc1c21e-9eed-41a8-9107-8c2b89ee03ad) 获取所有用户信息:
{"OranizationId":null,"PageIndex":0,"PageSize":10} |url: |action: |AuthorityManagementCent.Controllers.UserController+<GetUsersMessageAsync>d__3.MoveNext
2019-01-08 19:39:48.4058|0|INFO|AuthorityManagementCent.Controllers.UserController|
 用户1(4cc1c21e-9eed-41a8-9107-8c2b89ee03ad) 获取所有用户信息:
{"OranizationId":null,"PageIndex":0,"PageSize":10} |url: |action: |AuthorityManagementCent.Controllers.UserController+<GetUsersMessageAsync>d__3.MoveNext
2019-01-08 19:41:40.2275|0|INFO|AuthorityManagementCent.Controllers.UserController|
 用户1(4cc1c21e-9eed-41a8-9107-8c2b89ee03ad) 获取所有用户信息:
{"OranizationId":null,"PageIndex":0,"PageSize":10} |url: |action: |AuthorityManagementCent.Controllers.UserController+<GetUsersMessageAsync>d__3.MoveNext
2019-01-08 19:42:29.6808|0|INFO|AuthorityManagementCent.Controllers.UserController|
 用户1(4cc1c21e-9eed-41a8-9107-8c2b89ee03ad) 获取所有用户信息:
{"OranizationId":null,"PageIndex":0,"PageSize":10} |url: |action: |AuthorityManagementCent.Controllers.UserController+<GetUsersMessageAsync>d__3.MoveNext
2019-01-08 19:49:48.6741|0|INFO|AuthorityManagementCent.Controllers.UserController|
 用户1(4cc1c21e-9eed-41a8-9107-8c2b89ee03ad) 获取所有用户信息:
{"OranizationId":null,"PageIndex":0,"PageSize":10} |url: |action: |AuthorityManagementCent.Controllers.UserController+<GetUsersMessageAsync>d__3.MoveNext
2019-01-08 19:51:58.5520|0|INFO|AuthorityManagementCent.Controllers.UserController|
 用户1(4cc1c21e-9eed-41a8-9107-8c2b89ee03ad) 获取所有用户信息:
{"OranizationId":null,"PageIndex":0,"PageSize":10} |url: |action: |AuthorityManagementCent.Controllers.UserController+<GetUsersMessageAsync>d__3.MoveNext
2019-01-08 19:52:29.5361|0|INFO|AuthorityManagementCent.Controllers.UserController|
 用户1(4cc1c21e-9eed-41a8-9107-8c2b89ee03ad) 获取所有用户信息:
{"OranizationId":null,"PageIndex":0,"PageSize":10} |url: |action: |AuthorityManagementCent.Controllers.UserController+<GetUsersMessageAsync>d__3.MoveNext
2019-01-08 19:53:00.8332|0|INFO|AuthorityManagementCent.Controllers.UserController|
 用户1(4cc1c21e-9eed-41a8-9107-8c2b89ee03ad) 获取所有用户信息:
{"OranizationId":null,"PageIndex":0,"PageSize":10} |url: |action: |AuthorityManagementCent.Controllers.UserController+<GetUsersMessageAsync>d__3.MoveNext
2019-01-08 19:53:25.8850|0|INFO|AuthorityManagementCent.Controllers.UserController|
 用户1(4cc1c21e-9eed-41a8-9107-8c2b89ee03ad) 获取所有用户信息:
{"OranizationId":null,"PageIndex":0,"PageSize":10} |url: |action: |AuthorityManagementCent.Controllers.UserController+<GetUsersMessageAsync>d__3.MoveNext
2019-01-08 19:53:37.0386|0|INFO|AuthorityManagementCent.Controllers.UserController|
 用户1(4cc1c21e-9eed-41a8-9107-8c2b89ee03ad) 获取所有用户信息:
{"OranizationId":null,"PageIndex":0,"PageSize":10} |url: |action: |AuthorityManagementCent.Controllers.UserController+<GetUsersMessageAsync>d__3.MoveNext
2019-01-08 19:53:49.7283|0|INFO|AuthorityManagementCent.Controllers.UserController|
 用户1(4cc1c21e-9eed-41a8-9107-8c2b89ee03ad) 获取所有用户信息:
{"OranizationId":null,"PageIndex":0,"PageSize":10} |url: |action: |AuthorityManagementCent.Controllers.UserController+<GetUsersMessageAsync>d__3.MoveNext
2019-01-08 19:53:57.5560|0|INFO|AuthorityManagementCent.Controllers.UserController|
 用户1(4cc1c21e-9eed-41a8-9107-8c2b89ee03ad) 获取所有用户信息:
{"OranizationId":null,"PageIndex":0,"PageSize":10} |url: |action: |AuthorityManagementCent.Controllers.UserController+<GetUsersMessageAsync>d__3.MoveNext
2019-01-08 19:54:13.6850|0|INFO|AuthorityManagementCent.Controllers.UserController|
 用户1(4cc1c21e-9eed-41a8-9107-8c2b89ee03ad) 获取所有用户信息:
{"OranizationId":null,"PageIndex":0,"PageSize":10} |url: |action: |AuthorityManagementCent.Controllers.UserController+<GetUsersMessageAsync>d__3.MoveNext
2019-01-08 19:54:18.6118|0|INFO|AuthorityManagementCent.Controllers.UserController|
 用户1(4cc1c21e-9eed-41a8-9107-8c2b89ee03ad) 获取所有用户信息:
{"OranizationId":null,"PageIndex":0,"PageSize":10} |url: |action: |AuthorityManagementCent.Controllers.UserController+<GetUsersMessageAsync>d__3.MoveNext
2019-01-08 19:54:22.2778|0|INFO|AuthorityManagementCent.Controllers.UserController|
 用户1(4cc1c21e-9eed-41a8-9107-8c2b89ee03ad) 获取所有用户信息:
{"OranizationId":null,"PageIndex":0,"PageSize":10} |url: |action: |AuthorityManagementCent.Controllers.UserController+<GetUsersMessageAsync>d__3.MoveNext
2019-01-08 19:55:08.5901|0|INFO|AuthorityManagementCent.Controllers.UserController|
 用户1(4cc1c21e-9eed-41a8-9107-8c2b89ee03ad) 获取所有用户信息:
{"OranizationId":null,"PageIndex":0,"PageSize":10} |url: |action: |AuthorityManagementCent.Controllers.UserController+<GetUsersMessageAsync>d__3.MoveNext
2019-01-08 19:55:12.6302|0|INFO|AuthorityManagementCent.Controllers.UserController|用户1(4cc1c21e-9eed-41a8-9107-8c2b89ee03ad) 获取权限列表:
{"Groups":null,"PageIndex":0,"PageSize":10} |url: |action: |AuthorityManagementCent.Controllers.JurisdictionController+<GetJurisdictionAsync>d__4.MoveNext
2019-01-08 19:55:23.8725|0|INFO|AuthorityManagementCent.Controllers.UserController|用户1(4cc1c21e-9eed-41a8-9107-8c2b89ee03ad) 创建组织树状结构:
"0" |url: |action: |AuthorityManagementCent.Controllers.OranizationsController+<OranizationsTreeStructure>d__4.MoveNext
2019-01-08 19:55:26.8914|0|INFO|AuthorityManagementCent.Controllers.UserController|
 用户1(4cc1c21e-9eed-41a8-9107-8c2b89ee03ad) 获取所有用户信息:
{"OranizationId":"1","PageIndex":0,"PageSize":10} |url: |action: |AuthorityManagementCent.Controllers.UserController+<GetUsersMessageAsync>d__3.MoveNext
2019-01-08 19:57:31.6616|0|INFO|AuthorityManagementCent.Controllers.UserController|用户1(4cc1c21e-9eed-41a8-9107-8c2b89ee03ad) 创建组织树状结构:
"0" |url: |action: |AuthorityManagementCent.Controllers.OranizationsController+<OranizationsTreeStructure>d__4.MoveNext
2019-01-08 19:57:33.0265|0|INFO|AuthorityManagementCent.Controllers.UserController|
 用户1(4cc1c21e-9eed-41a8-9107-8c2b89ee03ad) 获取所有用户信息:
{"OranizationId":"1","PageIndex":0,"PageSize":10} |url: |action: |AuthorityManagementCent.Controllers.UserController+<GetUsersMessageAsync>d__3.MoveNext
2019-01-08 19:59:06.7846|0|INFO|AuthorityManagementCent.Controllers.UserController|用户1(4cc1c21e-9eed-41a8-9107-8c2b89ee03ad) 创建组织树状结构:
"0" |url: |action: |AuthorityManagementCent.Controllers.OranizationsController+<OranizationsTreeStructure>d__4.MoveNext
2019-01-08 19:59:07.8413|0|INFO|AuthorityManagementCent.Controllers.UserController|
 用户1(4cc1c21e-9eed-41a8-9107-8c2b89ee03ad) 获取所有用户信息:
{"OranizationId":"1","PageIndex":0,"PageSize":10} |url: |action: |AuthorityManagementCent.Controllers.UserController+<GetUsersMessageAsync>d__3.MoveNext
2019-01-08 19:59:16.2827|0|INFO|AuthorityManagementCent.Controllers.UserController|
 用户1(4cc1c21e-9eed-41a8-9107-8c2b89ee03ad) 获取所有用户信息:
{"OranizationId":null,"PageIndex":0,"PageSize":10} |url: |action: |AuthorityManagementCent.Controllers.UserController+<GetUsersMessageAsync>d__3.MoveNext
2019-01-08 20:03:46.2101|0|INFO|AuthorityManagementCent.Controllers.UserController|用户1(4cc1c21e-9eed-41a8-9107-8c2b89ee03ad) 创建组织树状结构:
"0" |url: |action: |AuthorityManagementCent.Controllers.OranizationsController+<OranizationsTreeStructure>d__4.MoveNext
2019-01-08 20:08:15.3543|0|INFO|AuthorityManagementCent.Controllers.UserController|用户1(4cc1c21e-9eed-41a8-9107-8c2b89ee03ad) 获取权限列表:
{"Groups":null,"PageIndex":0,"PageSize":10} |url: |action: |AuthorityManagementCent.Controllers.JurisdictionController+<GetJurisdictionAsync>d__4.MoveNext
2019-01-08 20:08:16.3457|0|INFO|AuthorityManagementCent.Controllers.UserController|用户1(4cc1c21e-9eed-41a8-9107-8c2b89ee03ad) 创建组织树状结构:
"0" |url: |action: |AuthorityManagementCent.Controllers.OranizationsController+<OranizationsTreeStructure>d__4.MoveNext
2019-01-08 20:18:16.2007|0|INFO|AuthorityManagementCent.Controllers.TokenController|string获取Token中。 |url: |action: |AuthorityManagementCent.Controllers.TokenController+<Tokens>d__3.MoveNext
2019-01-08 20:23:21.9548|0|INFO|AuthorityManagementCent.Controllers.RolesController|用户1(4cc1c21e-9eed-41a8-9107-8c2b89ee03ad) 获取角色列表:
 |url: |action: |AuthorityManagementCent.Controllers.RolesController+<GettingRoles>d__3.MoveNext
2019-01-08 20:24:40.4701|0|INFO|AuthorityManagementCent.Controllers.RolesController|用户1(4cc1c21e-9eed-41a8-9107-8c2b89ee03ad) 获取角色列表:
 |url: |action: |AuthorityManagementCent.Controllers.RolesController+<GettingRoles>d__3.MoveNext
2019-01-08 20:25:15.9999|0|INFO|AuthorityManagementCent.Controllers.RolesController|用户1(4cc1c21e-9eed-41a8-9107-8c2b89ee03ad) 获取角色列表:
 |url: |action: |AuthorityManagementCent.Controllers.RolesController+<GettingRoles>d__3.MoveNext
2019-01-08 20:25:55.4637|0|INFO|AuthorityManagementCent.Controllers.RolesController|用户1(4cc1c21e-9eed-41a8-9107-8c2b89ee03ad) 获取角色列表:
 |url: |action: |AuthorityManagementCent.Controllers.RolesController+<GettingRoles>d__3.MoveNext
2019-01-08 20:27:20.8045|0|INFO|AuthorityManagementCent.Controllers.RolesController|用户1(4cc1c21e-9eed-41a8-9107-8c2b89ee03ad) 获取角色列表:
 |url: |action: |AuthorityManagementCent.Controllers.RolesController+<GettingRoles>d__3.MoveNext
2019-01-08 20:30:27.8244|0|INFO|AuthorityManagementCent.Controllers.RolesController|用户1(4cc1c21e-9eed-41a8-9107-8c2b89ee03ad) 获取角色列表:
 |url: |action: |AuthorityManagementCent.Controllers.RolesController+<GettingRoles>d__3.MoveNext
2019-01-08 20:34:55.6410|0|INFO|AuthorityManagementCent.Controllers.RolesController|用户1(4cc1c21e-9eed-41a8-9107-8c2b89ee03ad) 获取角色列表:
 |url: |action: |AuthorityManagementCent.Controllers.RolesController+<GettingRoles>d__3.MoveNext
2019-01-08 20:35:49.1373|0|INFO|AuthorityManagementCent.Controllers.RolesController|用户1(4cc1c21e-9eed-41a8-9107-8c2b89ee03ad) 获取角色列表:
 |url: |action: |AuthorityManagementCent.Controllers.RolesController+<GettingRoles>d__3.MoveNext
2019-01-08 20:36:37.5833|0|INFO|AuthorityManagementCent.Controllers.RolesController|用户1(4cc1c21e-9eed-41a8-9107-8c2b89ee03ad) 获取角色列表:
 |url: |action: |AuthorityManagementCent.Controllers.RolesController+<GettingRoles>d__3.MoveNext
2019-01-08 20:37:28.9584|0|INFO|AuthorityManagementCent.Controllers.RolesController|用户1(4cc1c21e-9eed-41a8-9107-8c2b89ee03ad) 获取角色列表:
 |url: |action: |AuthorityManagementCent.Controllers.RolesController+<GettingRoles>d__3.MoveNext
2019-01-08 20:38:42.4863|0|INFO|AuthorityManagementCent.Controllers.RolesController|用户1(4cc1c21e-9eed-41a8-9107-8c2b89ee03ad) 获取角色列表:
 |url: |action: |AuthorityManagementCent.Controllers.RolesController+<GettingRoles>d__3.MoveNext
2019-01-08 20:40:27.4569|0|INFO|AuthorityManagementCent.Controllers.RolesController|用户1(4cc1c21e-9eed-41a8-9107-8c2b89ee03ad) 获取角色列表:
 |url: |action: |AuthorityManagementCent.Controllers.RolesController+<GettingRoles>d__3.MoveNext
2019-01-08 20:41:08.1617|0|INFO|AuthorityManagementCent.Controllers.RolesController|用户1(4cc1c21e-9eed-41a8-9107-8c2b89ee03ad) 获取角色列表:
 |url: |action: |AuthorityManagementCent.Controllers.RolesController+<GettingRoles>d__3.MoveNext
2019-01-08 20:41:31.8192|0|INFO|AuthorityManagementCent.Controllers.RolesController|用户1(4cc1c21e-9eed-41a8-9107-8c2b89ee03ad) 获取角色列表:
 |url: |action: |AuthorityManagementCent.Controllers.RolesController+<GettingRoles>d__3.MoveNext
2019-01-08 20:42:17.2886|0|INFO|AuthorityManagementCent.Controllers.RolesController|用户1(4cc1c21e-9eed-41a8-9107-8c2b89ee03ad) 获取角色列表:
 |url: |action: |AuthorityManagementCent.Controllers.RolesController+<GettingRoles>d__3.MoveNext
2019-01-08 20:42:34.6233|0|INFO|AuthorityManagementCent.Controllers.RolesController|用户1(4cc1c21e-9eed-41a8-9107-8c2b89ee03ad) 获取角色列表:
 |url: |action: |AuthorityManagementCent.Controllers.RolesController+<GettingRoles>d__3.MoveNext
2019-01-08 20:42:49.5492|0|INFO|AuthorityManagementCent.Controllers.RolesController|用户1(4cc1c21e-9eed-41a8-9107-8c2b89ee03ad) 获取角色列表:
 |url: |action: |AuthorityManagementCent.Controllers.RolesController+<GettingRoles>d__3.MoveNext
2019-01-08 20:43:02.7245|0|INFO|AuthorityManagementCent.Controllers.RolesController|用户1(4cc1c21e-9eed-41a8-9107-8c2b89ee03ad) 获取角色列表:
 |url: |action: |AuthorityManagementCent.Controllers.RolesController+<GettingRoles>d__3.MoveNext
2019-01-08 20:43:11.3863|0|INFO|AuthorityManagementCent.Controllers.RolesController|用户1(4cc1c21e-9eed-41a8-9107-8c2b89ee03ad) 获取角色列表:
 |url: |action: |AuthorityManagementCent.Controllers.RolesController+<GettingRoles>d__3.MoveNext
2019-01-08 20:43:19.7754|0|INFO|AuthorityManagementCent.Controllers.RolesController|用户1(4cc1c21e-9eed-41a8-9107-8c2b89ee03ad) 获取角色列表:
 |url: |action: |AuthorityManagementCent.Controllers.RolesController+<GettingRoles>d__3.MoveNext
2019-01-08 20:44:24.3525|0|INFO|AuthorityManagementCent.Controllers.RolesController|用户1(4cc1c21e-9eed-41a8-9107-8c2b89ee03ad) 获取角色列表:
 |url: |action: |AuthorityManagementCent.Controllers.RolesController+<GettingRoles>d__3.MoveNext
2019-01-08 20:44:54.2122|0|INFO|AuthorityManagementCent.Controllers.RolesController|用户1(4cc1c21e-9eed-41a8-9107-8c2b89ee03ad) 获取角色列表:
 |url: |action: |AuthorityManagementCent.Controllers.RolesController+<GettingRoles>d__3.MoveNext
2019-01-08 20:47:44.7025|0|INFO|AuthorityManagementCent.Controllers.RolesController|用户1(4cc1c21e-9eed-41a8-9107-8c2b89ee03ad) 获取角色列表:
 |url: |action: |AuthorityManagementCent.Controllers.RolesController+<GettingRoles>d__3.MoveNext
2019-01-08 20:47:56.6055|0|INFO|AuthorityManagementCent.Controllers.RolesController|用户1(4cc1c21e-9eed-41a8-9107-8c2b89ee03ad) 获取角色列表:
 |url: |action: |AuthorityManagementCent.Controllers.RolesController+<GettingRoles>d__3.MoveNext
2019-01-08 20:48:33.9964|0|INFO|AuthorityManagementCent.Controllers.RolesController|用户1(4cc1c21e-9eed-41a8-9107-8c2b89ee03ad) 获取角色列表:
 |url: |action: |AuthorityManagementCent.Controllers.RolesController+<GettingRoles>d__3.MoveNext
2019-01-08 20:48:45.2780|0|INFO|AuthorityManagementCent.Controllers.RolesController|用户1(4cc1c21e-9eed-41a8-9107-8c2b89ee03ad) 获取角色列表:
 |url: |action: |AuthorityManagementCent.Controllers.RolesController+<GettingRoles>d__3.MoveNext
2019-01-08 20:48:51.7966|0|INFO|AuthorityManagementCent.Controllers.RolesController|用户1(4cc1c21e-9eed-41a8-9107-8c2b89ee03ad) 获取角色列表:
 |url: |action: |AuthorityManagementCent.Controllers.RolesController+<GettingRoles>d__3.MoveNext
2019-01-08 20:48:58.2106|0|INFO|AuthorityManagementCent.Controllers.RolesController|用户1(4cc1c21e-9eed-41a8-9107-8c2b89ee03ad) 获取角色列表:
 |url: |action: |AuthorityManagementCent.Controllers.RolesController+<GettingRoles>d__3.MoveNext
2019-01-08 20:49:03.5901|0|INFO|AuthorityManagementCent.Controllers.RolesController|用户1(4cc1c21e-9eed-41a8-9107-8c2b89ee03ad) 获取角色列表:
 |url: |action: |AuthorityManagementCent.Controllers.RolesController+<GettingRoles>d__3.MoveNext
2019-01-08 20:49:14.1915|0|INFO|AuthorityManagementCent.Controllers.RolesController|用户1(4cc1c21e-9eed-41a8-9107-8c2b89ee03ad) 获取角色列表:
 |url: |action: |AuthorityManagementCent.Controllers.RolesController+<GettingRoles>d__3.MoveNext
2019-01-08 20:49:20.5838|0|INFO|AuthorityManagementCent.Controllers.RolesController|用户1(4cc1c21e-9eed-41a8-9107-8c2b89ee03ad) 获取角色列表:
 |url: |action: |AuthorityManagementCent.Controllers.RolesController+<GettingRoles>d__3.MoveNext
2019-01-08 20:49:29.7571|0|INFO|AuthorityManagementCent.Controllers.RolesController|用户1(4cc1c21e-9eed-41a8-9107-8c2b89ee03ad) 获取角色列表:
 |url: |action: |AuthorityManagementCent.Controllers.RolesController+<GettingRoles>d__3.MoveNext
2019-01-08 20:49:42.4646|0|INFO|AuthorityManagementCent.Controllers.RolesController|用户1(4cc1c21e-9eed-41a8-9107-8c2b89ee03ad) 获取角色列表:
 |url: |action: |AuthorityManagementCent.Controllers.RolesController+<GettingRoles>d__3.MoveNext
2019-01-08 20:50:08.8744|0|INFO|AuthorityManagementCent.Controllers.RolesController|用户1(4cc1c21e-9eed-41a8-9107-8c2b89ee03ad) 获取角色列表:
 |url: |action: |AuthorityManagementCent.Controllers.RolesController+<GettingRoles>d__3.MoveNext
2019-01-08 20:50:13.5641|0|INFO|AuthorityManagementCent.Controllers.RolesController|用户1(4cc1c21e-9eed-41a8-9107-8c2b89ee03ad) 获取角色列表:
 |url: |action: |AuthorityManagementCent.Controllers.RolesController+<GettingRoles>d__3.MoveNext
2019-01-08 20:50:57.3460|0|INFO|AuthorityManagementCent.Controllers.RolesController|用户1(4cc1c21e-9eed-41a8-9107-8c2b89ee03ad) 获取角色列表:
 |url: |action: |AuthorityManagementCent.Controllers.RolesController+<GettingRoles>d__3.MoveNext
2019-01-08 20:51:21.8837|0|INFO|AuthorityManagementCent.Controllers.RolesController|用户1(4cc1c21e-9eed-41a8-9107-8c2b89ee03ad) 获取角色列表:
 |url: |action: |AuthorityManagementCent.Controllers.RolesController+<GettingRoles>d__3.MoveNext
2019-01-08 20:52:18.2329|0|INFO|AuthorityManagementCent.Controllers.RolesController|用户1(4cc1c21e-9eed-41a8-9107-8c2b89ee03ad) 获取角色列表:
 |url: |action: |AuthorityManagementCent.Controllers.RolesController+<GettingRoles>d__3.MoveNext
2019-01-08 20:52:42.9521|0|INFO|AuthorityManagementCent.Controllers.RolesController|用户1(4cc1c21e-9eed-41a8-9107-8c2b89ee03ad) 获取角色列表:
 |url: |action: |AuthorityManagementCent.Controllers.RolesController+<GettingRoles>d__3.MoveNext
2019-01-08 20:52:49.6677|0|INFO|AuthorityManagementCent.Controllers.RolesController|用户1(4cc1c21e-9eed-41a8-9107-8c2b89ee03ad) 获取角色列表:
 |url: |action: |AuthorityManagementCent.Controllers.RolesController+<GettingRoles>d__3.MoveNext
2019-01-08 20:53:03.5130|0|INFO|AuthorityManagementCent.Controllers.RolesController|用户1(4cc1c21e-9eed-41a8-9107-8c2b89ee03ad) 获取角色列表:
 |url: |action: |AuthorityManagementCent.Controllers.RolesController+<GettingRoles>d__3.MoveNext
2019-01-08 20:53:05.3759|0|INFO|AuthorityManagementCent.Controllers.RolesController|用户1(4cc1c21e-9eed-41a8-9107-8c2b89ee03ad) 获取角色列表:
 |url: |action: |AuthorityManagementCent.Controllers.RolesController+<GettingRoles>d__3.MoveNext
2019-01-08 20:53:21.2630|0|INFO|AuthorityManagementCent.Controllers.RolesController|用户1(4cc1c21e-9eed-41a8-9107-8c2b89ee03ad) 获取角色列表:
 |url: |action: |AuthorityManagementCent.Controllers.RolesController+<GettingRoles>d__3.MoveNext
2019-01-08 20:53:35.0869|0|INFO|AuthorityManagementCent.Controllers.RolesController|用户1(4cc1c21e-9eed-41a8-9107-8c2b89ee03ad) 获取角色列表:
 |url: |action: |AuthorityManagementCent.Controllers.RolesController+<GettingRoles>d__3.MoveNext
2019-01-08 20:53:58.3260|0|INFO|AuthorityManagementCent.Controllers.RolesController|用户1(4cc1c21e-9eed-41a8-9107-8c2b89ee03ad) 获取角色列表:
 |url: |action: |AuthorityManagementCent.Controllers.RolesController+<GettingRoles>d__3.MoveNext
2019-01-08 20:54:07.6945|0|INFO|AuthorityManagementCent.Controllers.RolesController|用户1(4cc1c21e-9eed-41a8-9107-8c2b89ee03ad) 获取角色列表:
 |url: |action: |AuthorityManagementCent.Controllers.RolesController+<GettingRoles>d__3.MoveNext
2019-01-08 20:54:16.0125|0|INFO|AuthorityManagementCent.Controllers.RolesController|用户1(4cc1c21e-9eed-41a8-9107-8c2b89ee03ad) 获取角色列表:
 |url: |action: |AuthorityManagementCent.Controllers.RolesController+<GettingRoles>d__3.MoveNext
2019-01-08 20:54:22.1061|0|INFO|AuthorityManagementCent.Controllers.RolesController|用户1(4cc1c21e-9eed-41a8-9107-8c2b89ee03ad) 获取角色列表:
 |url: |action: |AuthorityManagementCent.Controllers.RolesController+<GettingRoles>d__3.MoveNext
2019-01-08 20:55:04.6447|0|INFO|AuthorityManagementCent.Controllers.RolesController|用户1(4cc1c21e-9eed-41a8-9107-8c2b89ee03ad) 获取角色列表:
 |url: |action: |AuthorityManagementCent.Controllers.RolesController+<GettingRoles>d__3.MoveNext
2019-01-08 20:55:37.6050|0|INFO|AuthorityManagementCent.Controllers.RolesController|用户1(4cc1c21e-9eed-41a8-9107-8c2b89ee03ad) 获取角色列表:
 |url: |action: |AuthorityManagementCent.Controllers.RolesController+<GettingRoles>d__3.MoveNext
2019-01-08 20:56:36.9752|0|INFO|AuthorityManagementCent.Controllers.RolesController|用户1(4cc1c21e-9eed-41a8-9107-8c2b89ee03ad) 获取角色列表:
 |url: |action: |AuthorityManagementCent.Controllers.RolesController+<GettingRoles>d__3.MoveNext
2019-01-08 20:56:40.9325|0|INFO|AuthorityManagementCent.Controllers.RolesController|用户1(4cc1c21e-9eed-41a8-9107-8c2b89ee03ad) 获取角色列表:
 |url: |action: |AuthorityManagementCent.Controllers.RolesController+<GettingRoles>d__3.MoveNext
2019-01-08 20:56:58.6022|0|INFO|AuthorityManagementCent.Controllers.RolesController|用户1(4cc1c21e-9eed-41a8-9107-8c2b89ee03ad) 获取角色列表:
 |url: |action: |AuthorityManagementCent.Controllers.RolesController+<GettingRoles>d__3.MoveNext
2019-01-08 20:57:00.3009|0|INFO|AuthorityManagementCent.Controllers.RolesController|用户1(4cc1c21e-9eed-41a8-9107-8c2b89ee03ad) 获取角色列表:
 |url: |action: |AuthorityManagementCent.Controllers.RolesController+<GettingRoles>d__3.MoveNext
2019-01-08 20:59:44.3378|0|INFO|AuthorityManagementCent.Controllers.RolesController|用户1(4cc1c21e-9eed-41a8-9107-8c2b89ee03ad) 获取角色列表:
 |url: |action: |AuthorityManagementCent.Controllers.RolesController+<GettingRoles>d__3.MoveNext
2019-01-08 20:59:57.2021|0|INFO|AuthorityManagementCent.Controllers.RolesController|用户1(4cc1c21e-9eed-41a8-9107-8c2b89ee03ad) 获取角色列表:
 |url: |action: |AuthorityManagementCent.Controllers.RolesController+<GettingRoles>d__3.MoveNext
2019-01-08 21:00:21.3266|0|INFO|AuthorityManagementCent.Controllers.RolesController|用户1(4cc1c21e-9eed-41a8-9107-8c2b89ee03ad) 获取角色列表:
 |url: |action: |AuthorityManagementCent.Controllers.RolesController+<GettingRoles>d__3.MoveNext
2019-01-08 21:00:48.4551|0|INFO|AuthorityManagementCent.Controllers.RolesController|用户1(4cc1c21e-9eed-41a8-9107-8c2b89ee03ad) 获取角色列表:
 |url: |action: |AuthorityManagementCent.Controllers.RolesController+<GettingRoles>d__3.MoveNext
2019-01-08 21:01:42.2672|0|INFO|AuthorityManagementCent.Controllers.RolesController|用户1(4cc1c21e-9eed-41a8-9107-8c2b89ee03ad) 获取角色列表:
 |url: |action: |AuthorityManagementCent.Controllers.RolesController+<GettingRoles>d__3.MoveNext
2019-01-08 21:01:50.8201|0|INFO|AuthorityManagementCent.Controllers.RolesController|用户1(4cc1c21e-9eed-41a8-9107-8c2b89ee03ad) 获取角色列表:
 |url: |action: |AuthorityManagementCent.Controllers.RolesController+<GettingRoles>d__3.MoveNext
