2018-12-20 16:54:57.8739|0|INFO|Microsoft.AspNetCore.DataProtection.KeyManagement.XmlKeyManager|User profile is available. Using 'C:\Users\Administrator\AppData\Local\ASP.NET\DataProtection-Keys' as key repository and Windows DPAPI to encrypt keys at rest. 
2018-12-20 16:55:22.2210|1|INFO|Microsoft.AspNetCore.Hosting.Internal.WebHost|Request starting HTTP/1.1 GET http://localhost:5002/swagger/index.html   
2018-12-20 16:55:23.0854|2|INFO|Microsoft.AspNetCore.Hosting.Internal.WebHost|Request finished in 863.8045ms 200 text/html 
2018-12-20 16:55:23.5197|1|INFO|Microsoft.AspNetCore.Hosting.Internal.WebHost|Request starting HTTP/1.1 GET http://localhost:5002/swagger/v1/swagger.json   
2018-12-20 16:55:23.8331|2|INFO|Microsoft.AspNetCore.Hosting.Internal.WebHost|Request finished in 313.4421ms 200 application/json;charset=utf-8 
2018-12-20 16:55:44.5293|1|INFO|Microsoft.AspNetCore.Hosting.Internal.WebHost|Request starting HTTP/1.1 POST http://localhost:5002/api/Oranizations/add application/json-patch+json 55 
2018-12-20 16:55:44.5489|4|INFO|Microsoft.AspNetCore.Cors.Infrastructure.CorsService|Policy execution successful. 
2018-12-20 16:55:44.5618|3|WARN|Microsoft.AspNetCore.HttpsPolicy.HttpsRedirectionMiddleware|Failed to determine the https port for redirect. 
2018-12-20 16:55:44.6695|1|INFO|Microsoft.AspNetCore.Mvc.Internal.ControllerActionInvoker|Route matched with {action = "PlusOranizatin", controller = "Oranizations"}. Executing action AuthorityManagementCent.Controllers.OranizationsController.PlusOranizatin (AuthorityManagementCent) 
2018-12-20 16:55:44.9359|1|INFO|Microsoft.AspNetCore.Mvc.Infrastructure.ObjectResultExecutor|Executing ObjectResult, writing value of type 'Microsoft.AspNetCore.Mvc.SerializableError'. 
2018-12-20 16:55:44.9459|2|INFO|Microsoft.AspNetCore.Mvc.Internal.ControllerActionInvoker|Executed action AuthorityManagementCent.Controllers.OranizationsController.PlusOranizatin (AuthorityManagementCent) in 273.4934ms 
2018-12-20 16:55:44.9459|2|INFO|Microsoft.AspNetCore.Hosting.Internal.WebHost|Request finished in 417.7635ms 400 application/json; charset=utf-8 
2018-12-20 16:56:27.3394|0|INFO|Microsoft.AspNetCore.DataProtection.KeyManagement.XmlKeyManager|User profile is available. Using 'C:\Users\Administrator\AppData\Local\ASP.NET\DataProtection-Keys' as key repository and Windows DPAPI to encrypt keys at rest. 
2018-12-20 16:56:32.7097|1|INFO|Microsoft.AspNetCore.Hosting.Internal.WebHost|Request starting HTTP/1.1 POST http://localhost:5002/api/Oranizations/add application/json-patch+json 60 
2018-12-20 16:56:32.8648|4|INFO|Microsoft.AspNetCore.Cors.Infrastructure.CorsService|Policy execution successful. 
2018-12-20 16:56:32.8648|3|WARN|Microsoft.AspNetCore.HttpsPolicy.HttpsRedirectionMiddleware|Failed to determine the https port for redirect. 
2018-12-20 16:56:33.0525|1|INFO|Microsoft.AspNetCore.Mvc.Internal.ControllerActionInvoker|Route matched with {action = "PlusOranizatin", controller = "Oranizations"}. Executing action AuthorityManagementCent.Controllers.OranizationsController.PlusOranizatin (AuthorityManagementCent) 
2018-12-20 16:56:33.2579|1|INFO|Microsoft.AspNetCore.Mvc.Internal.ControllerActionInvoker|Executing action method AuthorityManagementCent.Controllers.OranizationsController.PlusOranizatin (AuthorityManagementCent) with arguments (AuthorityManagementCent.Dto.Request.OranizationRequest) - Validation state: Valid 
2018-12-20 16:58:40.7221|0|INFO|Microsoft.AspNetCore.DataProtection.KeyManagement.XmlKeyManager|User profile is available. Using 'C:\Users\Administrator\AppData\Local\ASP.NET\DataProtection-Keys' as key repository and Windows DPAPI to encrypt keys at rest. 
2018-12-20 16:58:49.8315|1|INFO|Microsoft.AspNetCore.Hosting.Internal.WebHost|Request starting HTTP/1.1 GET http://localhost:5002/swagger/index.html   
2018-12-20 16:58:50.0396|2|INFO|Microsoft.AspNetCore.Hosting.Internal.WebHost|Request finished in 208.3803ms 200 text/html 
2018-12-20 16:58:50.5676|1|INFO|Microsoft.AspNetCore.Hosting.Internal.WebHost|Request starting HTTP/1.1 GET http://localhost:5002/swagger/v1/swagger.json   
2018-12-20 16:58:50.5676|1|INFO|Microsoft.AspNetCore.Hosting.Internal.WebHost|Request starting HTTP/1.1 GET http://localhost:5002/swagger/favicon-32x32.png   
2018-12-20 16:58:50.6507|2|INFO|Microsoft.AspNetCore.StaticFiles.StaticFileMiddleware|Sending file. Request path: '/favicon-32x32.png'. Physical path: 'N/A' 
2018-12-20 16:58:50.6507|2|INFO|Microsoft.AspNetCore.Hosting.Internal.WebHost|Request finished in 72.2486ms 200 image/png 
2018-12-20 16:58:50.8145|2|INFO|Microsoft.AspNetCore.Hosting.Internal.WebHost|Request finished in 246.9844ms 200 application/json;charset=utf-8 
2018-12-20 16:59:18.5182|1|INFO|Microsoft.AspNetCore.Hosting.Internal.WebHost|Request starting HTTP/1.1 POST http://localhost:5002/api/Oranizations/add application/json-patch+json 60 
2018-12-20 16:59:18.5317|4|INFO|Microsoft.AspNetCore.Cors.Infrastructure.CorsService|Policy execution successful. 
2018-12-20 16:59:18.5433|3|WARN|Microsoft.AspNetCore.HttpsPolicy.HttpsRedirectionMiddleware|Failed to determine the https port for redirect. 
2018-12-20 16:59:18.6199|1|INFO|Microsoft.AspNetCore.Mvc.Internal.ControllerActionInvoker|Route matched with {action = "PlusOranizatin", controller = "Oranizations"}. Executing action AuthorityManagementCent.Controllers.OranizationsController.PlusOranizatin (AuthorityManagementCent) 
2018-12-20 16:59:18.7884|1|INFO|Microsoft.AspNetCore.Mvc.Internal.ControllerActionInvoker|Executing action method AuthorityManagementCent.Controllers.OranizationsController.PlusOranizatin (AuthorityManagementCent) with arguments (AuthorityManagementCent.Dto.Request.OranizationRequest) - Validation state: Valid 
2018-12-20 16:59:34.4941|10403|INFO|Microsoft.EntityFrameworkCore.Infrastructure|Entity Framework Core 2.1.4-rtm-31024 initialized 'ModelContext' using provider 'MySql.Data.EntityFrameworkCore' with options: None 
2018-12-20 16:59:35.3470|20102|ERROR|Microsoft.EntityFrameworkCore.Database.Command|Failed executing DbCommand (30ms) [Parameters=[@p0='?' (Size = -1), @p1='?' (DbType = DateTime), @p2='?' (Size = -1), @p3='?' (DbType = DateTime), @p4='?' (Size = -1), @p5='?' (DbType = Int16), @p6='?' (Size = -1), @p7='?' (Size = -1), @p8='?' (Size = -1)], CommandType='Text', CommandTimeout='30']
INSERT INTO `organizations` (`Id`, `CreateTime`, `CreateUser`, `DeleteTime`, `DeleteUser`, `IsDeleted`, `OrganizationName`, `ParentId`, `Phone`)
VALUES (@p0, @p1, @p2, @p3, @p4, @p5, @p6, @p7, @p8); MySql.Data.MySqlClient.MySqlException (0x80004005): Field 'Sort' doesn't have a default value
   at MySql.Data.MySqlClient.MySqlStream.ReadPacket()
   at MySql.Data.MySqlClient.NativeDriver.GetResult(Int32& affectedRow, Int64& insertedId)
   at MySql.Data.MySqlClient.Driver.NextResult(Int32 statementId, Boolean force)
   at MySql.Data.MySqlClient.MySqlDataReader.NextResult()
   at MySql.Data.MySqlClient.MySqlCommand.ExecuteReader(CommandBehavior behavior)
   at System.Data.Common.DbCommand.ExecuteDbDataReaderAsync(CommandBehavior behavior, CancellationToken cancellationToken)
--- End of stack trace from previous location where exception was thrown ---
   at Microsoft.EntityFrameworkCore.Storage.Internal.RelationalCommand.ExecuteAsync(IRelationalConnection connection, DbCommandMethod executeMethod, IReadOnlyDictionary`2 parameterValues, CancellationToken cancellationToken)
2018-12-20 16:59:35.4289|10000|ERROR|Microsoft.EntityFrameworkCore.Update|An exception occurred in the database while saving changes for context type 'AuthorityManagementCent.Model.ModelContext'.
Microsoft.EntityFrameworkCore.DbUpdateException: An error occurred while updating the entries. See the inner exception for details. ---> MySql.Data.MySqlClient.MySqlException: Field 'Sort' doesn't have a default value
   at MySql.Data.MySqlClient.MySqlStream.ReadPacket()
   at MySql.Data.MySqlClient.NativeDriver.GetResult(Int32& affectedRow, Int64& insertedId)
   at MySql.Data.MySqlClient.Driver.NextResult(Int32 statementId, Boolean force)
   at MySql.Data.MySqlClient.MySqlDataReader.NextResult()
   at MySql.Data.MySqlClient.MySqlCommand.ExecuteReader(CommandBehavior behavior)
   at System.Data.Common.DbCommand.ExecuteDbDataReaderAsync(CommandBehavior behavior, CancellationToken cancellationToken)
--- End of stack trace from previous location where exception was thrown ---
   at Microsoft.EntityFrameworkCore.Storage.Internal.RelationalCommand.ExecuteAsync(IRelationalConnection connection, DbCommandMethod executeMethod, IReadOnlyDictionary`2 parameterValues, CancellationToken cancellationToken)
   at Microsoft.EntityFrameworkCore.Update.ReaderModificationCommandBatch.ExecuteAsync(IRelationalConnection connection, CancellationToken cancellationToken)
   --- End of inner exception stack trace ---
   at Microsoft.EntityFrameworkCore.Update.ReaderModificationCommandBatch.ExecuteAsync(IRelationalConnection connection, CancellationToken cancellationToken)
   at Microsoft.EntityFrameworkCore.Update.Internal.BatchExecutor.ExecuteAsync(DbContext _, ValueTuple`2 parameters, CancellationToken cancellationToken)
   at Microsoft.EntityFrameworkCore.ChangeTracking.Internal.StateManager.SaveChangesAsync(IReadOnlyList`1 entriesToSave, CancellationToken cancellationToken)
   at Microsoft.EntityFrameworkCore.ChangeTracking.Internal.StateManager.SaveChangesAsync(Boolean acceptAllChangesOnSuccess, CancellationToken cancellationToken)
   at Microsoft.EntityFrameworkCore.DbContext.SaveChangesAsync(Boolean acceptAllChangesOnSuccess, CancellationToken cancellationToken) Microsoft.EntityFrameworkCore.DbUpdateException: An error occurred while updating the entries. See the inner exception for details. ---> MySql.Data.MySqlClient.MySqlException: Field 'Sort' doesn't have a default value
   at MySql.Data.MySqlClient.MySqlStream.ReadPacket()
   at MySql.Data.MySqlClient.NativeDriver.GetResult(Int32& affectedRow, Int64& insertedId)
   at MySql.Data.MySqlClient.Driver.NextResult(Int32 statementId, Boolean force)
   at MySql.Data.MySqlClient.MySqlDataReader.NextResult()
   at MySql.Data.MySqlClient.MySqlCommand.ExecuteReader(CommandBehavior behavior)
   at System.Data.Common.DbCommand.ExecuteDbDataReaderAsync(CommandBehavior behavior, CancellationToken cancellationToken)
--- End of stack trace from previous location where exception was thrown ---
   at Microsoft.EntityFrameworkCore.Storage.Internal.RelationalCommand.ExecuteAsync(IRelationalConnection connection, DbCommandMethod executeMethod, IReadOnlyDictionary`2 parameterValues, CancellationToken cancellationToken)
   at Microsoft.EntityFrameworkCore.Update.ReaderModificationCommandBatch.ExecuteAsync(IRelationalConnection connection, CancellationToken cancellationToken)
   --- End of inner exception stack trace ---
   at Microsoft.EntityFrameworkCore.Update.ReaderModificationCommandBatch.ExecuteAsync(IRelationalConnection connection, CancellationToken cancellationToken)
   at Microsoft.EntityFrameworkCore.Update.Internal.BatchExecutor.ExecuteAsync(DbContext _, ValueTuple`2 parameters, CancellationToken cancellationToken)
   at Microsoft.EntityFrameworkCore.ChangeTracking.Internal.StateManager.SaveChangesAsync(IReadOnlyList`1 entriesToSave, CancellationToken cancellationToken)
   at Microsoft.EntityFrameworkCore.ChangeTracking.Internal.StateManager.SaveChangesAsync(Boolean acceptAllChangesOnSuccess, CancellationToken cancellationToken)
   at Microsoft.EntityFrameworkCore.DbContext.SaveChangesAsync(Boolean acceptAllChangesOnSuccess, CancellationToken cancellationToken)
2018-12-20 17:00:48.4898|2|INFO|Microsoft.AspNetCore.Mvc.Internal.ControllerActionInvoker|Executed action method AuthorityManagementCent.Controllers.OranizationsController.PlusOranizatin (AuthorityManagementCent), returned result Microsoft.AspNetCore.Mvc.ObjectResult in 89698.4311ms. 
2018-12-20 17:00:48.4898|1|INFO|Microsoft.AspNetCore.Mvc.Infrastructure.ObjectResultExecutor|Executing ObjectResult, writing value of type 'AuthorityManagementCent.Dto.Common.ResponseMessage'. 
2018-12-20 17:00:48.5200|2|INFO|Microsoft.AspNetCore.Mvc.Internal.ControllerActionInvoker|Executed action AuthorityManagementCent.Controllers.OranizationsController.PlusOranizatin (AuthorityManagementCent) in 89896.6803ms 
2018-12-20 17:00:48.5222|2|INFO|Microsoft.AspNetCore.Hosting.Internal.WebHost|Request finished in 90003.942ms 200 application/json; charset=utf-8 
2018-12-20 17:00:52.3845|1|INFO|Microsoft.AspNetCore.Hosting.Internal.WebHost|Request starting HTTP/1.1 POST http://localhost:5002/api/Oranizations/add application/json-patch+json 60 
2018-12-20 17:00:52.3845|4|INFO|Microsoft.AspNetCore.Cors.Infrastructure.CorsService|Policy execution successful. 
2018-12-20 17:00:52.3845|1|INFO|Microsoft.AspNetCore.Mvc.Internal.ControllerActionInvoker|Route matched with {action = "PlusOranizatin", controller = "Oranizations"}. Executing action AuthorityManagementCent.Controllers.OranizationsController.PlusOranizatin (AuthorityManagementCent) 
2018-12-20 17:00:52.3845|1|INFO|Microsoft.AspNetCore.Mvc.Internal.ControllerActionInvoker|Executing action method AuthorityManagementCent.Controllers.OranizationsController.PlusOranizatin (AuthorityManagementCent) with arguments (AuthorityManagementCent.Dto.Request.OranizationRequest) - Validation state: Valid 
2018-12-20 17:00:58.5281|10403|INFO|Microsoft.EntityFrameworkCore.Infrastructure|Entity Framework Core 2.1.4-rtm-31024 initialized 'ModelContext' using provider 'MySql.Data.EntityFrameworkCore' with options: None 
2018-12-20 17:00:58.5589|20101|INFO|Microsoft.EntityFrameworkCore.Database.Command|Executed DbCommand (25ms) [Parameters=[@p0='?' (Size = -1), @p1='?' (DbType = DateTime), @p2='?' (Size = -1), @p3='?' (DbType = DateTime), @p4='?' (Size = -1), @p5='?' (DbType = Int16), @p6='?' (Size = -1), @p7='?' (Size = -1), @p8='?' (Size = -1)], CommandType='Text', CommandTimeout='30']
INSERT INTO `organizations` (`Id`, `CreateTime`, `CreateUser`, `DeleteTime`, `DeleteUser`, `IsDeleted`, `OrganizationName`, `ParentId`, `Phone`)
VALUES (@p0, @p1, @p2, @p3, @p4, @p5, @p6, @p7, @p8); 
2018-12-20 17:01:03.0471|2|INFO|Microsoft.AspNetCore.Mvc.Internal.ControllerActionInvoker|Executed action method AuthorityManagementCent.Controllers.OranizationsController.PlusOranizatin (AuthorityManagementCent), returned result Microsoft.AspNetCore.Mvc.ObjectResult in 10654.095ms. 
2018-12-20 17:01:03.0471|1|INFO|Microsoft.AspNetCore.Mvc.Infrastructure.ObjectResultExecutor|Executing ObjectResult, writing value of type 'AuthorityManagementCent.Dto.Common.ResponseMessage'. 
2018-12-20 17:01:05.3263|2|INFO|Microsoft.AspNetCore.Mvc.Internal.ControllerActionInvoker|Executed action AuthorityManagementCent.Controllers.OranizationsController.PlusOranizatin (AuthorityManagementCent) in 12935.8293ms 
2018-12-20 17:01:05.3263|2|INFO|Microsoft.AspNetCore.Hosting.Internal.WebHost|Request finished in 12943.0444ms 200 application/json; charset=utf-8 
2018-12-20 17:02:09.3521|0|INFO|Microsoft.AspNetCore.DataProtection.KeyManagement.XmlKeyManager|User profile is available. Using 'C:\Users\Administrator\AppData\Local\ASP.NET\DataProtection-Keys' as key repository and Windows DPAPI to encrypt keys at rest. 
2018-12-20 17:02:09.9698|1|INFO|Microsoft.AspNetCore.Hosting.Internal.WebHost|Request starting HTTP/1.1 POST http://localhost:5002/api/Oranizations/add application/json-patch+json 60 
2018-12-20 17:02:10.0928|4|INFO|Microsoft.AspNetCore.Cors.Infrastructure.CorsService|Policy execution successful. 
2018-12-20 17:02:10.1026|3|WARN|Microsoft.AspNetCore.HttpsPolicy.HttpsRedirectionMiddleware|Failed to determine the https port for redirect. 
2018-12-20 17:02:10.2721|1|INFO|Microsoft.AspNetCore.Mvc.Internal.ControllerActionInvoker|Route matched with {action = "PlusOranizatin", controller = "Oranizations"}. Executing action AuthorityManagementCent.Controllers.OranizationsController.PlusOranizatin (AuthorityManagementCent) 
2018-12-20 17:02:10.4802|1|INFO|Microsoft.AspNetCore.Mvc.Internal.ControllerActionInvoker|Executing action method AuthorityManagementCent.Controllers.OranizationsController.PlusOranizatin (AuthorityManagementCent) with arguments (AuthorityManagementCent.Dto.Request.OranizationRequest) - Validation state: Valid 
2018-12-20 17:02:10.6964|10403|INFO|Microsoft.EntityFrameworkCore.Infrastructure|Entity Framework Core 2.1.4-rtm-31024 initialized 'ModelContext' using provider 'MySql.Data.EntityFrameworkCore' with options: None 
2018-12-20 17:02:11.1819|20101|INFO|Microsoft.EntityFrameworkCore.Database.Command|Executed DbCommand (28ms) [Parameters=[@p0='?' (Size = -1), @p1='?' (DbType = DateTime), @p2='?' (Size = -1), @p3='?' (DbType = DateTime), @p4='?' (Size = -1), @p5='?' (DbType = Int16), @p6='?' (Size = -1), @p7='?' (Size = -1), @p8='?' (Size = -1)], CommandType='Text', CommandTimeout='30']
INSERT INTO `organizations` (`Id`, `CreateTime`, `CreateUser`, `DeleteTime`, `DeleteUser`, `IsDeleted`, `OrganizationName`, `ParentId`, `Phone`)
VALUES (@p0, @p1, @p2, @p3, @p4, @p5, @p6, @p7, @p8); 
2018-12-20 17:02:11.2751|2|INFO|Microsoft.AspNetCore.Mvc.Internal.ControllerActionInvoker|Executed action method AuthorityManagementCent.Controllers.OranizationsController.PlusOranizatin (AuthorityManagementCent), returned result Microsoft.AspNetCore.Mvc.ObjectResult in 792.0821ms. 
2018-12-20 17:02:11.2751|1|INFO|Microsoft.AspNetCore.Mvc.Infrastructure.ObjectResultExecutor|Executing ObjectResult, writing value of type 'AuthorityManagementCent.Dto.Common.ResponseMessage'. 
2018-12-20 17:02:11.2984|2|INFO|Microsoft.AspNetCore.Mvc.Internal.ControllerActionInvoker|Executed action AuthorityManagementCent.Controllers.OranizationsController.PlusOranizatin (AuthorityManagementCent) in 1023.1362ms 
2018-12-20 17:02:11.3054|2|INFO|Microsoft.AspNetCore.Hosting.Internal.WebHost|Request finished in 1335.9592ms 200 application/json; charset=utf-8 
2018-12-20 17:19:01.2991|0|INFO|Microsoft.AspNetCore.DataProtection.KeyManagement.XmlKeyManager|User profile is available. Using 'C:\Users\Administrator\AppData\Local\ASP.NET\DataProtection-Keys' as key repository and Windows DPAPI to encrypt keys at rest. 
2018-12-20 17:19:05.7881|1|INFO|Microsoft.AspNetCore.Hosting.Internal.WebHost|Request starting HTTP/1.1 GET http://localhost:5002/swagger/index.html   
2018-12-20 17:19:06.0549|2|INFO|Microsoft.AspNetCore.Hosting.Internal.WebHost|Request finished in 265.9206ms 200 text/html 
2018-12-20 17:19:06.3796|1|INFO|Microsoft.AspNetCore.Hosting.Internal.WebHost|Request starting HTTP/1.1 GET http://localhost:5002/swagger/v1/swagger.json   
2018-12-20 17:19:06.3912|1|INFO|Microsoft.AspNetCore.Hosting.Internal.WebHost|Request starting HTTP/1.1 GET http://localhost:5002/swagger/favicon-32x32.png   
2018-12-20 17:19:06.4500|2|INFO|Microsoft.AspNetCore.StaticFiles.StaticFileMiddleware|Sending file. Request path: '/favicon-32x32.png'. Physical path: 'N/A' 
2018-12-20 17:19:06.4500|2|INFO|Microsoft.AspNetCore.Hosting.Internal.WebHost|Request finished in 62.1657ms 200 image/png 
2018-12-20 17:19:06.7004|2|INFO|Microsoft.AspNetCore.Hosting.Internal.WebHost|Request finished in 320.7903ms 200 application/json;charset=utf-8 
2018-12-20 17:44:15.6620|1|INFO|Microsoft.AspNetCore.Hosting.Internal.WebHost|Request starting HTTP/1.1 OPTIONS http://localhost:5002/api/Oranizations/add   
2018-12-20 17:44:15.6982|4|INFO|Microsoft.AspNetCore.Cors.Infrastructure.CorsService|Policy execution successful. 
2018-12-20 17:44:15.6982|2|INFO|Microsoft.AspNetCore.Hosting.Internal.WebHost|Request finished in 38.4379ms 204  
2018-12-20 17:44:15.7118|1|INFO|Microsoft.AspNetCore.Hosting.Internal.WebHost|Request starting HTTP/1.1 POST http://localhost:5002/api/Oranizations/add application/json 53 
2018-12-20 17:44:15.7118|4|INFO|Microsoft.AspNetCore.Cors.Infrastructure.CorsService|Policy execution successful. 
2018-12-20 17:44:15.7296|3|WARN|Microsoft.AspNetCore.HttpsPolicy.HttpsRedirectionMiddleware|Failed to determine the https port for redirect. 
2018-12-20 17:44:15.8638|1|INFO|Microsoft.AspNetCore.Mvc.Internal.ControllerActionInvoker|Route matched with {action = "PlusOranizatin", controller = "Oranizations"}. Executing action AuthorityManagementCent.Controllers.OranizationsController.PlusOranizatin (AuthorityManagementCent) 
2018-12-20 17:44:16.1722|1|INFO|Microsoft.AspNetCore.Mvc.Internal.ControllerActionInvoker|Executing action method AuthorityManagementCent.Controllers.OranizationsController.PlusOranizatin (AuthorityManagementCent) with arguments (AuthorityManagementCent.Dto.Request.OranizationRequest) - Validation state: Valid 
2018-12-20 17:44:16.4704|10403|INFO|Microsoft.EntityFrameworkCore.Infrastructure|Entity Framework Core 2.1.4-rtm-31024 initialized 'ModelContext' using provider 'MySql.Data.EntityFrameworkCore' with options: None 
2018-12-20 17:44:17.0888|20101|INFO|Microsoft.EntityFrameworkCore.Database.Command|Executed DbCommand (23ms) [Parameters=[@p0='?' (Size = -1), @p1='?' (DbType = DateTime), @p2='?' (Size = -1), @p3='?' (DbType = DateTime), @p4='?' (Size = -1), @p5='?' (DbType = Int16), @p6='?' (Size = -1), @p7='?' (Size = -1), @p8='?' (Size = -1)], CommandType='Text', CommandTimeout='30']
INSERT INTO `organizations` (`Id`, `CreateTime`, `CreateUser`, `DeleteTime`, `DeleteUser`, `IsDeleted`, `OrganizationName`, `ParentId`, `Phone`)
VALUES (@p0, @p1, @p2, @p3, @p4, @p5, @p6, @p7, @p8); 
2018-12-20 17:44:17.2415|2|INFO|Microsoft.AspNetCore.Mvc.Internal.ControllerActionInvoker|Executed action method AuthorityManagementCent.Controllers.OranizationsController.PlusOranizatin (AuthorityManagementCent), returned result Microsoft.AspNetCore.Mvc.ObjectResult in 1066.42ms. 
2018-12-20 17:44:17.2415|1|INFO|Microsoft.AspNetCore.Mvc.Infrastructure.ObjectResultExecutor|Executing ObjectResult, writing value of type 'AuthorityManagementCent.Dto.Common.ResponseMessage'. 
2018-12-20 17:44:17.2599|2|INFO|Microsoft.AspNetCore.Mvc.Internal.ControllerActionInvoker|Executed action AuthorityManagementCent.Controllers.OranizationsController.PlusOranizatin (AuthorityManagementCent) in 1392.898ms 
2018-12-20 17:44:17.2599|2|INFO|Microsoft.AspNetCore.Hosting.Internal.WebHost|Request finished in 1549.3233ms 200 application/json; charset=utf-8 
2018-12-20 17:49:39.6574|0|INFO|Microsoft.AspNetCore.DataProtection.KeyManagement.XmlKeyManager|User profile is available. Using 'C:\Users\Administrator\AppData\Local\ASP.NET\DataProtection-Keys' as key repository and Windows DPAPI to encrypt keys at rest. 
2018-12-20 17:49:54.1753|1|INFO|Microsoft.AspNetCore.Hosting.Internal.WebHost|Request starting HTTP/1.1 GET http://localhost:5002/swagger/index.html   
2018-12-20 17:49:54.4379|2|INFO|Microsoft.AspNetCore.Hosting.Internal.WebHost|Request finished in 263.1053ms 200 text/html 
2018-12-20 17:49:54.7658|1|INFO|Microsoft.AspNetCore.Hosting.Internal.WebHost|Request starting HTTP/1.1 GET http://localhost:5002/swagger/v1/swagger.json   
2018-12-20 17:49:54.7730|1|INFO|Microsoft.AspNetCore.Hosting.Internal.WebHost|Request starting HTTP/1.1 GET http://localhost:5002/swagger/favicon-32x32.png   
2018-12-20 17:49:54.8271|2|INFO|Microsoft.AspNetCore.StaticFiles.StaticFileMiddleware|Sending file. Request path: '/favicon-32x32.png'. Physical path: 'N/A' 
2018-12-20 17:49:54.8271|2|INFO|Microsoft.AspNetCore.Hosting.Internal.WebHost|Request finished in 54.8536ms 200 image/png 
2018-12-20 17:49:55.0212|2|INFO|Microsoft.AspNetCore.Hosting.Internal.WebHost|Request finished in 255.4154ms 200 application/json;charset=utf-8 
2018-12-20 17:49:59.6135|1|INFO|Microsoft.AspNetCore.Hosting.Internal.WebHost|Request starting HTTP/1.1 POST http://localhost:5002/api/Oranizations/add application/json-patch+json 79 
2018-12-20 17:49:59.6230|4|INFO|Microsoft.AspNetCore.Cors.Infrastructure.CorsService|Policy execution successful. 
2018-12-20 17:49:59.6350|3|WARN|Microsoft.AspNetCore.HttpsPolicy.HttpsRedirectionMiddleware|Failed to determine the https port for redirect. 
2018-12-20 17:49:59.7285|1|INFO|Microsoft.AspNetCore.Mvc.Internal.ControllerActionInvoker|Route matched with {action = "PlusOranizatin", controller = "Oranizations"}. Executing action AuthorityManagementCent.Controllers.OranizationsController.PlusOranizatin (AuthorityManagementCent) 
2018-12-20 17:49:59.8960|1|INFO|Microsoft.AspNetCore.Mvc.Infrastructure.ObjectResultExecutor|Executing ObjectResult, writing value of type 'Microsoft.AspNetCore.Mvc.SerializableError'. 
2018-12-20 17:49:59.8960|2|INFO|Microsoft.AspNetCore.Mvc.Internal.ControllerActionInvoker|Executed action AuthorityManagementCent.Controllers.OranizationsController.PlusOranizatin (AuthorityManagementCent) in 174.4705ms 
2018-12-20 17:49:59.8960|2|INFO|Microsoft.AspNetCore.Hosting.Internal.WebHost|Request finished in 293.6881ms 400 application/json; charset=utf-8 
2018-12-20 17:50:23.4088|1|INFO|Microsoft.AspNetCore.Hosting.Internal.WebHost|Request starting HTTP/1.1 OPTIONS http://localhost:5002/api/Oranizations/add   
2018-12-20 17:50:23.4088|4|INFO|Microsoft.AspNetCore.Cors.Infrastructure.CorsService|Policy execution successful. 
2018-12-20 17:50:23.4229|2|INFO|Microsoft.AspNetCore.Hosting.Internal.WebHost|Request finished in 14.1175ms 204  
2018-12-20 17:50:23.4229|1|INFO|Microsoft.AspNetCore.Hosting.Internal.WebHost|Request starting HTTP/1.1 POST http://localhost:5002/api/Oranizations/add application/json 54 
2018-12-20 17:50:23.4278|4|INFO|Microsoft.AspNetCore.Cors.Infrastructure.CorsService|Policy execution successful. 
2018-12-20 17:50:23.4278|1|INFO|Microsoft.AspNetCore.Mvc.Internal.ControllerActionInvoker|Route matched with {action = "PlusOranizatin", controller = "Oranizations"}. Executing action AuthorityManagementCent.Controllers.OranizationsController.PlusOranizatin (AuthorityManagementCent) 
2018-12-20 17:50:23.4278|1|INFO|Microsoft.AspNetCore.Mvc.Infrastructure.ObjectResultExecutor|Executing ObjectResult, writing value of type 'Microsoft.AspNetCore.Mvc.SerializableError'. 
2018-12-20 17:50:23.4278|2|INFO|Microsoft.AspNetCore.Mvc.Internal.ControllerActionInvoker|Executed action AuthorityManagementCent.Controllers.OranizationsController.PlusOranizatin (AuthorityManagementCent) in 3.9567ms 
2018-12-20 17:50:23.4278|2|INFO|Microsoft.AspNetCore.Hosting.Internal.WebHost|Request finished in 13.4393ms 400 application/json; charset=utf-8 
2018-12-20 17:50:53.7222|1|INFO|Microsoft.AspNetCore.Hosting.Internal.WebHost|Request starting HTTP/1.1 OPTIONS http://localhost:5002/api/Oranizations/add   
2018-12-20 17:50:53.7295|4|INFO|Microsoft.AspNetCore.Cors.Infrastructure.CorsService|Policy execution successful. 
2018-12-20 17:50:53.7295|2|INFO|Microsoft.AspNetCore.Hosting.Internal.WebHost|Request finished in 8.0076ms 204  
2018-12-20 17:50:53.7424|1|INFO|Microsoft.AspNetCore.Hosting.Internal.WebHost|Request starting HTTP/1.1 POST http://localhost:5002/api/Oranizations/add application/json 53 
2018-12-20 17:50:53.7424|4|INFO|Microsoft.AspNetCore.Cors.Infrastructure.CorsService|Policy execution successful. 
2018-12-20 17:50:53.7424|1|INFO|Microsoft.AspNetCore.Mvc.Internal.ControllerActionInvoker|Route matched with {action = "PlusOranizatin", controller = "Oranizations"}. Executing action AuthorityManagementCent.Controllers.OranizationsController.PlusOranizatin (AuthorityManagementCent) 
2018-12-20 17:50:53.7424|1|INFO|Microsoft.AspNetCore.Mvc.Internal.ControllerActionInvoker|Executing action method AuthorityManagementCent.Controllers.OranizationsController.PlusOranizatin (AuthorityManagementCent) with arguments (AuthorityManagementCent.Dto.Request.OranizationRequest) - Validation state: Valid 
2018-12-20 17:50:53.9787|10403|INFO|Microsoft.EntityFrameworkCore.Infrastructure|Entity Framework Core 2.1.4-rtm-31024 initialized 'ModelContext' using provider 'MySql.Data.EntityFrameworkCore' with options: None 
2018-12-20 17:50:54.4772|20101|INFO|Microsoft.EntityFrameworkCore.Database.Command|Executed DbCommand (12ms) [Parameters=[@p0='?' (Size = -1), @p1='?' (DbType = DateTime), @p2='?' (Size = -1), @p3='?' (DbType = DateTime), @p4='?' (Size = -1), @p5='?' (DbType = Int16), @p6='?' (Size = -1), @p7='?' (Size = -1), @p8='?' (Size = -1)], CommandType='Text', CommandTimeout='30']
INSERT INTO `organizations` (`Id`, `CreateTime`, `CreateUser`, `DeleteTime`, `DeleteUser`, `IsDeleted`, `OrganizationName`, `ParentId`, `Phone`)
VALUES (@p0, @p1, @p2, @p3, @p4, @p5, @p6, @p7, @p8); 
2018-12-20 17:50:54.5533|2|INFO|Microsoft.AspNetCore.Mvc.Internal.ControllerActionInvoker|Executed action method AuthorityManagementCent.Controllers.OranizationsController.PlusOranizatin (AuthorityManagementCent), returned result Microsoft.AspNetCore.Mvc.ObjectResult in 798.5924ms. 
2018-12-20 17:50:54.5533|1|INFO|Microsoft.AspNetCore.Mvc.Infrastructure.ObjectResultExecutor|Executing ObjectResult, writing value of type 'AuthorityManagementCent.Dto.Common.ResponseMessage'. 
2018-12-20 17:50:54.5533|2|INFO|Microsoft.AspNetCore.Mvc.Internal.ControllerActionInvoker|Executed action AuthorityManagementCent.Controllers.OranizationsController.PlusOranizatin (AuthorityManagementCent) in 810.453ms 
2018-12-20 17:50:54.5533|2|INFO|Microsoft.AspNetCore.Hosting.Internal.WebHost|Request finished in 814.6262ms 200 application/json; charset=utf-8 
2018-12-20 19:02:30.2347|1|INFO|Microsoft.AspNetCore.Hosting.Internal.WebHost|Request starting HTTP/1.1 OPTIONS http://localhost:5002/api/Token/token   
2018-12-20 19:02:30.3665|4|INFO|Microsoft.AspNetCore.Cors.Infrastructure.CorsService|Policy execution successful. 
2018-12-20 19:02:30.3665|2|INFO|Microsoft.AspNetCore.Hosting.Internal.WebHost|Request finished in 150.5645ms 204  
2018-12-20 19:02:30.4140|1|INFO|Microsoft.AspNetCore.Hosting.Internal.WebHost|Request starting HTTP/1.1 POST http://localhost:5002/api/Token/token application/json 31 
2018-12-20 19:02:30.4140|4|INFO|Microsoft.AspNetCore.Cors.Infrastructure.CorsService|Policy execution successful. 
2018-12-20 19:02:30.6541|1|INFO|Microsoft.AspNetCore.Mvc.Internal.ControllerActionInvoker|Route matched with {action = "Tokens", controller = "Token"}. Executing action AuthorityManagementCent.Controllers.TokenController.Tokens (AuthorityManagementCent) 
2018-12-20 19:02:30.7387|1|INFO|Microsoft.AspNetCore.Mvc.Internal.ControllerActionInvoker|Executing action method AuthorityManagementCent.Controllers.TokenController.Tokens (AuthorityManagementCent) with arguments (AuthorityManagementCent.Dto.Request.UsersRequest) - Validation state: Valid 
2018-12-20 19:02:30.7639|0|INFO|AuthorityManagementCent.Controllers.TokenController|1获取Token中。 
2018-12-20 19:02:30.9574|10403|INFO|Microsoft.EntityFrameworkCore.Infrastructure|Entity Framework Core 2.1.4-rtm-31024 initialized 'ModelContext' using provider 'MySql.Data.EntityFrameworkCore' with options: None 
2018-12-20 19:02:32.2751|20101|INFO|Microsoft.EntityFrameworkCore.Database.Command|Executed DbCommand (257ms) [Parameters=[@__users_userName_0='?' (Size = -1)], CommandType='Text', CommandTimeout='30']
SELECT `u`.`Id`, `u`.`CreateTime`, `u`.`CreateUser`, `u`.`DeleteTime`, `u`.`DeleteUser`, `u`.`IsDeleted`, `u`.`OrganizationId`, `u`.`ParentId`, `u`.`PasswordHash`, `u`.`PhoneNumber`, `u`.`Sex`, `u`.`TrueName`, `u`.`UserName`
FROM `identityuser` AS `u`
WHERE (`u`.`UserName` = @__users_userName_0) AND (`u`.`IsDeleted` = 0)
LIMIT 1 
2018-12-20 19:02:32.3277|2|INFO|Microsoft.AspNetCore.Mvc.Internal.ControllerActionInvoker|Executed action method AuthorityManagementCent.Controllers.TokenController.Tokens (AuthorityManagementCent), returned result Microsoft.AspNetCore.Mvc.ObjectResult in 1587.51ms. 
2018-12-20 19:02:32.3277|1|INFO|Microsoft.AspNetCore.Mvc.Infrastructure.ObjectResultExecutor|Executing ObjectResult, writing value of type 'AuthorityManagementCent.Dto.Common.ResponseMessage`1[[System.String, System.Private.CoreLib, Version=4.0.0.0, Culture=neutral, PublicKeyToken=7cec85d7bea7798e]]'. 
2018-12-20 19:02:32.3357|2|INFO|Microsoft.AspNetCore.Mvc.Internal.ControllerActionInvoker|Executed action AuthorityManagementCent.Controllers.TokenController.Tokens (AuthorityManagementCent) in 1680.8603ms 
2018-12-20 19:02:32.3357|2|INFO|Microsoft.AspNetCore.Hosting.Internal.WebHost|Request finished in 1925.5623ms 200 application/json; charset=utf-8 
2018-12-20 19:02:38.1798|1|INFO|Microsoft.AspNetCore.Hosting.Internal.WebHost|Request starting HTTP/1.1 OPTIONS http://localhost:5002/api/Token/token   
2018-12-20 19:02:38.2101|4|INFO|Microsoft.AspNetCore.Cors.Infrastructure.CorsService|Policy execution successful. 
2018-12-20 19:02:38.2101|2|INFO|Microsoft.AspNetCore.Hosting.Internal.WebHost|Request finished in 31.6071ms 204  
2018-12-20 19:02:38.2101|1|INFO|Microsoft.AspNetCore.Hosting.Internal.WebHost|Request starting HTTP/1.1 POST http://localhost:5002/api/Token/token application/json 31 
2018-12-20 19:02:38.2101|4|INFO|Microsoft.AspNetCore.Cors.Infrastructure.CorsService|Policy execution successful. 
2018-12-20 19:02:38.2101|1|INFO|Microsoft.AspNetCore.Mvc.Internal.ControllerActionInvoker|Route matched with {action = "Tokens", controller = "Token"}. Executing action AuthorityManagementCent.Controllers.TokenController.Tokens (AuthorityManagementCent) 
2018-12-20 19:02:38.2101|1|INFO|Microsoft.AspNetCore.Mvc.Internal.ControllerActionInvoker|Executing action method AuthorityManagementCent.Controllers.TokenController.Tokens (AuthorityManagementCent) with arguments (AuthorityManagementCent.Dto.Request.UsersRequest) - Validation state: Valid 
2018-12-20 19:02:38.2246|0|INFO|AuthorityManagementCent.Controllers.TokenController|1获取Token中。 
2018-12-20 19:02:38.2246|10403|INFO|Microsoft.EntityFrameworkCore.Infrastructure|Entity Framework Core 2.1.4-rtm-31024 initialized 'ModelContext' using provider 'MySql.Data.EntityFrameworkCore' with options: None 
2018-12-20 19:02:38.2246|20101|INFO|Microsoft.EntityFrameworkCore.Database.Command|Executed DbCommand (1ms) [Parameters=[@__users_userName_0='?' (Size = -1)], CommandType='Text', CommandTimeout='30']
SELECT `u`.`Id`, `u`.`CreateTime`, `u`.`CreateUser`, `u`.`DeleteTime`, `u`.`DeleteUser`, `u`.`IsDeleted`, `u`.`OrganizationId`, `u`.`ParentId`, `u`.`PasswordHash`, `u`.`PhoneNumber`, `u`.`Sex`, `u`.`TrueName`, `u`.`UserName`
FROM `identityuser` AS `u`
WHERE (`u`.`UserName` = @__users_userName_0) AND (`u`.`IsDeleted` = 0)
LIMIT 1 
2018-12-20 19:02:38.6608|2|INFO|Microsoft.AspNetCore.Mvc.Internal.ControllerActionInvoker|Executed action method AuthorityManagementCent.Controllers.TokenController.Tokens (AuthorityManagementCent), returned result Microsoft.AspNetCore.Mvc.ObjectResult in 436.2119ms. 
2018-12-20 19:02:38.6615|1|INFO|Microsoft.AspNetCore.Mvc.Infrastructure.ObjectResultExecutor|Executing ObjectResult, writing value of type 'AuthorityManagementCent.Dto.Common.ResponseMessage`1[[System.String, System.Private.CoreLib, Version=4.0.0.0, Culture=neutral, PublicKeyToken=7cec85d7bea7798e]]'. 
2018-12-20 19:02:38.6615|2|INFO|Microsoft.AspNetCore.Mvc.Internal.ControllerActionInvoker|Executed action AuthorityManagementCent.Controllers.TokenController.Tokens (AuthorityManagementCent) in 441.4517ms 
2018-12-20 19:02:38.6615|2|INFO|Microsoft.AspNetCore.Hosting.Internal.WebHost|Request finished in 448.5002ms 200 application/json; charset=utf-8 
2018-12-20 21:32:09.2948|0|INFO|Microsoft.AspNetCore.DataProtection.KeyManagement.XmlKeyManager|User profile is available. Using 'C:\Users\Administrator\AppData\Local\ASP.NET\DataProtection-Keys' as key repository and Windows DPAPI to encrypt keys at rest. 
2018-12-20 21:32:17.2087|1|INFO|Microsoft.AspNetCore.Hosting.Internal.WebHost|Request starting HTTP/1.1 GET http://localhost:5002/swagger/index.html   
2018-12-20 21:32:17.4995|2|INFO|Microsoft.AspNetCore.Hosting.Internal.WebHost|Request finished in 289.4726ms 200 text/html 
2018-12-20 21:32:17.8900|1|INFO|Microsoft.AspNetCore.Hosting.Internal.WebHost|Request starting HTTP/1.1 GET http://localhost:5002/swagger/v1/swagger.json   
2018-12-20 21:32:17.9559|1|INFO|Microsoft.AspNetCore.Hosting.Internal.WebHost|Request starting HTTP/1.1 GET http://localhost:5002/swagger/favicon-32x32.png   
2018-12-20 21:32:18.1091|2|INFO|Microsoft.AspNetCore.StaticFiles.StaticFileMiddleware|Sending file. Request path: '/favicon-32x32.png'. Physical path: 'N/A' 
2018-12-20 21:32:18.1091|2|INFO|Microsoft.AspNetCore.Hosting.Internal.WebHost|Request finished in 154.1513ms 200 image/png 
2018-12-20 21:32:18.5617|2|INFO|Microsoft.AspNetCore.Hosting.Internal.WebHost|Request finished in 671.7129ms 200 application/json;charset=utf-8 
2018-12-20 21:32:30.3174|1|INFO|Microsoft.AspNetCore.Hosting.Internal.WebHost|Request starting HTTP/1.1 POST http://localhost:5002/api/User/GetUsersMessages application/json-patch+json 38 
2018-12-20 21:32:30.3174|4|INFO|Microsoft.AspNetCore.Cors.Infrastructure.CorsService|Policy execution successful. 
2018-12-20 21:32:30.3519|3|WARN|Microsoft.AspNetCore.HttpsPolicy.HttpsRedirectionMiddleware|Failed to determine the https port for redirect. 
2018-12-20 21:32:30.4886|1|INFO|Microsoft.AspNetCore.Mvc.Internal.ControllerActionInvoker|Route matched with {action = "GetUsersMessageAsync", controller = "User"}. Executing action AuthorityManagementCent.Controllers.UserController.GetUsersMessageAsync (AuthorityManagementCent) 
2018-12-20 21:32:30.7622|1|INFO|Microsoft.AspNetCore.Mvc.Internal.ControllerActionInvoker|Executing action method AuthorityManagementCent.Controllers.UserController.GetUsersMessageAsync (AuthorityManagementCent) with arguments (AuthorityManagementCent.Dto.Common.PageConditionSearch) - Validation state: Valid 
2018-12-20 21:32:31.0607|10403|INFO|Microsoft.EntityFrameworkCore.Infrastructure|Entity Framework Core 2.1.4-rtm-31024 initialized 'ModelContext' using provider 'MySql.Data.EntityFrameworkCore' with options: None 
2018-12-20 21:32:31.6004|20004|ERROR|Microsoft.EntityFrameworkCore.Database.Connection|An error occurred using the connection to database 'zqy' on server 'localhost'. MySql.Data.MySqlClient.MySqlException (0x80004005): Authentication to host 'localhost' for user 'root' using method 'mysql_native_password' failed with message: Access denied for user 'root'@'localhost' (using password: YES) ---> MySql.Data.MySqlClient.MySqlException (0x80004005): Access denied for user 'root'@'localhost' (using password: YES)
   at MySql.Data.MySqlClient.MySqlStream.ReadPacket()
   at MySql.Data.MySqlClient.Authentication.MySqlAuthenticationPlugin.ReadPacket()
   at MySql.Data.MySqlClient.Authentication.MySqlAuthenticationPlugin.AuthenticationFailed(Exception ex)
   at MySql.Data.MySqlClient.Authentication.MySqlAuthenticationPlugin.ReadPacket()
   at MySql.Data.MySqlClient.Authentication.MySqlAuthenticationPlugin.Authenticate(Boolean reset)
   at MySql.Data.MySqlClient.NativeDriver.Open()
   at MySql.Data.MySqlClient.Driver.Open()
   at MySql.Data.MySqlClient.Driver.Create(MySqlConnectionStringBuilder settings)
   at MySql.Data.MySqlClient.MySqlPool.CreateNewPooledConnection()
   at MySql.Data.MySqlClient.MySqlPool.GetPooledConnection()
   at MySql.Data.MySqlClient.MySqlPool.TryToGetDriver()
   at MySql.Data.MySqlClient.MySqlPool.GetConnection()
   at MySql.Data.MySqlClient.MySqlConnection.Open()
   at System.Data.Common.DbConnection.OpenAsync(CancellationToken cancellationToken)
--- End of stack trace from previous location where exception was thrown ---
   at Microsoft.EntityFrameworkCore.Storage.RelationalConnection.OpenDbConnectionAsync(Boolean errorsExpected, CancellationToken cancellationToken)
2018-12-20 21:32:31.7313|10100|ERROR|Microsoft.EntityFrameworkCore.Query|An exception occurred in the database while iterating the results of a query for context type 'AuthorityManagementCent.Model.ModelContext'.
MySql.Data.MySqlClient.MySqlException (0x80004005): Authentication to host 'localhost' for user 'root' using method 'mysql_native_password' failed with message: Access denied for user 'root'@'localhost' (using password: YES) ---> MySql.Data.MySqlClient.MySqlException (0x80004005): Access denied for user 'root'@'localhost' (using password: YES)
   at MySql.Data.MySqlClient.MySqlStream.ReadPacket()
   at MySql.Data.MySqlClient.Authentication.MySqlAuthenticationPlugin.ReadPacket()
   at MySql.Data.MySqlClient.Authentication.MySqlAuthenticationPlugin.AuthenticationFailed(Exception ex)
   at MySql.Data.MySqlClient.Authentication.MySqlAuthenticationPlugin.ReadPacket()
   at MySql.Data.MySqlClient.Authentication.MySqlAuthenticationPlugin.Authenticate(Boolean reset)
   at MySql.Data.MySqlClient.NativeDriver.Open()
   at MySql.Data.MySqlClient.Driver.Open()
   at MySql.Data.MySqlClient.Driver.Create(MySqlConnectionStringBuilder settings)
   at MySql.Data.MySqlClient.MySqlPool.CreateNewPooledConnection()
   at MySql.Data.MySqlClient.MySqlPool.GetPooledConnection()
   at MySql.Data.MySqlClient.MySqlPool.TryToGetDriver()
   at MySql.Data.MySqlClient.MySqlPool.GetConnection()
   at MySql.Data.MySqlClient.MySqlConnection.Open()
   at System.Data.Common.DbConnection.OpenAsync(CancellationToken cancellationToken)
--- End of stack trace from previous location where exception was thrown ---
   at Microsoft.EntityFrameworkCore.Storage.RelationalConnection.OpenDbConnectionAsync(Boolean errorsExpected, CancellationToken cancellationToken)
   at Microsoft.EntityFrameworkCore.Storage.RelationalConnection.OpenAsync(CancellationToken cancellationToken, Boolean errorsExpected)
   at Microsoft.EntityFrameworkCore.Query.Internal.AsyncQueryingEnumerable`1.AsyncEnumerator.BufferlessMoveNext(DbContext _, Boolean buffer, CancellationToken cancellationToken)
   at Microsoft.EntityFrameworkCore.Query.Internal.AsyncQueryingEnumerable`1.AsyncEnumerator.MoveNext(CancellationToken cancellationToken)
   at Microsoft.EntityFrameworkCore.Query.AsyncQueryMethodProvider.GetResult[TResult](IAsyncEnumerable`1 valueBuffers, Boolean throwOnNullResult, CancellationToken cancellationToken)
   at Microsoft.EntityFrameworkCore.Query.Internal.AsyncLinqOperatorProvider.TaskResultAsyncEnumerable`1.Enumerator.MoveNext(CancellationToken cancellationToken)
   at Microsoft.EntityFrameworkCore.Query.Internal.AsyncLinqOperatorProvider.ExceptionInterceptor`1.EnumeratorExceptionInterceptor.MoveNext(CancellationToken cancellationToken) MySql.Data.MySqlClient.MySqlException (0x80004005): Authentication to host 'localhost' for user 'root' using method 'mysql_native_password' failed with message: Access denied for user 'root'@'localhost' (using password: YES) ---> MySql.Data.MySqlClient.MySqlException (0x80004005): Access denied for user 'root'@'localhost' (using password: YES)
   at MySql.Data.MySqlClient.MySqlStream.ReadPacket()
   at MySql.Data.MySqlClient.Authentication.MySqlAuthenticationPlugin.ReadPacket()
   at MySql.Data.MySqlClient.Authentication.MySqlAuthenticationPlugin.AuthenticationFailed(Exception ex)
   at MySql.Data.MySqlClient.Authentication.MySqlAuthenticationPlugin.ReadPacket()
   at MySql.Data.MySqlClient.Authentication.MySqlAuthenticationPlugin.Authenticate(Boolean reset)
   at MySql.Data.MySqlClient.NativeDriver.Open()
   at MySql.Data.MySqlClient.Driver.Open()
   at MySql.Data.MySqlClient.Driver.Create(MySqlConnectionStringBuilder settings)
   at MySql.Data.MySqlClient.MySqlPool.CreateNewPooledConnection()
   at MySql.Data.MySqlClient.MySqlPool.GetPooledConnection()
   at MySql.Data.MySqlClient.MySqlPool.TryToGetDriver()
   at MySql.Data.MySqlClient.MySqlPool.GetConnection()
   at MySql.Data.MySqlClient.MySqlConnection.Open()
   at System.Data.Common.DbConnection.OpenAsync(CancellationToken cancellationToken)
--- End of stack trace from previous location where exception was thrown ---
   at Microsoft.EntityFrameworkCore.Storage.RelationalConnection.OpenDbConnectionAsync(Boolean errorsExpected, CancellationToken cancellationToken)
   at Microsoft.EntityFrameworkCore.Storage.RelationalConnection.OpenAsync(CancellationToken cancellationToken, Boolean errorsExpected)
   at Microsoft.EntityFrameworkCore.Query.Internal.AsyncQueryingEnumerable`1.AsyncEnumerator.BufferlessMoveNext(DbContext _, Boolean buffer, CancellationToken cancellationToken)
   at Microsoft.EntityFrameworkCore.Query.Internal.AsyncQueryingEnumerable`1.AsyncEnumerator.MoveNext(CancellationToken cancellationToken)
   at Microsoft.EntityFrameworkCore.Query.AsyncQueryMethodProvider.GetResult[TResult](IAsyncEnumerable`1 valueBuffers, Boolean throwOnNullResult, CancellationToken cancellationToken)
   at Microsoft.EntityFrameworkCore.Query.Internal.AsyncLinqOperatorProvider.TaskResultAsyncEnumerable`1.Enumerator.MoveNext(CancellationToken cancellationToken)
   at Microsoft.EntityFrameworkCore.Query.Internal.AsyncLinqOperatorProvider.ExceptionInterceptor`1.EnumeratorExceptionInterceptor.MoveNext(CancellationToken cancellationToken)
2018-12-20 21:32:31.7313|10100|ERROR|Microsoft.EntityFrameworkCore.Query|An exception occurred in the database while iterating the results of a query for context type 'AuthorityManagementCent.Model.ModelContext'.
MySql.Data.MySqlClient.MySqlException (0x80004005): Authentication to host 'localhost' for user 'root' using method 'mysql_native_password' failed with message: Access denied for user 'root'@'localhost' (using password: YES) ---> MySql.Data.MySqlClient.MySqlException (0x80004005): Access denied for user 'root'@'localhost' (using password: YES)
   at MySql.Data.MySqlClient.MySqlStream.ReadPacket()
   at MySql.Data.MySqlClient.Authentication.MySqlAuthenticationPlugin.ReadPacket()
   at MySql.Data.MySqlClient.Authentication.MySqlAuthenticationPlugin.AuthenticationFailed(Exception ex)
   at MySql.Data.MySqlClient.Authentication.MySqlAuthenticationPlugin.ReadPacket()
   at MySql.Data.MySqlClient.Authentication.MySqlAuthenticationPlugin.Authenticate(Boolean reset)
   at MySql.Data.MySqlClient.NativeDriver.Open()
   at MySql.Data.MySqlClient.Driver.Open()
   at MySql.Data.MySqlClient.Driver.Create(MySqlConnectionStringBuilder settings)
   at MySql.Data.MySqlClient.MySqlPool.CreateNewPooledConnection()
   at MySql.Data.MySqlClient.MySqlPool.GetPooledConnection()
   at MySql.Data.MySqlClient.MySqlPool.TryToGetDriver()
   at MySql.Data.MySqlClient.MySqlPool.GetConnection()
   at MySql.Data.MySqlClient.MySqlConnection.Open()
   at System.Data.Common.DbConnection.OpenAsync(CancellationToken cancellationToken)
--- End of stack trace from previous location where exception was thrown ---
   at Microsoft.EntityFrameworkCore.Storage.RelationalConnection.OpenDbConnectionAsync(Boolean errorsExpected, CancellationToken cancellationToken)
   at Microsoft.EntityFrameworkCore.Storage.RelationalConnection.OpenAsync(CancellationToken cancellationToken, Boolean errorsExpected)
   at Microsoft.EntityFrameworkCore.Query.Internal.AsyncQueryingEnumerable`1.AsyncEnumerator.BufferlessMoveNext(DbContext _, Boolean buffer, CancellationToken cancellationToken)
   at Microsoft.EntityFrameworkCore.Query.Internal.AsyncQueryingEnumerable`1.AsyncEnumerator.MoveNext(CancellationToken cancellationToken)
   at Microsoft.EntityFrameworkCore.Query.AsyncQueryMethodProvider.GetResult[TResult](IAsyncEnumerable`1 valueBuffers, Boolean throwOnNullResult, CancellationToken cancellationToken)
   at Microsoft.EntityFrameworkCore.Query.Internal.AsyncLinqOperatorProvider.TaskResultAsyncEnumerable`1.Enumerator.MoveNext(CancellationToken cancellationToken)
   at Microsoft.EntityFrameworkCore.Query.Internal.AsyncLinqOperatorProvider.ExceptionInterceptor`1.EnumeratorExceptionInterceptor.MoveNext(CancellationToken cancellationToken)
   at Microsoft.EntityFrameworkCore.Query.Internal.QueryCompiler.ExecuteSingletonAsyncQuery[TResult](QueryContext queryContext, Func`2 compiledQuery, IDiagnosticsLogger`1 logger, Type contextType) MySql.Data.MySqlClient.MySqlException (0x80004005): Authentication to host 'localhost' for user 'root' using method 'mysql_native_password' failed with message: Access denied for user 'root'@'localhost' (using password: YES) ---> MySql.Data.MySqlClient.MySqlException (0x80004005): Access denied for user 'root'@'localhost' (using password: YES)
   at MySql.Data.MySqlClient.MySqlStream.ReadPacket()
   at MySql.Data.MySqlClient.Authentication.MySqlAuthenticationPlugin.ReadPacket()
   at MySql.Data.MySqlClient.Authentication.MySqlAuthenticationPlugin.AuthenticationFailed(Exception ex)
   at MySql.Data.MySqlClient.Authentication.MySqlAuthenticationPlugin.ReadPacket()
   at MySql.Data.MySqlClient.Authentication.MySqlAuthenticationPlugin.Authenticate(Boolean reset)
   at MySql.Data.MySqlClient.NativeDriver.Open()
   at MySql.Data.MySqlClient.Driver.Open()
   at MySql.Data.MySqlClient.Driver.Create(MySqlConnectionStringBuilder settings)
   at MySql.Data.MySqlClient.MySqlPool.CreateNewPooledConnection()
   at MySql.Data.MySqlClient.MySqlPool.GetPooledConnection()
   at MySql.Data.MySqlClient.MySqlPool.TryToGetDriver()
   at MySql.Data.MySqlClient.MySqlPool.GetConnection()
   at MySql.Data.MySqlClient.MySqlConnection.Open()
   at System.Data.Common.DbConnection.OpenAsync(CancellationToken cancellationToken)
--- End of stack trace from previous location where exception was thrown ---
   at Microsoft.EntityFrameworkCore.Storage.RelationalConnection.OpenDbConnectionAsync(Boolean errorsExpected, CancellationToken cancellationToken)
   at Microsoft.EntityFrameworkCore.Storage.RelationalConnection.OpenAsync(CancellationToken cancellationToken, Boolean errorsExpected)
   at Microsoft.EntityFrameworkCore.Query.Internal.AsyncQueryingEnumerable`1.AsyncEnumerator.BufferlessMoveNext(DbContext _, Boolean buffer, CancellationToken cancellationToken)
   at Microsoft.EntityFrameworkCore.Query.Internal.AsyncQueryingEnumerable`1.AsyncEnumerator.MoveNext(CancellationToken cancellationToken)
   at Microsoft.EntityFrameworkCore.Query.AsyncQueryMethodProvider.GetResult[TResult](IAsyncEnumerable`1 valueBuffers, Boolean throwOnNullResult, CancellationToken cancellationToken)
   at Microsoft.EntityFrameworkCore.Query.Internal.AsyncLinqOperatorProvider.TaskResultAsyncEnumerable`1.Enumerator.MoveNext(CancellationToken cancellationToken)
   at Microsoft.EntityFrameworkCore.Query.Internal.AsyncLinqOperatorProvider.ExceptionInterceptor`1.EnumeratorExceptionInterceptor.MoveNext(CancellationToken cancellationToken)
   at Microsoft.EntityFrameworkCore.Query.Internal.QueryCompiler.ExecuteSingletonAsyncQuery[TResult](QueryContext queryContext, Func`2 compiledQuery, IDiagnosticsLogger`1 logger, Type contextType)
2018-12-20 21:32:31.9247|2|INFO|Microsoft.AspNetCore.Mvc.Internal.ControllerActionInvoker|Executed action method AuthorityManagementCent.Controllers.UserController.GetUsersMessageAsync (AuthorityManagementCent), returned result Microsoft.AspNetCore.Mvc.ObjectResult in 1159.6328ms. 
2018-12-20 21:32:31.9348|1|INFO|Microsoft.AspNetCore.Mvc.Infrastructure.ObjectResultExecutor|Executing ObjectResult, writing value of type 'AuthorityManagementCent.Dto.Common.ResponseMessage'. 
2018-12-20 21:32:31.9459|2|INFO|Microsoft.AspNetCore.Mvc.Internal.ControllerActionInvoker|Executed action AuthorityManagementCent.Controllers.UserController.GetUsersMessageAsync (AuthorityManagementCent) in 1453.9947ms 
2018-12-20 21:32:31.9459|2|INFO|Microsoft.AspNetCore.Hosting.Internal.WebHost|Request finished in 1630.3061ms 200 application/json; charset=utf-8 
2018-12-20 21:33:25.7931|0|INFO|Microsoft.AspNetCore.DataProtection.KeyManagement.XmlKeyManager|User profile is available. Using 'C:\Users\Administrator\AppData\Local\ASP.NET\DataProtection-Keys' as key repository and Windows DPAPI to encrypt keys at rest. 
2018-12-20 21:33:26.5468|1|INFO|Microsoft.AspNetCore.Hosting.Internal.WebHost|Request starting HTTP/1.1 POST http://localhost:5002/api/User/GetUsersMessages application/json-patch+json 38 
2018-12-20 21:33:26.6667|4|INFO|Microsoft.AspNetCore.Cors.Infrastructure.CorsService|Policy execution successful. 
2018-12-20 21:33:26.6790|3|WARN|Microsoft.AspNetCore.HttpsPolicy.HttpsRedirectionMiddleware|Failed to determine the https port for redirect. 
2018-12-20 21:33:26.8410|1|INFO|Microsoft.AspNetCore.Mvc.Internal.ControllerActionInvoker|Route matched with {action = "GetUsersMessageAsync", controller = "User"}. Executing action AuthorityManagementCent.Controllers.UserController.GetUsersMessageAsync (AuthorityManagementCent) 
2018-12-20 21:33:27.0411|1|INFO|Microsoft.AspNetCore.Mvc.Internal.ControllerActionInvoker|Executing action method AuthorityManagementCent.Controllers.UserController.GetUsersMessageAsync (AuthorityManagementCent) with arguments (AuthorityManagementCent.Dto.Common.PageConditionSearch) - Validation state: Valid 
2018-12-20 21:33:27.2734|10403|INFO|Microsoft.EntityFrameworkCore.Infrastructure|Entity Framework Core 2.1.4-rtm-31024 initialized 'ModelContext' using provider 'MySql.Data.EntityFrameworkCore' with options: None 
2018-12-20 21:33:27.9745|20101|INFO|Microsoft.EntityFrameworkCore.Database.Command|Executed DbCommand (27ms) [Parameters=[], CommandType='Text', CommandTimeout='30']
SELECT COUNT(*)
FROM `identityuser` AS `u`
WHERE `u`.`IsDeleted` = 0 
2018-12-20 21:33:28.0213|10102|WARN|Microsoft.EntityFrameworkCore.Query|Query: '(from Users u in DbSet<Users> where !([u].IsDeleted) select [u]).Skip(__p_0).Take(__p_1)' uses a row limiting operation (Skip/Take) without OrderBy which may lead to unpredictable results. 
2018-12-20 21:33:28.0583|20101|INFO|Microsoft.EntityFrameworkCore.Database.Command|Executed DbCommand (3ms) [Parameters=[@__p_1='?' (DbType = Int32), @__p_0='?' (DbType = Int32)], CommandType='Text', CommandTimeout='30']
SELECT `u`.`Id`, `u`.`CreateTime`, `u`.`CreateUser`, `u`.`DeleteTime`, `u`.`DeleteUser`, `u`.`IsDeleted`, `u`.`OrganizationId`, `u`.`ParentId`, `u`.`PasswordHash`, `u`.`PhoneNumber`, `u`.`Sex`, `u`.`TrueName`, `u`.`UserName`
FROM `identityuser` AS `u`
WHERE `u`.`IsDeleted` = 0
LIMIT @__p_1 OFFSET @__p_0 
2018-12-20 21:33:28.1200|2|INFO|Microsoft.AspNetCore.Mvc.Internal.ControllerActionInvoker|Executed action method AuthorityManagementCent.Controllers.UserController.GetUsersMessageAsync (AuthorityManagementCent), returned result Microsoft.AspNetCore.Mvc.ObjectResult in 1071.6534ms. 
2018-12-20 21:33:28.1200|1|INFO|Microsoft.AspNetCore.Mvc.Infrastructure.ObjectResultExecutor|Executing ObjectResult, writing value of type 'AuthorityManagementCent.Dto.Common.PagingResponseMessage`1[[AuthorityManagementCent.Dto.Response.UsersResponse, AuthorityManagementCent, Version=1.0.0.0, Culture=neutral, PublicKeyToken=null]]'. 
2018-12-20 21:33:28.1589|2|INFO|Microsoft.AspNetCore.Mvc.Internal.ControllerActionInvoker|Executed action AuthorityManagementCent.Controllers.UserController.GetUsersMessageAsync (AuthorityManagementCent) in 1314.1172ms 
2018-12-20 21:33:28.1689|2|INFO|Microsoft.AspNetCore.Hosting.Internal.WebHost|Request finished in 1622.9165ms 200 application/json; charset=utf-8 
