2018-12-21 09:21:48.0434|0|INFO|Microsoft.AspNetCore.DataProtection.KeyManagement.XmlKeyManager|User profile is available. Using 'C:\Users\Administrator\AppData\Local\ASP.NET\DataProtection-Keys' as key repository and Windows DPAPI to encrypt keys at rest. 
2018-12-21 09:22:00.8280|1|INFO|Microsoft.AspNetCore.Hosting.Internal.WebHost|Request starting HTTP/1.1 GET http://localhost:5002/swagger/index.html   
2018-12-21 09:22:01.4481|2|INFO|Microsoft.AspNetCore.Hosting.Internal.WebHost|Request finished in 619.3627ms 200 text/html 
2018-12-21 09:22:01.4634|1|INFO|Microsoft.AspNetCore.Hosting.Internal.WebHost|Request starting HTTP/1.1 GET http://localhost:5002/swagger/swagger-ui.css   
2018-12-21 09:22:01.5028|2|INFO|Microsoft.AspNetCore.StaticFiles.StaticFileMiddleware|Sending file. Request path: '/swagger-ui.css'. Physical path: 'N/A' 
2018-12-21 09:22:01.5097|2|INFO|Microsoft.AspNetCore.Hosting.Internal.WebHost|Request finished in 46.3492ms 200 text/css 
2018-12-21 09:22:05.7691|1|INFO|Microsoft.AspNetCore.Hosting.Internal.WebHost|Request starting HTTP/1.1 GET http://localhost:5002/swagger/swagger-ui-standalone-preset.js   
2018-12-21 09:22:05.7691|1|INFO|Microsoft.AspNetCore.Hosting.Internal.WebHost|Request starting HTTP/1.1 GET http://localhost:5002/swagger/swagger-ui-bundle.js   
2018-12-21 09:22:05.8224|2|INFO|Microsoft.AspNetCore.StaticFiles.StaticFileMiddleware|Sending file. Request path: '/swagger-ui-standalone-preset.js'. Physical path: 'N/A' 
2018-12-21 09:22:05.8224|2|INFO|Microsoft.AspNetCore.Hosting.Internal.WebHost|Request finished in 53.8623ms 200 application/javascript 
2018-12-21 09:22:05.8496|2|INFO|Microsoft.AspNetCore.StaticFiles.StaticFileMiddleware|Sending file. Request path: '/swagger-ui-bundle.js'. Physical path: 'N/A' 
2018-12-21 09:22:05.8496|2|INFO|Microsoft.AspNetCore.Hosting.Internal.WebHost|Request finished in 81.113ms 200 application/javascript 
2018-12-21 09:22:06.1422|1|INFO|Microsoft.AspNetCore.Hosting.Internal.WebHost|Request starting HTTP/1.1 GET http://localhost:5002/swagger/v1/swagger.json   
2018-12-21 09:22:06.5063|2|INFO|Microsoft.AspNetCore.Hosting.Internal.WebHost|Request finished in 364.077ms 200 application/json;charset=utf-8 
2018-12-21 09:22:13.8923|1|INFO|Microsoft.AspNetCore.Hosting.Internal.WebHost|Request starting HTTP/1.1 POST http://localhost:5002/api/User/GetUsersMessages application/json-patch+json 38 
2018-12-21 09:22:13.8998|4|INFO|Microsoft.AspNetCore.Cors.Infrastructure.CorsService|Policy execution successful. 
2018-12-21 09:22:13.9142|3|WARN|Microsoft.AspNetCore.HttpsPolicy.HttpsRedirectionMiddleware|Failed to determine the https port for redirect. 
2018-12-21 09:22:14.1630|1|INFO|Microsoft.AspNetCore.Mvc.Internal.ControllerActionInvoker|Route matched with {action = "GetUsersMessageAsync", controller = "User"}. Executing action AuthorityManagementCent.Controllers.UserController.GetUsersMessageAsync (AuthorityManagementCent) 
2018-12-21 09:22:14.4231|1|INFO|Microsoft.AspNetCore.Mvc.Internal.ControllerActionInvoker|Executing action method AuthorityManagementCent.Controllers.UserController.GetUsersMessageAsync (AuthorityManagementCent) with arguments (AuthorityManagementCent.Dto.Common.PageConditionSearch) - Validation state: Valid 
2018-12-21 09:22:14.6739|10403|INFO|Microsoft.EntityFrameworkCore.Infrastructure|Entity Framework Core 2.1.4-rtm-31024 initialized 'ModelContext' using provider 'MySql.Data.EntityFrameworkCore' with options: None 
2018-12-21 09:22:15.2933|20101|INFO|Microsoft.EntityFrameworkCore.Database.Command|Executed DbCommand (4ms) [Parameters=[], CommandType='Text', CommandTimeout='30']
SELECT COUNT(*)
FROM `identityuser` AS `u`
WHERE `u`.`IsDeleted` = 0 
2018-12-21 09:22:15.3329|10102|WARN|Microsoft.EntityFrameworkCore.Query|Query: '(from Users u in DbSet<Users> where !([u].IsDeleted) select [u]).Skip(__p_0).Take(__p_1)' uses a row limiting operation (Skip/Take) without OrderBy which may lead to unpredictable results. 
2018-12-21 09:22:15.3733|20101|INFO|Microsoft.EntityFrameworkCore.Database.Command|Executed DbCommand (4ms) [Parameters=[@__p_1='?' (DbType = Int32), @__p_0='?' (DbType = Int32)], CommandType='Text', CommandTimeout='30']
SELECT `u`.`Id`, `u`.`CreateTime`, `u`.`CreateUser`, `u`.`DeleteTime`, `u`.`DeleteUser`, `u`.`IsDeleted`, `u`.`OrganizationId`, `u`.`ParentId`, `u`.`PasswordHash`, `u`.`PhoneNumber`, `u`.`Sex`, `u`.`TrueName`, `u`.`UserName`
FROM `identityuser` AS `u`
WHERE `u`.`IsDeleted` = 0
LIMIT @__p_1 OFFSET @__p_0 
2018-12-21 09:22:15.4411|2|INFO|Microsoft.AspNetCore.Mvc.Internal.ControllerActionInvoker|Executed action method AuthorityManagementCent.Controllers.UserController.GetUsersMessageAsync (AuthorityManagementCent), returned result Microsoft.AspNetCore.Mvc.ObjectResult in 1015.261ms. 
2018-12-21 09:22:15.4488|1|INFO|Microsoft.AspNetCore.Mvc.Infrastructure.ObjectResultExecutor|Executing ObjectResult, writing value of type 'AuthorityManagementCent.Dto.Common.PagingResponseMessage`1[[AuthorityManagementCent.Dto.Response.UsersResponse, AuthorityManagementCent, Version=1.0.0.0, Culture=neutral, PublicKeyToken=null]]'. 
2018-12-21 09:22:15.4651|2|INFO|Microsoft.AspNetCore.Mvc.Internal.ControllerActionInvoker|Executed action AuthorityManagementCent.Controllers.UserController.GetUsersMessageAsync (AuthorityManagementCent) in 1299.2555ms 
2018-12-21 09:22:15.4651|2|INFO|Microsoft.AspNetCore.Hosting.Internal.WebHost|Request finished in 1574.16ms 200 application/json; charset=utf-8 
2018-12-21 09:22:21.4444|1|INFO|Microsoft.AspNetCore.Hosting.Internal.WebHost|Request starting HTTP/1.1 OPTIONS http://localhost:5002/api/Token/token   
2018-12-21 09:22:21.4444|4|INFO|Microsoft.AspNetCore.Cors.Infrastructure.CorsService|Policy execution successful. 
2018-12-21 09:22:21.4444|2|INFO|Microsoft.AspNetCore.Hosting.Internal.WebHost|Request finished in 11.9732ms 204  
2018-12-21 09:22:21.4649|1|INFO|Microsoft.AspNetCore.Hosting.Internal.WebHost|Request starting HTTP/1.1 POST http://localhost:5002/api/Token/token application/json 31 
2018-12-21 09:22:21.4649|4|INFO|Microsoft.AspNetCore.Cors.Infrastructure.CorsService|Policy execution successful. 
2018-12-21 09:22:21.4649|1|INFO|Microsoft.AspNetCore.Mvc.Internal.ControllerActionInvoker|Route matched with {action = "Tokens", controller = "Token"}. Executing action AuthorityManagementCent.Controllers.TokenController.Tokens (AuthorityManagementCent) 
2018-12-21 09:22:21.4781|1|INFO|Microsoft.AspNetCore.Mvc.Internal.ControllerActionInvoker|Executing action method AuthorityManagementCent.Controllers.TokenController.Tokens (AuthorityManagementCent) with arguments (AuthorityManagementCent.Dto.Request.UsersRequest) - Validation state: Valid 
2018-12-21 09:22:21.4781|0|INFO|AuthorityManagementCent.Controllers.TokenController|1获取Token中。 
2018-12-21 09:22:21.4781|10403|INFO|Microsoft.EntityFrameworkCore.Infrastructure|Entity Framework Core 2.1.4-rtm-31024 initialized 'ModelContext' using provider 'MySql.Data.EntityFrameworkCore' with options: None 
2018-12-21 09:22:21.5295|20101|INFO|Microsoft.EntityFrameworkCore.Database.Command|Executed DbCommand (4ms) [Parameters=[@__users_userName_0='?' (Size = -1)], CommandType='Text', CommandTimeout='30']
SELECT `u`.`Id`, `u`.`CreateTime`, `u`.`CreateUser`, `u`.`DeleteTime`, `u`.`DeleteUser`, `u`.`IsDeleted`, `u`.`OrganizationId`, `u`.`ParentId`, `u`.`PasswordHash`, `u`.`PhoneNumber`, `u`.`Sex`, `u`.`TrueName`, `u`.`UserName`
FROM `identityuser` AS `u`
WHERE (`u`.`UserName` = @__users_userName_0) AND (`u`.`IsDeleted` = 0)
LIMIT 1 
2018-12-21 09:22:21.5696|2|INFO|Microsoft.AspNetCore.Mvc.Internal.ControllerActionInvoker|Executed action method AuthorityManagementCent.Controllers.TokenController.Tokens (AuthorityManagementCent), returned result Microsoft.AspNetCore.Mvc.ObjectResult in 91.0014ms. 
2018-12-21 09:22:21.5696|1|INFO|Microsoft.AspNetCore.Mvc.Infrastructure.ObjectResultExecutor|Executing ObjectResult, writing value of type 'AuthorityManagementCent.Dto.Common.ResponseMessage`1[[System.String, System.Private.CoreLib, Version=4.0.0.0, Culture=neutral, PublicKeyToken=7cec85d7bea7798e]]'. 
2018-12-21 09:22:21.5696|2|INFO|Microsoft.AspNetCore.Mvc.Internal.ControllerActionInvoker|Executed action AuthorityManagementCent.Controllers.TokenController.Tokens (AuthorityManagementCent) in 99.6685ms 
2018-12-21 09:22:21.5696|2|INFO|Microsoft.AspNetCore.Hosting.Internal.WebHost|Request finished in 107.454ms 200 application/json; charset=utf-8 
2018-12-21 09:22:25.1471|1|INFO|Microsoft.AspNetCore.Hosting.Internal.WebHost|Request starting HTTP/1.1 POST http://localhost:5002/api/Token/token application/json 31 
2018-12-21 09:22:25.1471|4|INFO|Microsoft.AspNetCore.Cors.Infrastructure.CorsService|Policy execution successful. 
2018-12-21 09:22:25.1471|1|INFO|Microsoft.AspNetCore.Mvc.Internal.ControllerActionInvoker|Route matched with {action = "Tokens", controller = "Token"}. Executing action AuthorityManagementCent.Controllers.TokenController.Tokens (AuthorityManagementCent) 
2018-12-21 09:22:25.1471|1|INFO|Microsoft.AspNetCore.Mvc.Internal.ControllerActionInvoker|Executing action method AuthorityManagementCent.Controllers.TokenController.Tokens (AuthorityManagementCent) with arguments (AuthorityManagementCent.Dto.Request.UsersRequest) - Validation state: Valid 
2018-12-21 09:22:25.1471|0|INFO|AuthorityManagementCent.Controllers.TokenController|1获取Token中。 
2018-12-21 09:22:25.1471|10403|INFO|Microsoft.EntityFrameworkCore.Infrastructure|Entity Framework Core 2.1.4-rtm-31024 initialized 'ModelContext' using provider 'MySql.Data.EntityFrameworkCore' with options: None 
2018-12-21 09:22:25.1471|20101|INFO|Microsoft.EntityFrameworkCore.Database.Command|Executed DbCommand (1ms) [Parameters=[@__users_userName_0='?' (Size = -1)], CommandType='Text', CommandTimeout='30']
SELECT `u`.`Id`, `u`.`CreateTime`, `u`.`CreateUser`, `u`.`DeleteTime`, `u`.`DeleteUser`, `u`.`IsDeleted`, `u`.`OrganizationId`, `u`.`ParentId`, `u`.`PasswordHash`, `u`.`PhoneNumber`, `u`.`Sex`, `u`.`TrueName`, `u`.`UserName`
FROM `identityuser` AS `u`
WHERE (`u`.`UserName` = @__users_userName_0) AND (`u`.`IsDeleted` = 0)
LIMIT 1 
2018-12-21 09:22:25.2105|2|INFO|Microsoft.AspNetCore.Mvc.Internal.ControllerActionInvoker|Executed action method AuthorityManagementCent.Controllers.TokenController.Tokens (AuthorityManagementCent), returned result Microsoft.AspNetCore.Mvc.ObjectResult in 57.332ms. 
2018-12-21 09:22:25.2105|1|INFO|Microsoft.AspNetCore.Mvc.Infrastructure.ObjectResultExecutor|Executing ObjectResult, writing value of type 'AuthorityManagementCent.Dto.Common.ResponseMessage`1[[System.String, System.Private.CoreLib, Version=4.0.0.0, Culture=neutral, PublicKeyToken=7cec85d7bea7798e]]'. 
2018-12-21 09:22:25.2105|2|INFO|Microsoft.AspNetCore.Mvc.Internal.ControllerActionInvoker|Executed action AuthorityManagementCent.Controllers.TokenController.Tokens (AuthorityManagementCent) in 60.3152ms 
2018-12-21 09:22:25.2105|2|INFO|Microsoft.AspNetCore.Hosting.Internal.WebHost|Request finished in 65.4635ms 200 application/json; charset=utf-8 
2018-12-21 09:25:44.9876|1|INFO|Microsoft.AspNetCore.Hosting.Internal.WebHost|Request starting HTTP/1.1 OPTIONS http://localhost:5002/api/Token/token   
2018-12-21 09:25:44.9928|4|INFO|Microsoft.AspNetCore.Cors.Infrastructure.CorsService|Policy execution successful. 
2018-12-21 09:25:45.0195|2|INFO|Microsoft.AspNetCore.Hosting.Internal.WebHost|Request finished in 6.8826ms 204  
2018-12-21 09:25:45.0243|1|INFO|Microsoft.AspNetCore.Hosting.Internal.WebHost|Request starting HTTP/1.1 POST http://localhost:5002/api/Token/token application/json 31 
2018-12-21 09:25:45.0243|4|INFO|Microsoft.AspNetCore.Cors.Infrastructure.CorsService|Policy execution successful. 
2018-12-21 09:25:45.0243|1|INFO|Microsoft.AspNetCore.Mvc.Internal.ControllerActionInvoker|Route matched with {action = "Tokens", controller = "Token"}. Executing action AuthorityManagementCent.Controllers.TokenController.Tokens (AuthorityManagementCent) 
2018-12-21 09:25:45.0243|1|INFO|Microsoft.AspNetCore.Mvc.Internal.ControllerActionInvoker|Executing action method AuthorityManagementCent.Controllers.TokenController.Tokens (AuthorityManagementCent) with arguments (AuthorityManagementCent.Dto.Request.UsersRequest) - Validation state: Valid 
2018-12-21 09:25:45.0243|0|INFO|AuthorityManagementCent.Controllers.TokenController|1获取Token中。 
2018-12-21 09:25:45.0243|10403|INFO|Microsoft.EntityFrameworkCore.Infrastructure|Entity Framework Core 2.1.4-rtm-31024 initialized 'ModelContext' using provider 'MySql.Data.EntityFrameworkCore' with options: None 
2018-12-21 09:25:45.0243|20101|INFO|Microsoft.EntityFrameworkCore.Database.Command|Executed DbCommand (1ms) [Parameters=[@__users_userName_0='?' (Size = -1)], CommandType='Text', CommandTimeout='30']
SELECT `u`.`Id`, `u`.`CreateTime`, `u`.`CreateUser`, `u`.`DeleteTime`, `u`.`DeleteUser`, `u`.`IsDeleted`, `u`.`OrganizationId`, `u`.`ParentId`, `u`.`PasswordHash`, `u`.`PhoneNumber`, `u`.`Sex`, `u`.`TrueName`, `u`.`UserName`
FROM `identityuser` AS `u`
WHERE (`u`.`UserName` = @__users_userName_0) AND (`u`.`IsDeleted` = 0)
LIMIT 1 
2018-12-21 09:25:45.0243|2|INFO|Microsoft.AspNetCore.Mvc.Internal.ControllerActionInvoker|Executed action method AuthorityManagementCent.Controllers.TokenController.Tokens (AuthorityManagementCent), returned result Microsoft.AspNetCore.Mvc.ObjectResult in 4.9957ms. 
2018-12-21 09:25:45.0243|1|INFO|Microsoft.AspNetCore.Mvc.Infrastructure.ObjectResultExecutor|Executing ObjectResult, writing value of type 'AuthorityManagementCent.Dto.Common.ResponseMessage`1[[System.String, System.Private.CoreLib, Version=4.0.0.0, Culture=neutral, PublicKeyToken=7cec85d7bea7798e]]'. 
2018-12-21 09:25:45.0243|2|INFO|Microsoft.AspNetCore.Mvc.Internal.ControllerActionInvoker|Executed action AuthorityManagementCent.Controllers.TokenController.Tokens (AuthorityManagementCent) in 7.1379ms 
2018-12-21 09:25:45.0243|2|INFO|Microsoft.AspNetCore.Hosting.Internal.WebHost|Request finished in 9.0132ms 200 application/json; charset=utf-8 
2018-12-21 09:28:40.0533|1|INFO|Microsoft.AspNetCore.Hosting.Internal.WebHost|Request starting HTTP/1.1 OPTIONS http://localhost:5002/api/Token/token   
2018-12-21 09:28:40.0840|4|INFO|Microsoft.AspNetCore.Cors.Infrastructure.CorsService|Policy execution successful. 
2018-12-21 09:28:40.0840|2|INFO|Microsoft.AspNetCore.Hosting.Internal.WebHost|Request finished in 34.291ms 204  
2018-12-21 09:28:40.0840|1|INFO|Microsoft.AspNetCore.Hosting.Internal.WebHost|Request starting HTTP/1.1 POST http://localhost:5002/api/Token/token application/json 31 
2018-12-21 09:28:40.0840|4|INFO|Microsoft.AspNetCore.Cors.Infrastructure.CorsService|Policy execution successful. 
2018-12-21 09:28:40.0840|1|INFO|Microsoft.AspNetCore.Mvc.Internal.ControllerActionInvoker|Route matched with {action = "Tokens", controller = "Token"}. Executing action AuthorityManagementCent.Controllers.TokenController.Tokens (AuthorityManagementCent) 
2018-12-21 09:28:40.0840|1|INFO|Microsoft.AspNetCore.Mvc.Internal.ControllerActionInvoker|Executing action method AuthorityManagementCent.Controllers.TokenController.Tokens (AuthorityManagementCent) with arguments (AuthorityManagementCent.Dto.Request.UsersRequest) - Validation state: Valid 
2018-12-21 09:28:40.0840|0|INFO|AuthorityManagementCent.Controllers.TokenController|1获取Token中。 
2018-12-21 09:28:40.0840|10403|INFO|Microsoft.EntityFrameworkCore.Infrastructure|Entity Framework Core 2.1.4-rtm-31024 initialized 'ModelContext' using provider 'MySql.Data.EntityFrameworkCore' with options: None 
2018-12-21 09:28:40.1003|20101|INFO|Microsoft.EntityFrameworkCore.Database.Command|Executed DbCommand (1ms) [Parameters=[@__users_userName_0='?' (Size = -1)], CommandType='Text', CommandTimeout='30']
SELECT `u`.`Id`, `u`.`CreateTime`, `u`.`CreateUser`, `u`.`DeleteTime`, `u`.`DeleteUser`, `u`.`IsDeleted`, `u`.`OrganizationId`, `u`.`ParentId`, `u`.`PasswordHash`, `u`.`PhoneNumber`, `u`.`Sex`, `u`.`TrueName`, `u`.`UserName`
FROM `identityuser` AS `u`
WHERE (`u`.`UserName` = @__users_userName_0) AND (`u`.`IsDeleted` = 0)
LIMIT 1 
2018-12-21 09:28:40.1003|2|INFO|Microsoft.AspNetCore.Mvc.Internal.ControllerActionInvoker|Executed action method AuthorityManagementCent.Controllers.TokenController.Tokens (AuthorityManagementCent), returned result Microsoft.AspNetCore.Mvc.ObjectResult in 4.3042ms. 
2018-12-21 09:28:40.1003|1|INFO|Microsoft.AspNetCore.Mvc.Infrastructure.ObjectResultExecutor|Executing ObjectResult, writing value of type 'AuthorityManagementCent.Dto.Common.ResponseMessage`1[[System.String, System.Private.CoreLib, Version=4.0.0.0, Culture=neutral, PublicKeyToken=7cec85d7bea7798e]]'. 
2018-12-21 09:28:40.1003|2|INFO|Microsoft.AspNetCore.Mvc.Internal.ControllerActionInvoker|Executed action AuthorityManagementCent.Controllers.TokenController.Tokens (AuthorityManagementCent) in 6.1593ms 
2018-12-21 09:28:40.1003|2|INFO|Microsoft.AspNetCore.Hosting.Internal.WebHost|Request finished in 8.193ms 200 application/json; charset=utf-8 
2018-12-21 09:29:27.6350|1|INFO|Microsoft.AspNetCore.Hosting.Internal.WebHost|Request starting HTTP/1.1 OPTIONS http://localhost:5002/api/Token/token   
2018-12-21 09:29:27.6350|4|INFO|Microsoft.AspNetCore.Cors.Infrastructure.CorsService|Policy execution successful. 
2018-12-21 09:29:27.6350|2|INFO|Microsoft.AspNetCore.Hosting.Internal.WebHost|Request finished in 10.2399ms 204  
2018-12-21 09:29:27.6517|1|INFO|Microsoft.AspNetCore.Hosting.Internal.WebHost|Request starting HTTP/1.1 POST http://localhost:5002/api/Token/token application/json 31 
2018-12-21 09:29:27.6517|4|INFO|Microsoft.AspNetCore.Cors.Infrastructure.CorsService|Policy execution successful. 
2018-12-21 09:29:27.6517|1|INFO|Microsoft.AspNetCore.Mvc.Internal.ControllerActionInvoker|Route matched with {action = "Tokens", controller = "Token"}. Executing action AuthorityManagementCent.Controllers.TokenController.Tokens (AuthorityManagementCent) 
2018-12-21 09:29:27.6517|1|INFO|Microsoft.AspNetCore.Mvc.Internal.ControllerActionInvoker|Executing action method AuthorityManagementCent.Controllers.TokenController.Tokens (AuthorityManagementCent) with arguments (AuthorityManagementCent.Dto.Request.UsersRequest) - Validation state: Valid 
2018-12-21 09:29:27.6517|0|INFO|AuthorityManagementCent.Controllers.TokenController|1获取Token中。 
2018-12-21 09:29:27.6517|10403|INFO|Microsoft.EntityFrameworkCore.Infrastructure|Entity Framework Core 2.1.4-rtm-31024 initialized 'ModelContext' using provider 'MySql.Data.EntityFrameworkCore' with options: None 
2018-12-21 09:29:27.6517|20101|INFO|Microsoft.EntityFrameworkCore.Database.Command|Executed DbCommand (1ms) [Parameters=[@__users_userName_0='?' (Size = -1)], CommandType='Text', CommandTimeout='30']
SELECT `u`.`Id`, `u`.`CreateTime`, `u`.`CreateUser`, `u`.`DeleteTime`, `u`.`DeleteUser`, `u`.`IsDeleted`, `u`.`OrganizationId`, `u`.`ParentId`, `u`.`PasswordHash`, `u`.`PhoneNumber`, `u`.`Sex`, `u`.`TrueName`, `u`.`UserName`
FROM `identityuser` AS `u`
WHERE (`u`.`UserName` = @__users_userName_0) AND (`u`.`IsDeleted` = 0)
LIMIT 1 
2018-12-21 09:29:27.6517|2|INFO|Microsoft.AspNetCore.Mvc.Internal.ControllerActionInvoker|Executed action method AuthorityManagementCent.Controllers.TokenController.Tokens (AuthorityManagementCent), returned result Microsoft.AspNetCore.Mvc.ObjectResult in 4.8247ms. 
2018-12-21 09:29:27.6517|1|INFO|Microsoft.AspNetCore.Mvc.Infrastructure.ObjectResultExecutor|Executing ObjectResult, writing value of type 'AuthorityManagementCent.Dto.Common.ResponseMessage`1[[System.String, System.Private.CoreLib, Version=4.0.0.0, Culture=neutral, PublicKeyToken=7cec85d7bea7798e]]'. 
2018-12-21 09:29:27.6517|2|INFO|Microsoft.AspNetCore.Mvc.Internal.ControllerActionInvoker|Executed action AuthorityManagementCent.Controllers.TokenController.Tokens (AuthorityManagementCent) in 6.7297ms 
2018-12-21 09:29:27.6517|2|INFO|Microsoft.AspNetCore.Hosting.Internal.WebHost|Request finished in 12.3757ms 200 application/json; charset=utf-8 
2018-12-21 09:30:48.4505|1|INFO|Microsoft.AspNetCore.Hosting.Internal.WebHost|Request starting HTTP/1.1 OPTIONS http://localhost:5002/api/Token/token   
2018-12-21 09:30:48.4505|4|INFO|Microsoft.AspNetCore.Cors.Infrastructure.CorsService|Policy execution successful. 
2018-12-21 09:30:48.4505|2|INFO|Microsoft.AspNetCore.Hosting.Internal.WebHost|Request finished in 5.5507ms 204  
2018-12-21 09:30:48.4623|1|INFO|Microsoft.AspNetCore.Hosting.Internal.WebHost|Request starting HTTP/1.1 POST http://localhost:5002/api/Token/token application/json 31 
2018-12-21 09:30:48.4623|4|INFO|Microsoft.AspNetCore.Cors.Infrastructure.CorsService|Policy execution successful. 
2018-12-21 09:30:48.4623|1|INFO|Microsoft.AspNetCore.Mvc.Internal.ControllerActionInvoker|Route matched with {action = "Tokens", controller = "Token"}. Executing action AuthorityManagementCent.Controllers.TokenController.Tokens (AuthorityManagementCent) 
2018-12-21 09:30:48.4623|1|INFO|Microsoft.AspNetCore.Mvc.Internal.ControllerActionInvoker|Executing action method AuthorityManagementCent.Controllers.TokenController.Tokens (AuthorityManagementCent) with arguments (AuthorityManagementCent.Dto.Request.UsersRequest) - Validation state: Valid 
2018-12-21 09:30:48.4623|0|INFO|AuthorityManagementCent.Controllers.TokenController|1获取Token中。 
2018-12-21 09:30:48.4912|10403|INFO|Microsoft.EntityFrameworkCore.Infrastructure|Entity Framework Core 2.1.4-rtm-31024 initialized 'ModelContext' using provider 'MySql.Data.EntityFrameworkCore' with options: None 
2018-12-21 09:30:48.4912|20101|INFO|Microsoft.EntityFrameworkCore.Database.Command|Executed DbCommand (1ms) [Parameters=[@__users_userName_0='?' (Size = -1)], CommandType='Text', CommandTimeout='30']
SELECT `u`.`Id`, `u`.`CreateTime`, `u`.`CreateUser`, `u`.`DeleteTime`, `u`.`DeleteUser`, `u`.`IsDeleted`, `u`.`OrganizationId`, `u`.`ParentId`, `u`.`PasswordHash`, `u`.`PhoneNumber`, `u`.`Sex`, `u`.`TrueName`, `u`.`UserName`
FROM `identityuser` AS `u`
WHERE (`u`.`UserName` = @__users_userName_0) AND (`u`.`IsDeleted` = 0)
LIMIT 1 
2018-12-21 09:30:48.4912|2|INFO|Microsoft.AspNetCore.Mvc.Internal.ControllerActionInvoker|Executed action method AuthorityManagementCent.Controllers.TokenController.Tokens (AuthorityManagementCent), returned result Microsoft.AspNetCore.Mvc.ObjectResult in 28.9344ms. 
2018-12-21 09:30:48.4912|1|INFO|Microsoft.AspNetCore.Mvc.Infrastructure.ObjectResultExecutor|Executing ObjectResult, writing value of type 'AuthorityManagementCent.Dto.Common.ResponseMessage`1[[System.String, System.Private.CoreLib, Version=4.0.0.0, Culture=neutral, PublicKeyToken=7cec85d7bea7798e]]'. 
2018-12-21 09:30:48.4912|2|INFO|Microsoft.AspNetCore.Mvc.Internal.ControllerActionInvoker|Executed action AuthorityManagementCent.Controllers.TokenController.Tokens (AuthorityManagementCent) in 31.1268ms 
2018-12-21 09:30:48.4912|2|INFO|Microsoft.AspNetCore.Hosting.Internal.WebHost|Request finished in 33.0557ms 200 application/json; charset=utf-8 
2018-12-21 09:32:12.1964|1|INFO|Microsoft.AspNetCore.Hosting.Internal.WebHost|Request starting HTTP/1.1 OPTIONS http://localhost:5002/api/Token/token   
2018-12-21 09:32:12.2203|4|INFO|Microsoft.AspNetCore.Cors.Infrastructure.CorsService|Policy execution successful. 
2018-12-21 09:32:12.2203|2|INFO|Microsoft.AspNetCore.Hosting.Internal.WebHost|Request finished in 24.509ms 204  
2018-12-21 09:32:12.2260|1|INFO|Microsoft.AspNetCore.Hosting.Internal.WebHost|Request starting HTTP/1.1 POST http://localhost:5002/api/Token/token application/json 31 
2018-12-21 09:32:12.2260|4|INFO|Microsoft.AspNetCore.Cors.Infrastructure.CorsService|Policy execution successful. 
2018-12-21 09:32:12.2260|1|INFO|Microsoft.AspNetCore.Mvc.Internal.ControllerActionInvoker|Route matched with {action = "Tokens", controller = "Token"}. Executing action AuthorityManagementCent.Controllers.TokenController.Tokens (AuthorityManagementCent) 
2018-12-21 09:32:12.2260|1|INFO|Microsoft.AspNetCore.Mvc.Internal.ControllerActionInvoker|Executing action method AuthorityManagementCent.Controllers.TokenController.Tokens (AuthorityManagementCent) with arguments (AuthorityManagementCent.Dto.Request.UsersRequest) - Validation state: Valid 
2018-12-21 09:32:12.2260|0|INFO|AuthorityManagementCent.Controllers.TokenController|1获取Token中。 
2018-12-21 09:32:12.2260|10403|INFO|Microsoft.EntityFrameworkCore.Infrastructure|Entity Framework Core 2.1.4-rtm-31024 initialized 'ModelContext' using provider 'MySql.Data.EntityFrameworkCore' with options: None 
2018-12-21 09:32:12.2260|20101|INFO|Microsoft.EntityFrameworkCore.Database.Command|Executed DbCommand (1ms) [Parameters=[@__users_userName_0='?' (Size = -1)], CommandType='Text', CommandTimeout='30']
SELECT `u`.`Id`, `u`.`CreateTime`, `u`.`CreateUser`, `u`.`DeleteTime`, `u`.`DeleteUser`, `u`.`IsDeleted`, `u`.`OrganizationId`, `u`.`ParentId`, `u`.`PasswordHash`, `u`.`PhoneNumber`, `u`.`Sex`, `u`.`TrueName`, `u`.`UserName`
FROM `identityuser` AS `u`
WHERE (`u`.`UserName` = @__users_userName_0) AND (`u`.`IsDeleted` = 0)
LIMIT 1 
2018-12-21 09:32:12.2260|2|INFO|Microsoft.AspNetCore.Mvc.Internal.ControllerActionInvoker|Executed action method AuthorityManagementCent.Controllers.TokenController.Tokens (AuthorityManagementCent), returned result Microsoft.AspNetCore.Mvc.ObjectResult in 10.0072ms. 
2018-12-21 09:32:12.2260|1|INFO|Microsoft.AspNetCore.Mvc.Infrastructure.ObjectResultExecutor|Executing ObjectResult, writing value of type 'AuthorityManagementCent.Dto.Common.ResponseMessage`1[[System.String, System.Private.CoreLib, Version=4.0.0.0, Culture=neutral, PublicKeyToken=7cec85d7bea7798e]]'. 
2018-12-21 09:32:12.2260|2|INFO|Microsoft.AspNetCore.Mvc.Internal.ControllerActionInvoker|Executed action AuthorityManagementCent.Controllers.TokenController.Tokens (AuthorityManagementCent) in 11.964ms 
2018-12-21 09:32:12.2260|2|INFO|Microsoft.AspNetCore.Hosting.Internal.WebHost|Request finished in 14.0031ms 200 application/json; charset=utf-8 
