2019-01-13 19:30:08.3952|0|INFO|AuthorityManagementCent.Controllers.TokenController|1获取Token中。 |url: |action: |AuthorityManagementCent.Controllers.TokenController+<Tokens>d__3.MoveNext
2019-01-13 19:30:09.9689|0|INFO|AuthorityManagementCent.Controllers.RolesController|用户1,其ID:(8c6ab085-07c8-4c84-97f5-40dd277e63d4) 获取角色列表:
 |url: |action: |AuthorityManagementCent.Controllers.RolesController+<GettingRoles>d__3.MoveNext
2019-01-13 19:30:09.9737|0|INFO|AuthorityManagementCent.Controllers.UserController|
 用户1,其ID:(8c6ab085-07c8-4c84-97f5-40dd277e63d4) 获取所有用户信息:
{"OranizationId":null,"PageIndex":0,"PageSize":10} |url: |action: |AuthorityManagementCent.Controllers.UserController+<GetUsersMessageAsync>d__3.MoveNext
2019-01-13 19:30:41.6188|0|INFO|AuthorityManagementCent.Controllers.UserController|用户1,其ID:(8c6ab085-07c8-4c84-97f5-40dd277e63d4) 创建组织树状结构:
"0" |url: |action: |AuthorityManagementCent.Controllers.OranizationsController+<OranizationsTreeStructure>d__4.MoveNext
2019-01-13 19:30:41.6188|0|INFO|AuthorityManagementCent.Controllers.UserController|用户1,其ID:(8c6ab085-07c8-4c84-97f5-40dd277e63d4) 创建组织树状结构:
"0" |url: |action: |AuthorityManagementCent.Controllers.OranizationsController+<OranizationsTreeStructure>d__4.MoveNext
2019-01-13 19:30:41.6498|0|INFO|AuthorityManagementCent.Controllers.RolesController|用户1,其ID:(8c6ab085-07c8-4c84-97f5-40dd277e63d4) 获取角色列表:
 |url: |action: |AuthorityManagementCent.Controllers.RolesController+<GettingRoles>d__3.MoveNext
2019-01-13 19:30:41.7667|0|INFO|AuthorityManagementCent.Controllers.UserController|用户1,其ID:(8c6ab085-07c8-4c84-97f5-40dd277e63d4) 获取权限列表:
{"Groups":null,"PageIndex":0,"PageSize":10} |url: |action: |AuthorityManagementCent.Controllers.JurisdictionController+<GetJurisdictionAsync>d__4.MoveNext
2019-01-13 19:30:46.5030|0|INFO|AuthorityManagementCent.Controllers.UserController|用户1,其ID:(8c6ab085-07c8-4c84-97f5-40dd277e63d4) 获取权限列表:
{"Groups":null,"PageIndex":0,"PageSize":10} |url: |action: |AuthorityManagementCent.Controllers.JurisdictionController+<GetJurisdictionAsync>d__4.MoveNext
2019-01-13 19:30:47.6632|0|INFO|AuthorityManagementCent.Controllers.UserController|用户1,其ID:(8c6ab085-07c8-4c84-97f5-40dd277e63d4) 创建组织树状结构:
"0" |url: |action: |AuthorityManagementCent.Controllers.OranizationsController+<OranizationsTreeStructure>d__4.MoveNext
2019-01-13 19:30:49.7862|0|INFO|AuthorityManagementCent.Controllers.UserController|
 用户1,其ID:(8c6ab085-07c8-4c84-97f5-40dd277e63d4) 获取所有用户信息:
{"OranizationId":"1","PageIndex":0,"PageSize":10} |url: |action: |AuthorityManagementCent.Controllers.UserController+<GetUsersMessageAsync>d__3.MoveNext
2019-01-13 19:30:50.7154|0|INFO|AuthorityManagementCent.Controllers.UserController|
 用户1,其ID:(8c6ab085-07c8-4c84-97f5-40dd277e63d4) 获取所有用户信息:
{"OranizationId":"4cba486f-a98e-4d95-8746-551304bbae03","PageIndex":0,"PageSize":10} |url: |action: |AuthorityManagementCent.Controllers.UserController+<GetUsersMessageAsync>d__3.MoveNext
2019-01-13 19:31:01.2654|0|INFO|AuthorityManagementCent.Controllers.RolesController|用户1,其ID:(8c6ab085-07c8-4c84-97f5-40dd277e63d4) 获取角色列表:
 |url: |action: |AuthorityManagementCent.Controllers.RolesController+<GettingRoles>d__3.MoveNext
2019-01-13 19:31:01.2973|0|INFO|AuthorityManagementCent.Controllers.UserController|
 用户1,其ID:(8c6ab085-07c8-4c84-97f5-40dd277e63d4) 获取所有用户信息:
{"OranizationId":null,"PageIndex":0,"PageSize":10} |url: |action: |AuthorityManagementCent.Controllers.UserController+<GetUsersMessageAsync>d__3.MoveNext
2019-01-13 20:00:32.7683|0|INFO|AuthorityManagementCent.Controllers.RolesController|用户1,其ID:(8c6ab085-07c8-4c84-97f5-40dd277e63d4) 获取角色列表:
 |url: |action: |AuthorityManagementCent.Controllers.RolesController+<GettingRoles>d__3.MoveNext
2019-01-13 20:00:32.8078|0|INFO|AuthorityManagementCent.Controllers.UserController|
 用户1,其ID:(8c6ab085-07c8-4c84-97f5-40dd277e63d4) 获取所有用户信息:
{"OranizationId":null,"PageIndex":0,"PageSize":10} |url: |action: |AuthorityManagementCent.Controllers.UserController+<GetUsersMessageAsync>d__3.MoveNext
2019-01-13 20:22:38.2277|0|INFO|AuthorityManagementCent.Controllers.RolesController|用户1,其ID:(8c6ab085-07c8-4c84-97f5-40dd277e63d4) 获取角色列表:
 |url: |action: |AuthorityManagementCent.Controllers.RolesController+<GettingRoles>d__3.MoveNext
2019-01-13 20:22:38.3251|0|INFO|AuthorityManagementCent.Controllers.UserController|
 用户1,其ID:(8c6ab085-07c8-4c84-97f5-40dd277e63d4) 获取所有用户信息:
{"OranizationId":null,"PageIndex":0,"PageSize":10} |url: |action: |AuthorityManagementCent.Controllers.UserController+<GetUsersMessageAsync>d__3.MoveNext
2019-01-13 20:23:22.5439|0|INFO|AuthorityManagementCent.Controllers.UserController|
 用户1,其ID:(8c6ab085-07c8-4c84-97f5-40dd277e63d4) 获取所有用户信息:
{"OranizationId":null,"PageIndex":0,"PageSize":10} |url: |action: |AuthorityManagementCent.Controllers.UserController+<GetUsersMessageAsync>d__3.MoveNext
2019-01-13 20:23:22.5657|0|INFO|AuthorityManagementCent.Controllers.RolesController|用户1,其ID:(8c6ab085-07c8-4c84-97f5-40dd277e63d4) 获取角色列表:
 |url: |action: |AuthorityManagementCent.Controllers.RolesController+<GettingRoles>d__3.MoveNext
2019-01-13 20:24:32.0476|0|INFO|AuthorityManagementCent.Controllers.RolesController|用户1,其ID:(8c6ab085-07c8-4c84-97f5-40dd277e63d4) 获取角色列表:
 |url: |action: |AuthorityManagementCent.Controllers.RolesController+<GettingRoles>d__3.MoveNext
2019-01-13 20:24:32.0800|0|INFO|AuthorityManagementCent.Controllers.UserController|
 用户1,其ID:(8c6ab085-07c8-4c84-97f5-40dd277e63d4) 获取所有用户信息:
{"OranizationId":null,"PageIndex":0,"PageSize":10} |url: |action: |AuthorityManagementCent.Controllers.UserController+<GetUsersMessageAsync>d__3.MoveNext
2019-01-13 20:24:51.4610|0|INFO|AuthorityManagementCent.Controllers.RolesController|用户1,其ID:(8c6ab085-07c8-4c84-97f5-40dd277e63d4) 获取角色列表:
 |url: |action: |AuthorityManagementCent.Controllers.RolesController+<GettingRoles>d__3.MoveNext
2019-01-13 20:24:51.4785|0|INFO|AuthorityManagementCent.Controllers.UserController|
 用户1,其ID:(8c6ab085-07c8-4c84-97f5-40dd277e63d4) 获取所有用户信息:
{"OranizationId":null,"PageIndex":0,"PageSize":10} |url: |action: |AuthorityManagementCent.Controllers.UserController+<GetUsersMessageAsync>d__3.MoveNext
2019-01-13 20:24:53.9029|0|INFO|AuthorityManagementCent.Controllers.RolesController|用户1,其ID:(8c6ab085-07c8-4c84-97f5-40dd277e63d4) 获取角色列表:
 |url: |action: |AuthorityManagementCent.Controllers.RolesController+<GettingRoles>d__3.MoveNext
2019-01-13 20:24:53.9347|0|INFO|AuthorityManagementCent.Controllers.UserController|
 用户1,其ID:(8c6ab085-07c8-4c84-97f5-40dd277e63d4) 获取所有用户信息:
{"OranizationId":null,"PageIndex":0,"PageSize":10} |url: |action: |AuthorityManagementCent.Controllers.UserController+<GetUsersMessageAsync>d__3.MoveNext
2019-01-13 20:25:09.0207|0|INFO|AuthorityManagementCent.Controllers.RolesController|用户1,其ID:(8c6ab085-07c8-4c84-97f5-40dd277e63d4) 获取角色列表:
 |url: |action: |AuthorityManagementCent.Controllers.RolesController+<GettingRoles>d__3.MoveNext
2019-01-13 20:25:09.0462|0|INFO|AuthorityManagementCent.Controllers.UserController|
 用户1,其ID:(8c6ab085-07c8-4c84-97f5-40dd277e63d4) 获取所有用户信息:
{"OranizationId":null,"PageIndex":0,"PageSize":10} |url: |action: |AuthorityManagementCent.Controllers.UserController+<GetUsersMessageAsync>d__3.MoveNext
2019-01-13 20:25:21.3152|0|INFO|AuthorityManagementCent.Controllers.RolesController|用户1,其ID:(8c6ab085-07c8-4c84-97f5-40dd277e63d4) 获取角色列表:
 |url: |action: |AuthorityManagementCent.Controllers.RolesController+<GettingRoles>d__3.MoveNext
2019-01-13 20:25:21.3315|0|INFO|AuthorityManagementCent.Controllers.UserController|
 用户1,其ID:(8c6ab085-07c8-4c84-97f5-40dd277e63d4) 获取所有用户信息:
{"OranizationId":null,"PageIndex":0,"PageSize":10} |url: |action: |AuthorityManagementCent.Controllers.UserController+<GetUsersMessageAsync>d__3.MoveNext
2019-01-13 20:25:43.8681|0|INFO|AuthorityManagementCent.Controllers.RolesController|用户1,其ID:(8c6ab085-07c8-4c84-97f5-40dd277e63d4) 获取角色列表:
 |url: |action: |AuthorityManagementCent.Controllers.RolesController+<GettingRoles>d__3.MoveNext
2019-01-13 20:25:43.8906|0|INFO|AuthorityManagementCent.Controllers.UserController|
 用户1,其ID:(8c6ab085-07c8-4c84-97f5-40dd277e63d4) 获取所有用户信息:
{"OranizationId":null,"PageIndex":0,"PageSize":10} |url: |action: |AuthorityManagementCent.Controllers.UserController+<GetUsersMessageAsync>d__3.MoveNext
2019-01-13 20:26:02.2113|0|INFO|AuthorityManagementCent.Controllers.UserController|
 用户1,其ID:(8c6ab085-07c8-4c84-97f5-40dd277e63d4) 获取所有用户信息:
{"OranizationId":null,"PageIndex":0,"PageSize":10} |url: |action: |AuthorityManagementCent.Controllers.UserController+<GetUsersMessageAsync>d__3.MoveNext
2019-01-13 20:26:02.2113|0|INFO|AuthorityManagementCent.Controllers.RolesController|用户1,其ID:(8c6ab085-07c8-4c84-97f5-40dd277e63d4) 获取角色列表:
 |url: |action: |AuthorityManagementCent.Controllers.RolesController+<GettingRoles>d__3.MoveNext
2019-01-13 20:26:05.1327|0|INFO|AuthorityManagementCent.Controllers.RolesController|用户1,其ID:(8c6ab085-07c8-4c84-97f5-40dd277e63d4) 获取角色列表:
 |url: |action: |AuthorityManagementCent.Controllers.RolesController+<GettingRoles>d__3.MoveNext
2019-01-13 20:26:05.1545|0|INFO|AuthorityManagementCent.Controllers.UserController|
 用户1,其ID:(8c6ab085-07c8-4c84-97f5-40dd277e63d4) 获取所有用户信息:
{"OranizationId":null,"PageIndex":0,"PageSize":10} |url: |action: |AuthorityManagementCent.Controllers.UserController+<GetUsersMessageAsync>d__3.MoveNext
2019-01-13 20:26:19.6297|0|INFO|AuthorityManagementCent.Controllers.RolesController|用户1,其ID:(8c6ab085-07c8-4c84-97f5-40dd277e63d4) 获取角色列表:
 |url: |action: |AuthorityManagementCent.Controllers.RolesController+<GettingRoles>d__3.MoveNext
2019-01-13 20:26:19.6297|0|INFO|AuthorityManagementCent.Controllers.UserController|
 用户1,其ID:(8c6ab085-07c8-4c84-97f5-40dd277e63d4) 获取所有用户信息:
{"OranizationId":null,"PageIndex":0,"PageSize":10} |url: |action: |AuthorityManagementCent.Controllers.UserController+<GetUsersMessageAsync>d__3.MoveNext
2019-01-13 20:26:44.9442|0|INFO|AuthorityManagementCent.Controllers.UserController|
 用户1,其ID:(8c6ab085-07c8-4c84-97f5-40dd277e63d4) 获取所有用户信息:
{"OranizationId":null,"PageIndex":0,"PageSize":10} |url: |action: |AuthorityManagementCent.Controllers.UserController+<GetUsersMessageAsync>d__3.MoveNext
2019-01-13 20:26:44.9442|0|INFO|AuthorityManagementCent.Controllers.RolesController|用户1,其ID:(8c6ab085-07c8-4c84-97f5-40dd277e63d4) 获取角色列表:
 |url: |action: |AuthorityManagementCent.Controllers.RolesController+<GettingRoles>d__3.MoveNext
2019-01-13 20:31:08.2423|0|INFO|AuthorityManagementCent.Controllers.RolesController|用户1,其ID:(8c6ab085-07c8-4c84-97f5-40dd277e63d4) 获取角色列表:
 |url: |action: |AuthorityManagementCent.Controllers.RolesController+<GettingRoles>d__3.MoveNext
2019-01-13 20:31:08.3381|0|INFO|AuthorityManagementCent.Controllers.UserController|
 用户1,其ID:(8c6ab085-07c8-4c84-97f5-40dd277e63d4) 获取所有用户信息:
{"OranizationId":null,"PageIndex":0,"PageSize":10} |url: |action: |AuthorityManagementCent.Controllers.UserController+<GetUsersMessageAsync>d__3.MoveNext
2019-01-13 20:31:45.3331|0|INFO|AuthorityManagementCent.Controllers.UserController|
 用户1,其ID:(8c6ab085-07c8-4c84-97f5-40dd277e63d4) 获取所有用户信息:
{"OranizationId":null,"PageIndex":0,"PageSize":10} |url: |action: |AuthorityManagementCent.Controllers.UserController+<GetUsersMessageAsync>d__3.MoveNext
2019-01-13 20:31:45.3438|0|INFO|AuthorityManagementCent.Controllers.RolesController|用户1,其ID:(8c6ab085-07c8-4c84-97f5-40dd277e63d4) 获取角色列表:
 |url: |action: |AuthorityManagementCent.Controllers.RolesController+<GettingRoles>d__3.MoveNext
2019-01-13 20:31:49.7680|0|INFO|AuthorityManagementCent.Controllers.RolesController|用户1,其ID:(8c6ab085-07c8-4c84-97f5-40dd277e63d4) 获取角色列表:
 |url: |action: |AuthorityManagementCent.Controllers.RolesController+<GettingRoles>d__3.MoveNext
2019-01-13 20:31:49.7765|0|INFO|AuthorityManagementCent.Controllers.UserController|
 用户1,其ID:(8c6ab085-07c8-4c84-97f5-40dd277e63d4) 获取所有用户信息:
{"OranizationId":null,"PageIndex":0,"PageSize":10} |url: |action: |AuthorityManagementCent.Controllers.UserController+<GetUsersMessageAsync>d__3.MoveNext
2019-01-13 20:32:05.1489|0|INFO|AuthorityManagementCent.Controllers.RolesController|用户1,其ID:(8c6ab085-07c8-4c84-97f5-40dd277e63d4) 获取角色列表:
 |url: |action: |AuthorityManagementCent.Controllers.RolesController+<GettingRoles>d__3.MoveNext
2019-01-13 20:32:05.1824|0|INFO|AuthorityManagementCent.Controllers.UserController|
 用户1,其ID:(8c6ab085-07c8-4c84-97f5-40dd277e63d4) 获取所有用户信息:
{"OranizationId":null,"PageIndex":0,"PageSize":10} |url: |action: |AuthorityManagementCent.Controllers.UserController+<GetUsersMessageAsync>d__3.MoveNext
2019-01-13 20:32:20.8879|0|INFO|AuthorityManagementCent.Controllers.RolesController|用户1,其ID:(8c6ab085-07c8-4c84-97f5-40dd277e63d4) 获取角色列表:
 |url: |action: |AuthorityManagementCent.Controllers.RolesController+<GettingRoles>d__3.MoveNext
2019-01-13 20:32:20.9129|0|INFO|AuthorityManagementCent.Controllers.UserController|
 用户1,其ID:(8c6ab085-07c8-4c84-97f5-40dd277e63d4) 获取所有用户信息:
{"OranizationId":null,"PageIndex":0,"PageSize":10} |url: |action: |AuthorityManagementCent.Controllers.UserController+<GetUsersMessageAsync>d__3.MoveNext
2019-01-13 20:32:33.9042|0|INFO|AuthorityManagementCent.Controllers.RolesController|用户1,其ID:(8c6ab085-07c8-4c84-97f5-40dd277e63d4) 获取角色列表:
 |url: |action: |AuthorityManagementCent.Controllers.RolesController+<GettingRoles>d__3.MoveNext
2019-01-13 20:32:33.9277|0|INFO|AuthorityManagementCent.Controllers.UserController|
 用户1,其ID:(8c6ab085-07c8-4c84-97f5-40dd277e63d4) 获取所有用户信息:
{"OranizationId":null,"PageIndex":0,"PageSize":10} |url: |action: |AuthorityManagementCent.Controllers.UserController+<GetUsersMessageAsync>d__3.MoveNext
2019-01-13 20:32:51.3620|0|INFO|AuthorityManagementCent.Controllers.RolesController|用户1,其ID:(8c6ab085-07c8-4c84-97f5-40dd277e63d4) 获取角色列表:
 |url: |action: |AuthorityManagementCent.Controllers.RolesController+<GettingRoles>d__3.MoveNext
2019-01-13 20:32:51.4236|0|INFO|AuthorityManagementCent.Controllers.UserController|
 用户1,其ID:(8c6ab085-07c8-4c84-97f5-40dd277e63d4) 获取所有用户信息:
{"OranizationId":null,"PageIndex":0,"PageSize":10} |url: |action: |AuthorityManagementCent.Controllers.UserController+<GetUsersMessageAsync>d__3.MoveNext
2019-01-13 20:32:53.0056|0|INFO|AuthorityManagementCent.Controllers.RolesController|用户1,其ID:(8c6ab085-07c8-4c84-97f5-40dd277e63d4) 获取角色列表:
 |url: |action: |AuthorityManagementCent.Controllers.RolesController+<GettingRoles>d__3.MoveNext
2019-01-13 20:32:53.0367|0|INFO|AuthorityManagementCent.Controllers.UserController|
 用户1,其ID:(8c6ab085-07c8-4c84-97f5-40dd277e63d4) 获取所有用户信息:
{"OranizationId":null,"PageIndex":0,"PageSize":10} |url: |action: |AuthorityManagementCent.Controllers.UserController+<GetUsersMessageAsync>d__3.MoveNext
2019-01-13 20:32:57.4397|0|INFO|AuthorityManagementCent.Controllers.RolesController|用户1,其ID:(8c6ab085-07c8-4c84-97f5-40dd277e63d4) 获取角色列表:
 |url: |action: |AuthorityManagementCent.Controllers.RolesController+<GettingRoles>d__3.MoveNext
2019-01-13 20:32:57.4821|0|INFO|AuthorityManagementCent.Controllers.UserController|
 用户1,其ID:(8c6ab085-07c8-4c84-97f5-40dd277e63d4) 获取所有用户信息:
{"OranizationId":null,"PageIndex":0,"PageSize":10} |url: |action: |AuthorityManagementCent.Controllers.UserController+<GetUsersMessageAsync>d__3.MoveNext
2019-01-13 20:33:01.8673|0|INFO|AuthorityManagementCent.Controllers.RolesController|用户1,其ID:(8c6ab085-07c8-4c84-97f5-40dd277e63d4) 获取角色列表:
 |url: |action: |AuthorityManagementCent.Controllers.RolesController+<GettingRoles>d__3.MoveNext
2019-01-13 20:33:01.8803|0|INFO|AuthorityManagementCent.Controllers.UserController|
 用户1,其ID:(8c6ab085-07c8-4c84-97f5-40dd277e63d4) 获取所有用户信息:
{"OranizationId":null,"PageIndex":0,"PageSize":10} |url: |action: |AuthorityManagementCent.Controllers.UserController+<GetUsersMessageAsync>d__3.MoveNext
2019-01-13 20:33:07.5115|0|INFO|AuthorityManagementCent.Controllers.RolesController|用户1,其ID:(8c6ab085-07c8-4c84-97f5-40dd277e63d4) 获取角色列表:
 |url: |action: |AuthorityManagementCent.Controllers.RolesController+<GettingRoles>d__3.MoveNext
2019-01-13 20:33:07.5591|0|INFO|AuthorityManagementCent.Controllers.UserController|
 用户1,其ID:(8c6ab085-07c8-4c84-97f5-40dd277e63d4) 获取所有用户信息:
{"OranizationId":null,"PageIndex":0,"PageSize":10} |url: |action: |AuthorityManagementCent.Controllers.UserController+<GetUsersMessageAsync>d__3.MoveNext
2019-01-13 20:33:12.0896|0|INFO|AuthorityManagementCent.Controllers.RolesController|用户1,其ID:(8c6ab085-07c8-4c84-97f5-40dd277e63d4) 获取角色列表:
 |url: |action: |AuthorityManagementCent.Controllers.RolesController+<GettingRoles>d__3.MoveNext
2019-01-13 20:33:12.0896|0|INFO|AuthorityManagementCent.Controllers.UserController|
 用户1,其ID:(8c6ab085-07c8-4c84-97f5-40dd277e63d4) 获取所有用户信息:
{"OranizationId":null,"PageIndex":0,"PageSize":10} |url: |action: |AuthorityManagementCent.Controllers.UserController+<GetUsersMessageAsync>d__3.MoveNext
2019-01-13 20:33:24.2633|0|INFO|AuthorityManagementCent.Controllers.RolesController|用户1,其ID:(8c6ab085-07c8-4c84-97f5-40dd277e63d4) 获取角色列表:
 |url: |action: |AuthorityManagementCent.Controllers.RolesController+<GettingRoles>d__3.MoveNext
2019-01-13 20:33:24.2886|0|INFO|AuthorityManagementCent.Controllers.UserController|
 用户1,其ID:(8c6ab085-07c8-4c84-97f5-40dd277e63d4) 获取所有用户信息:
{"OranizationId":null,"PageIndex":0,"PageSize":10} |url: |action: |AuthorityManagementCent.Controllers.UserController+<GetUsersMessageAsync>d__3.MoveNext
2019-01-13 20:33:26.3585|0|INFO|AuthorityManagementCent.Controllers.RolesController|用户1,其ID:(8c6ab085-07c8-4c84-97f5-40dd277e63d4) 获取角色列表:
 |url: |action: |AuthorityManagementCent.Controllers.RolesController+<GettingRoles>d__3.MoveNext
2019-01-13 20:33:26.4145|0|INFO|AuthorityManagementCent.Controllers.UserController|
 用户1,其ID:(8c6ab085-07c8-4c84-97f5-40dd277e63d4) 获取所有用户信息:
{"OranizationId":null,"PageIndex":0,"PageSize":10} |url: |action: |AuthorityManagementCent.Controllers.UserController+<GetUsersMessageAsync>d__3.MoveNext
2019-01-13 20:33:32.9751|0|INFO|AuthorityManagementCent.Controllers.RolesController|用户1,其ID:(8c6ab085-07c8-4c84-97f5-40dd277e63d4) 获取角色列表:
 |url: |action: |AuthorityManagementCent.Controllers.RolesController+<GettingRoles>d__3.MoveNext
2019-01-13 20:33:32.9751|0|INFO|AuthorityManagementCent.Controllers.UserController|
 用户1,其ID:(8c6ab085-07c8-4c84-97f5-40dd277e63d4) 获取所有用户信息:
{"OranizationId":null,"PageIndex":0,"PageSize":10} |url: |action: |AuthorityManagementCent.Controllers.UserController+<GetUsersMessageAsync>d__3.MoveNext
2019-01-13 20:33:41.6047|0|INFO|AuthorityManagementCent.Controllers.RolesController|用户1,其ID:(8c6ab085-07c8-4c84-97f5-40dd277e63d4) 获取角色列表:
 |url: |action: |AuthorityManagementCent.Controllers.RolesController+<GettingRoles>d__3.MoveNext
2019-01-13 20:33:41.6047|0|INFO|AuthorityManagementCent.Controllers.UserController|
 用户1,其ID:(8c6ab085-07c8-4c84-97f5-40dd277e63d4) 获取所有用户信息:
{"OranizationId":null,"PageIndex":0,"PageSize":10} |url: |action: |AuthorityManagementCent.Controllers.UserController+<GetUsersMessageAsync>d__3.MoveNext
2019-01-13 20:33:44.3851|0|INFO|AuthorityManagementCent.Controllers.RolesController|用户1,其ID:(8c6ab085-07c8-4c84-97f5-40dd277e63d4) 获取角色列表:
 |url: |action: |AuthorityManagementCent.Controllers.RolesController+<GettingRoles>d__3.MoveNext
2019-01-13 20:33:44.5177|0|INFO|AuthorityManagementCent.Controllers.UserController|
 用户1,其ID:(8c6ab085-07c8-4c84-97f5-40dd277e63d4) 获取所有用户信息:
{"OranizationId":null,"PageIndex":0,"PageSize":10} |url: |action: |AuthorityManagementCent.Controllers.UserController+<GetUsersMessageAsync>d__3.MoveNext
2019-01-13 20:33:47.4422|0|INFO|AuthorityManagementCent.Controllers.RolesController|用户1,其ID:(8c6ab085-07c8-4c84-97f5-40dd277e63d4) 获取角色列表:
 |url: |action: |AuthorityManagementCent.Controllers.RolesController+<GettingRoles>d__3.MoveNext
2019-01-13 20:33:47.4522|0|INFO|AuthorityManagementCent.Controllers.UserController|
 用户1,其ID:(8c6ab085-07c8-4c84-97f5-40dd277e63d4) 获取所有用户信息:
{"OranizationId":null,"PageIndex":0,"PageSize":10} |url: |action: |AuthorityManagementCent.Controllers.UserController+<GetUsersMessageAsync>d__3.MoveNext
2019-01-13 20:33:52.0195|0|INFO|AuthorityManagementCent.Controllers.RolesController|用户1,其ID:(8c6ab085-07c8-4c84-97f5-40dd277e63d4) 获取角色列表:
 |url: |action: |AuthorityManagementCent.Controllers.RolesController+<GettingRoles>d__3.MoveNext
2019-01-13 20:33:52.0736|0|INFO|AuthorityManagementCent.Controllers.UserController|
 用户1,其ID:(8c6ab085-07c8-4c84-97f5-40dd277e63d4) 获取所有用户信息:
{"OranizationId":null,"PageIndex":0,"PageSize":10} |url: |action: |AuthorityManagementCent.Controllers.UserController+<GetUsersMessageAsync>d__3.MoveNext
2019-01-13 20:34:07.6316|0|INFO|AuthorityManagementCent.Controllers.UserController|
 用户1,其ID:(8c6ab085-07c8-4c84-97f5-40dd277e63d4) 获取所有用户信息:
{"OranizationId":null,"PageIndex":0,"PageSize":10} |url: |action: |AuthorityManagementCent.Controllers.UserController+<GetUsersMessageAsync>d__3.MoveNext
2019-01-13 20:34:07.6500|0|INFO|AuthorityManagementCent.Controllers.RolesController|用户1,其ID:(8c6ab085-07c8-4c84-97f5-40dd277e63d4) 获取角色列表:
 |url: |action: |AuthorityManagementCent.Controllers.RolesController+<GettingRoles>d__3.MoveNext
2019-01-13 20:34:11.1993|0|INFO|AuthorityManagementCent.Controllers.RolesController|用户1,其ID:(8c6ab085-07c8-4c84-97f5-40dd277e63d4) 获取角色列表:
 |url: |action: |AuthorityManagementCent.Controllers.RolesController+<GettingRoles>d__3.MoveNext
2019-01-13 20:34:11.2397|0|INFO|AuthorityManagementCent.Controllers.UserController|
 用户1,其ID:(8c6ab085-07c8-4c84-97f5-40dd277e63d4) 获取所有用户信息:
{"OranizationId":null,"PageIndex":0,"PageSize":10} |url: |action: |AuthorityManagementCent.Controllers.UserController+<GetUsersMessageAsync>d__3.MoveNext
2019-01-13 20:34:13.5091|0|INFO|AuthorityManagementCent.Controllers.UserController|
 用户1,其ID:(8c6ab085-07c8-4c84-97f5-40dd277e63d4) 获取所有用户信息:
{"OranizationId":null,"PageIndex":0,"PageSize":10} |url: |action: |AuthorityManagementCent.Controllers.UserController+<GetUsersMessageAsync>d__3.MoveNext
2019-01-13 20:34:13.5422|0|INFO|AuthorityManagementCent.Controllers.RolesController|用户1,其ID:(8c6ab085-07c8-4c84-97f5-40dd277e63d4) 获取角色列表:
 |url: |action: |AuthorityManagementCent.Controllers.RolesController+<GettingRoles>d__3.MoveNext
2019-01-13 20:36:29.2760|0|INFO|AuthorityManagementCent.Controllers.RolesController|用户1,其ID:(8c6ab085-07c8-4c84-97f5-40dd277e63d4) 获取角色列表:
 |url: |action: |AuthorityManagementCent.Controllers.RolesController+<GettingRoles>d__3.MoveNext
2019-01-13 20:36:29.2760|0|INFO|AuthorityManagementCent.Controllers.UserController|
 用户1,其ID:(8c6ab085-07c8-4c84-97f5-40dd277e63d4) 获取所有用户信息:
{"OranizationId":null,"PageIndex":0,"PageSize":10} |url: |action: |AuthorityManagementCent.Controllers.UserController+<GetUsersMessageAsync>d__3.MoveNext
2019-01-13 20:36:31.0983|0|INFO|AuthorityManagementCent.Controllers.RolesController|用户1,其ID:(8c6ab085-07c8-4c84-97f5-40dd277e63d4) 获取角色列表:
 |url: |action: |AuthorityManagementCent.Controllers.RolesController+<GettingRoles>d__3.MoveNext
2019-01-13 20:36:31.1086|0|INFO|AuthorityManagementCent.Controllers.UserController|
 用户1,其ID:(8c6ab085-07c8-4c84-97f5-40dd277e63d4) 获取所有用户信息:
{"OranizationId":null,"PageIndex":0,"PageSize":10} |url: |action: |AuthorityManagementCent.Controllers.UserController+<GetUsersMessageAsync>d__3.MoveNext
2019-01-13 20:36:48.5574|0|INFO|AuthorityManagementCent.Controllers.UserController|
 用户1,其ID:(8c6ab085-07c8-4c84-97f5-40dd277e63d4) 获取所有用户信息:
{"OranizationId":null,"PageIndex":0,"PageSize":10} |url: |action: |AuthorityManagementCent.Controllers.UserController+<GetUsersMessageAsync>d__3.MoveNext
2019-01-13 20:36:48.5574|0|INFO|AuthorityManagementCent.Controllers.RolesController|用户1,其ID:(8c6ab085-07c8-4c84-97f5-40dd277e63d4) 获取角色列表:
 |url: |action: |AuthorityManagementCent.Controllers.RolesController+<GettingRoles>d__3.MoveNext
2019-01-13 20:36:51.1824|0|INFO|AuthorityManagementCent.Controllers.RolesController|用户1,其ID:(8c6ab085-07c8-4c84-97f5-40dd277e63d4) 获取角色列表:
 |url: |action: |AuthorityManagementCent.Controllers.RolesController+<GettingRoles>d__3.MoveNext
2019-01-13 20:36:51.1969|0|INFO|AuthorityManagementCent.Controllers.UserController|
 用户1,其ID:(8c6ab085-07c8-4c84-97f5-40dd277e63d4) 获取所有用户信息:
{"OranizationId":null,"PageIndex":0,"PageSize":10} |url: |action: |AuthorityManagementCent.Controllers.UserController+<GetUsersMessageAsync>d__3.MoveNext
2019-01-13 20:37:08.2317|0|INFO|AuthorityManagementCent.Controllers.RolesController|用户1,其ID:(8c6ab085-07c8-4c84-97f5-40dd277e63d4) 获取角色列表:
 |url: |action: |AuthorityManagementCent.Controllers.RolesController+<GettingRoles>d__3.MoveNext
2019-01-13 20:37:08.2317|0|INFO|AuthorityManagementCent.Controllers.UserController|
 用户1,其ID:(8c6ab085-07c8-4c84-97f5-40dd277e63d4) 获取所有用户信息:
{"OranizationId":null,"PageIndex":0,"PageSize":10} |url: |action: |AuthorityManagementCent.Controllers.UserController+<GetUsersMessageAsync>d__3.MoveNext
2019-01-13 20:37:12.9094|0|INFO|AuthorityManagementCent.Controllers.RolesController|用户1,其ID:(8c6ab085-07c8-4c84-97f5-40dd277e63d4) 获取角色列表:
 |url: |action: |AuthorityManagementCent.Controllers.RolesController+<GettingRoles>d__3.MoveNext
2019-01-13 20:37:12.9348|0|INFO|AuthorityManagementCent.Controllers.UserController|
 用户1,其ID:(8c6ab085-07c8-4c84-97f5-40dd277e63d4) 获取所有用户信息:
{"OranizationId":null,"PageIndex":0,"PageSize":10} |url: |action: |AuthorityManagementCent.Controllers.UserController+<GetUsersMessageAsync>d__3.MoveNext
2019-01-13 20:37:17.4658|0|INFO|AuthorityManagementCent.Controllers.RolesController|用户1,其ID:(8c6ab085-07c8-4c84-97f5-40dd277e63d4) 获取角色列表:
 |url: |action: |AuthorityManagementCent.Controllers.RolesController+<GettingRoles>d__3.MoveNext
2019-01-13 20:37:17.4904|0|INFO|AuthorityManagementCent.Controllers.UserController|
 用户1,其ID:(8c6ab085-07c8-4c84-97f5-40dd277e63d4) 获取所有用户信息:
{"OranizationId":null,"PageIndex":0,"PageSize":10} |url: |action: |AuthorityManagementCent.Controllers.UserController+<GetUsersMessageAsync>d__3.MoveNext
2019-01-13 20:37:41.2818|0|INFO|AuthorityManagementCent.Controllers.RolesController|用户1,其ID:(8c6ab085-07c8-4c84-97f5-40dd277e63d4) 获取角色列表:
 |url: |action: |AuthorityManagementCent.Controllers.RolesController+<GettingRoles>d__3.MoveNext
2019-01-13 20:37:41.2917|0|INFO|AuthorityManagementCent.Controllers.UserController|
 用户1,其ID:(8c6ab085-07c8-4c84-97f5-40dd277e63d4) 获取所有用户信息:
{"OranizationId":null,"PageIndex":0,"PageSize":10} |url: |action: |AuthorityManagementCent.Controllers.UserController+<GetUsersMessageAsync>d__3.MoveNext
2019-01-13 20:37:49.0527|0|INFO|AuthorityManagementCent.Controllers.RolesController|用户1,其ID:(8c6ab085-07c8-4c84-97f5-40dd277e63d4) 添加用户角色表:
{"UserId":"1","RoleId":["c98b804e-4f63-4e44-b39a-b7f5ebab7b70"]} |url: |action: |AuthorityManagementCent.Controllers.RolesController+<PulshUserRole>d__6.MoveNext
2019-01-13 20:38:13.9161|0|INFO|AuthorityManagementCent.Controllers.RolesController|用户1,其ID:(8c6ab085-07c8-4c84-97f5-40dd277e63d4) 添加用户角色表:
{"UserId":"1","RoleId":["c98b804e-4f63-4e44-b39a-b7f5ebab7b70","d229723c-9e52-46c7-afd9-820c91813713","a6323fa3-482f-4e6b-8fad-4f4caf3dafc9","89c22022-52d3-4727-971f-dc03bb634a5c","7c259237-057a-4a48-8f69-60a58a487bb3"]} |url: |action: |AuthorityManagementCent.Controllers.RolesController+<PulshUserRole>d__6.MoveNext
2019-01-13 20:38:15.4290|0|ERROR|AuthorityManagementCent.Controllers.RolesController|用户1(8c6ab085-07c8-4c84-97f5-40dd277e63d4)添加用户角色表报错：
System.Exception: An error occurred while updating the entries. See the inner exception for details.
   at AuthorityManagementCent.Managers.RolesManager.AddUserRoles(UserRolesRequest userRolesRequest) in D:\MyProject\AuthorityManagement\ZQY_AuthorityManagement\Api\AuthorityManagementCent\AuthorityManagementCent\Managers\RolesManager.cs:line 143
   at AuthorityManagementCent.Controllers.RolesController.PulshUserRole(UserRolesRequest rolesRequest) in D:\MyProject\AuthorityManagement\ZQY_AuthorityManagement\Api\AuthorityManagementCent\AuthorityManagementCent\Controllers\RolesController.cs:line 119 |url: |action: |AuthorityManagementCent.Controllers.RolesController+<PulshUserRole>d__6.MoveNext
2019-01-13 20:38:51.9425|0|INFO|AuthorityManagementCent.Controllers.RolesController|用户1,其ID:(8c6ab085-07c8-4c84-97f5-40dd277e63d4) 添加用户角色表:
{"UserId":"1","RoleId":["c98b804e-4f63-4e44-b39a-b7f5ebab7b70","d229723c-9e52-46c7-afd9-820c91813713","a6323fa3-482f-4e6b-8fad-4f4caf3dafc9","89c22022-52d3-4727-971f-dc03bb634a5c","7c259237-057a-4a48-8f69-60a58a487bb3"]} |url: |action: |AuthorityManagementCent.Controllers.RolesController+<PulshUserRole>d__6.MoveNext
2019-01-13 20:38:52.2047|0|ERROR|AuthorityManagementCent.Controllers.RolesController|用户1(8c6ab085-07c8-4c84-97f5-40dd277e63d4)添加用户角色表报错：
System.Exception: An error occurred while updating the entries. See the inner exception for details.
   at AuthorityManagementCent.Managers.RolesManager.AddUserRoles(UserRolesRequest userRolesRequest) in D:\MyProject\AuthorityManagement\ZQY_AuthorityManagement\Api\AuthorityManagementCent\AuthorityManagementCent\Managers\RolesManager.cs:line 143
   at AuthorityManagementCent.Controllers.RolesController.PulshUserRole(UserRolesRequest rolesRequest) in D:\MyProject\AuthorityManagement\ZQY_AuthorityManagement\Api\AuthorityManagementCent\AuthorityManagementCent\Controllers\RolesController.cs:line 119 |url: |action: |AuthorityManagementCent.Controllers.RolesController+<PulshUserRole>d__6.MoveNext
2019-01-13 20:40:57.0379|0|INFO|AuthorityManagementCent.Controllers.RolesController|用户,其ID:() 添加用户角色表:
{"UserId":"1","RoleId":["c98b804e-4f63-4e44-b39a-b7f5ebab7b70","d229723c-9e52-46c7-afd9-820c91813713","a6323fa3-482f-4e6b-8fad-4f4caf3dafc9","89c22022-52d3-4727-971f-dc03bb634a5c","7c259237-057a-4a48-8f69-60a58a487bb3"]} |url: |action: |AuthorityManagementCent.Controllers.RolesController+<PulshUserRole>d__6.MoveNext
2019-01-13 20:43:43.3893|0|ERROR|AuthorityManagementCent.Controllers.RolesController|用户()添加用户角色表报错：
System.Exception: An error occurred while updating the entries. See the inner exception for details.
   at AuthorityManagementCent.Managers.RolesManager.AddUserRoles(UserRolesRequest userRolesRequest) in D:\MyProject\AuthorityManagement\ZQY_AuthorityManagement\Api\AuthorityManagementCent\AuthorityManagementCent\Managers\RolesManager.cs:line 143
   at AuthorityManagementCent.Controllers.RolesController.PulshUserRole(UserRolesRequest rolesRequest) in D:\MyProject\AuthorityManagement\ZQY_AuthorityManagement\Api\AuthorityManagementCent\AuthorityManagementCent\Controllers\RolesController.cs:line 119 |url: |action: |AuthorityManagementCent.Controllers.RolesController+<PulshUserRole>d__6.MoveNext
2019-01-13 20:44:03.8488|0|INFO|AuthorityManagementCent.Controllers.RolesController|用户1,其ID:(8c6ab085-07c8-4c84-97f5-40dd277e63d4) 获取角色列表:
 |url: |action: |AuthorityManagementCent.Controllers.RolesController+<GettingRoles>d__3.MoveNext
2019-01-13 20:44:03.8736|0|INFO|AuthorityManagementCent.Controllers.UserController|
 用户1,其ID:(8c6ab085-07c8-4c84-97f5-40dd277e63d4) 获取所有用户信息:
{"OranizationId":null,"PageIndex":0,"PageSize":10} |url: |action: |AuthorityManagementCent.Controllers.UserController+<GetUsersMessageAsync>d__3.MoveNext
2019-01-13 20:44:09.7190|0|INFO|AuthorityManagementCent.Controllers.UserController|
 用户1,其ID:(8c6ab085-07c8-4c84-97f5-40dd277e63d4) 获取所有用户信息:
{"OranizationId":null,"PageIndex":0,"PageSize":10} |url: |action: |AuthorityManagementCent.Controllers.UserController+<GetUsersMessageAsync>d__3.MoveNext
2019-01-13 20:44:09.7190|0|INFO|AuthorityManagementCent.Controllers.RolesController|用户1,其ID:(8c6ab085-07c8-4c84-97f5-40dd277e63d4) 获取角色列表:
 |url: |action: |AuthorityManagementCent.Controllers.RolesController+<GettingRoles>d__3.MoveNext
2019-01-13 20:44:19.6211|0|INFO|AuthorityManagementCent.Controllers.RolesController|用户1,其ID:(8c6ab085-07c8-4c84-97f5-40dd277e63d4) 获取角色列表:
 |url: |action: |AuthorityManagementCent.Controllers.RolesController+<GettingRoles>d__3.MoveNext
2019-01-13 20:44:19.6458|0|INFO|AuthorityManagementCent.Controllers.UserController|
 用户1,其ID:(8c6ab085-07c8-4c84-97f5-40dd277e63d4) 获取所有用户信息:
{"OranizationId":null,"PageIndex":0,"PageSize":10} |url: |action: |AuthorityManagementCent.Controllers.UserController+<GetUsersMessageAsync>d__3.MoveNext
2019-01-13 20:44:28.6831|0|INFO|AuthorityManagementCent.Controllers.RolesController|用户1,其ID:(8c6ab085-07c8-4c84-97f5-40dd277e63d4) 获取角色列表:
 |url: |action: |AuthorityManagementCent.Controllers.RolesController+<GettingRoles>d__3.MoveNext
2019-01-13 20:44:28.7061|0|INFO|AuthorityManagementCent.Controllers.UserController|
 用户1,其ID:(8c6ab085-07c8-4c84-97f5-40dd277e63d4) 获取所有用户信息:
{"OranizationId":null,"PageIndex":0,"PageSize":10} |url: |action: |AuthorityManagementCent.Controllers.UserController+<GetUsersMessageAsync>d__3.MoveNext
2019-01-13 20:44:37.1222|0|INFO|AuthorityManagementCent.Controllers.RolesController|用户1,其ID:(8c6ab085-07c8-4c84-97f5-40dd277e63d4) 添加用户角色表:
{"UserId":"1","RoleId":["a6323fa3-482f-4e6b-8fad-4f4caf3dafc9","d229723c-9e52-46c7-afd9-820c91813713","c98b804e-4f63-4e44-b39a-b7f5ebab7b70","89c22022-52d3-4727-971f-dc03bb634a5c","6c261bc1-961c-4c4c-8a04-5031ba9cd2cb"]} |url: |action: |AuthorityManagementCent.Controllers.RolesController+<PulshUserRole>d__6.MoveNext
2019-01-13 20:44:41.3637|0|ERROR|AuthorityManagementCent.Controllers.RolesController|用户1(8c6ab085-07c8-4c84-97f5-40dd277e63d4)添加用户角色表报错：
System.Exception: An error occurred while updating the entries. See the inner exception for details.
   at AuthorityManagementCent.Managers.RolesManager.AddUserRoles(UserRolesRequest userRolesRequest) in D:\MyProject\AuthorityManagement\ZQY_AuthorityManagement\Api\AuthorityManagementCent\AuthorityManagementCent\Managers\RolesManager.cs:line 143
   at AuthorityManagementCent.Controllers.RolesController.PulshUserRole(UserRolesRequest rolesRequest) in D:\MyProject\AuthorityManagement\ZQY_AuthorityManagement\Api\AuthorityManagementCent\AuthorityManagementCent\Controllers\RolesController.cs:line 119 |url: |action: |AuthorityManagementCent.Controllers.RolesController+<PulshUserRole>d__6.MoveNext
2019-01-13 20:46:05.7900|0|INFO|AuthorityManagementCent.Controllers.RolesController|用户,其ID:() 添加用户角色表:
{"UserId":"1","RoleId":["a6323fa3-482f-4e6b-8fad-4f4caf3dafc9","d229723c-9e52-46c7-afd9-820c91813713","c98b804e-4f63-4e44-b39a-b7f5ebab7b70","89c22022-52d3-4727-971f-dc03bb634a5c","6c261bc1-961c-4c4c-8a04-5031ba9cd2cb"]} |url: |action: |AuthorityManagementCent.Controllers.RolesController+<PulshUserRole>d__6.MoveNext
2019-01-13 20:46:49.1913|0|ERROR|AuthorityManagementCent.Controllers.RolesController|用户()添加用户角色表报错：
System.Exception: An error occurred while updating the entries. See the inner exception for details.
   at AuthorityManagementCent.Managers.RolesManager.AddUserRoles(UserRolesRequest userRolesRequest) in D:\MyProject\AuthorityManagement\ZQY_AuthorityManagement\Api\AuthorityManagementCent\AuthorityManagementCent\Managers\RolesManager.cs:line 143
   at AuthorityManagementCent.Controllers.RolesController.PulshUserRole(UserRolesRequest rolesRequest) in D:\MyProject\AuthorityManagement\ZQY_AuthorityManagement\Api\AuthorityManagementCent\AuthorityManagementCent\Controllers\RolesController.cs:line 119 |url: |action: |AuthorityManagementCent.Controllers.RolesController+<PulshUserRole>d__6.MoveNext
2019-01-13 20:47:48.2503|0|INFO|AuthorityManagementCent.Controllers.RolesController|用户1,其ID:(8c6ab085-07c8-4c84-97f5-40dd277e63d4) 添加用户角色表:
{"UserId":"1","RoleId":["a6323fa3-482f-4e6b-8fad-4f4caf3dafc9","d229723c-9e52-46c7-afd9-820c91813713","c98b804e-4f63-4e44-b39a-b7f5ebab7b70","89c22022-52d3-4727-971f-dc03bb634a5c","6c261bc1-961c-4c4c-8a04-5031ba9cd2cb"]} |url: |action: |AuthorityManagementCent.Controllers.RolesController+<PulshUserRole>d__6.MoveNext
2019-01-13 20:49:24.2446|0|ERROR|AuthorityManagementCent.Controllers.RolesController|用户1(8c6ab085-07c8-4c84-97f5-40dd277e63d4)添加用户角色表报错：
System.Exception: An error occurred while updating the entries. See the inner exception for details.
   at AuthorityManagementCent.Managers.RolesManager.AddUserRoles(UserRolesRequest userRolesRequest) in D:\MyProject\AuthorityManagement\ZQY_AuthorityManagement\Api\AuthorityManagementCent\AuthorityManagementCent\Managers\RolesManager.cs:line 143
   at AuthorityManagementCent.Controllers.RolesController.PulshUserRole(UserRolesRequest rolesRequest) in D:\MyProject\AuthorityManagement\ZQY_AuthorityManagement\Api\AuthorityManagementCent\AuthorityManagementCent\Controllers\RolesController.cs:line 119 |url: |action: |AuthorityManagementCent.Controllers.RolesController+<PulshUserRole>d__6.MoveNext
2019-01-13 20:49:34.6760|0|INFO|AuthorityManagementCent.Controllers.RolesController|用户1,其ID:(8c6ab085-07c8-4c84-97f5-40dd277e63d4) 添加用户角色表:
{"UserId":"1","RoleId":["a6323fa3-482f-4e6b-8fad-4f4caf3dafc9","d229723c-9e52-46c7-afd9-820c91813713","c98b804e-4f63-4e44-b39a-b7f5ebab7b70","89c22022-52d3-4727-971f-dc03bb634a5c","6c261bc1-961c-4c4c-8a04-5031ba9cd2cb"]} |url: |action: |AuthorityManagementCent.Controllers.RolesController+<PulshUserRole>d__6.MoveNext
2019-01-13 21:06:05.5473|0|INFO|AuthorityManagementCent.Controllers.UserController|用户1,其ID:(8c6ab085-07c8-4c84-97f5-40dd277e63d4) 获取权限列表:
{"Groups":null,"PageIndex":0,"PageSize":10} |url: |action: |AuthorityManagementCent.Controllers.JurisdictionController+<GetJurisdictionAsync>d__4.MoveNext
2019-01-13 21:06:05.9254|0|INFO|AuthorityManagementCent.Controllers.UserController|用户1,其ID:(8c6ab085-07c8-4c84-97f5-40dd277e63d4) 获取权限列表:
{"Groups":null,"PageIndex":0,"PageSize":10} |url: |action: |AuthorityManagementCent.Controllers.JurisdictionController+<GetJurisdictionAsync>d__4.MoveNext
2019-01-13 21:06:06.0109|0|INFO|AuthorityManagementCent.Controllers.UserController|用户1,其ID:(8c6ab085-07c8-4c84-97f5-40dd277e63d4) 创建组织树状结构:
"0" |url: |action: |AuthorityManagementCent.Controllers.OranizationsController+<OranizationsTreeStructure>d__4.MoveNext
2019-01-13 21:06:06.0375|0|INFO|AuthorityManagementCent.Controllers.UserController|用户1,其ID:(8c6ab085-07c8-4c84-97f5-40dd277e63d4) 创建组织树状结构:
"0" |url: |action: |AuthorityManagementCent.Controllers.OranizationsController+<OranizationsTreeStructure>d__4.MoveNext
2019-01-13 21:06:06.0951|0|INFO|AuthorityManagementCent.Controllers.RolesController|用户1,其ID:(8c6ab085-07c8-4c84-97f5-40dd277e63d4) 获取角色列表:
 |url: |action: |AuthorityManagementCent.Controllers.RolesController+<GettingRoles>d__3.MoveNext
2019-01-13 21:06:11.0021|0|INFO|AuthorityManagementCent.Controllers.RolesController|用户1,其ID:(8c6ab085-07c8-4c84-97f5-40dd277e63d4) 获取角色列表:
 |url: |action: |AuthorityManagementCent.Controllers.RolesController+<GettingRoles>d__3.MoveNext
2019-01-13 21:06:11.0477|0|INFO|AuthorityManagementCent.Controllers.UserController|
 用户1,其ID:(8c6ab085-07c8-4c84-97f5-40dd277e63d4) 获取所有用户信息:
{"OranizationId":null,"PageIndex":0,"PageSize":10} |url: |action: |AuthorityManagementCent.Controllers.UserController+<GetUsersMessageAsync>d__3.MoveNext
2019-01-13 21:06:21.3778|0|INFO|AuthorityManagementCent.Controllers.RolesController|用户1,其ID:(8c6ab085-07c8-4c84-97f5-40dd277e63d4) 获取角色列表:
 |url: |action: |AuthorityManagementCent.Controllers.RolesController+<GettingRoles>d__3.MoveNext
2019-01-13 21:06:21.4087|0|INFO|AuthorityManagementCent.Controllers.UserController|用户1,其ID:(8c6ab085-07c8-4c84-97f5-40dd277e63d4) 创建组织树状结构:
"0" |url: |action: |AuthorityManagementCent.Controllers.OranizationsController+<OranizationsTreeStructure>d__4.MoveNext
2019-01-13 21:06:21.4461|0|INFO|AuthorityManagementCent.Controllers.UserController|用户1,其ID:(8c6ab085-07c8-4c84-97f5-40dd277e63d4) 创建组织树状结构:
"0" |url: |action: |AuthorityManagementCent.Controllers.OranizationsController+<OranizationsTreeStructure>d__4.MoveNext
2019-01-13 21:06:21.5906|0|INFO|AuthorityManagementCent.Controllers.UserController|用户1,其ID:(8c6ab085-07c8-4c84-97f5-40dd277e63d4) 获取权限列表:
{"Groups":null,"PageIndex":0,"PageSize":10} |url: |action: |AuthorityManagementCent.Controllers.JurisdictionController+<GetJurisdictionAsync>d__4.MoveNext
2019-01-13 21:06:29.6584|0|INFO|AuthorityManagementCent.Controllers.RolesController|用户1,其ID:(8c6ab085-07c8-4c84-97f5-40dd277e63d4) 获取角色列表:
 |url: |action: |AuthorityManagementCent.Controllers.RolesController+<GettingRoles>d__3.MoveNext
2019-01-13 21:06:29.6871|0|INFO|AuthorityManagementCent.Controllers.UserController|
 用户1,其ID:(8c6ab085-07c8-4c84-97f5-40dd277e63d4) 获取所有用户信息:
{"OranizationId":null,"PageIndex":0,"PageSize":10} |url: |action: |AuthorityManagementCent.Controllers.UserController+<GetUsersMessageAsync>d__3.MoveNext
2019-01-13 21:06:39.2458|0|INFO|AuthorityManagementCent.Controllers.UserController|用户1,其ID:(8c6ab085-07c8-4c84-97f5-40dd277e63d4) 获取权限列表:
{"Groups":null,"PageIndex":0,"PageSize":10} |url: |action: |AuthorityManagementCent.Controllers.JurisdictionController+<GetJurisdictionAsync>d__4.MoveNext
2019-01-13 21:07:55.0422|0|INFO|AuthorityManagementCent.Controllers.UserController|用户1,其ID:(8c6ab085-07c8-4c84-97f5-40dd277e63d4) 添加组织:
{"Id":"User_Admin","Groups":"用户管理","Name":"用户管理员"} |url: |action: |AuthorityManagementCent.Controllers.JurisdictionController+<AddJurisdiction>d__3.MoveNext
2019-01-13 21:07:57.5914|0|INFO|AuthorityManagementCent.Controllers.UserController|用户1,其ID:(8c6ab085-07c8-4c84-97f5-40dd277e63d4) 获取权限列表:
{"Groups":"数据维护","PageIndex":0,"PageSize":10} |url: |action: |AuthorityManagementCent.Controllers.JurisdictionController+<GetJurisdictionAsync>d__4.MoveNext
2019-01-13 21:08:01.4728|0|INFO|AuthorityManagementCent.Controllers.UserController|
 用户1,其ID:(8c6ab085-07c8-4c84-97f5-40dd277e63d4) 获取所有用户信息:
{"OranizationId":null,"PageIndex":0,"PageSize":10} |url: |action: |AuthorityManagementCent.Controllers.UserController+<GetUsersMessageAsync>d__3.MoveNext
2019-01-13 21:08:01.4995|0|INFO|AuthorityManagementCent.Controllers.RolesController|用户1,其ID:(8c6ab085-07c8-4c84-97f5-40dd277e63d4) 获取角色列表:
 |url: |action: |AuthorityManagementCent.Controllers.RolesController+<GettingRoles>d__3.MoveNext
2019-01-13 21:08:02.7079|0|INFO|AuthorityManagementCent.Controllers.UserController|用户1,其ID:(8c6ab085-07c8-4c84-97f5-40dd277e63d4) 创建组织树状结构:
"0" |url: |action: |AuthorityManagementCent.Controllers.OranizationsController+<OranizationsTreeStructure>d__4.MoveNext
2019-01-13 21:08:03.7490|0|INFO|AuthorityManagementCent.Controllers.UserController|用户1,其ID:(8c6ab085-07c8-4c84-97f5-40dd277e63d4) 获取权限列表:
{"Groups":null,"PageIndex":0,"PageSize":10} |url: |action: |AuthorityManagementCent.Controllers.JurisdictionController+<GetJurisdictionAsync>d__4.MoveNext
2019-01-13 21:08:46.3450|0|INFO|AuthorityManagementCent.Controllers.RolesController|用户1,其ID:(8c6ab085-07c8-4c84-97f5-40dd277e63d4) 获取角色列表:
 |url: |action: |AuthorityManagementCent.Controllers.RolesController+<GettingRoles>d__3.MoveNext
2019-01-13 21:08:46.3603|0|INFO|AuthorityManagementCent.Controllers.UserController|
 用户1,其ID:(8c6ab085-07c8-4c84-97f5-40dd277e63d4) 获取所有用户信息:
{"OranizationId":null,"PageIndex":0,"PageSize":10} |url: |action: |AuthorityManagementCent.Controllers.UserController+<GetUsersMessageAsync>d__3.MoveNext
2019-01-13 21:08:53.7442|0|INFO|AuthorityManagementCent.Controllers.UserController|用户1,其ID:(8c6ab085-07c8-4c84-97f5-40dd277e63d4) 获取权限列表:
{"Groups":null,"PageIndex":0,"PageSize":10} |url: |action: |AuthorityManagementCent.Controllers.JurisdictionController+<GetJurisdictionAsync>d__4.MoveNext
2019-01-13 21:09:11.6880|0|INFO|AuthorityManagementCent.Controllers.UserController|用户1,其ID:(8c6ab085-07c8-4c84-97f5-40dd277e63d4) 创建组织树状结构:
"0" |url: |action: |AuthorityManagementCent.Controllers.OranizationsController+<OranizationsTreeStructure>d__4.MoveNext
2019-01-13 21:09:13.0780|0|INFO|AuthorityManagementCent.Controllers.UserController|用户1,其ID:(8c6ab085-07c8-4c84-97f5-40dd277e63d4) 创建组织树状结构:
"0" |url: |action: |AuthorityManagementCent.Controllers.OranizationsController+<OranizationsTreeStructure>d__4.MoveNext
2019-01-13 21:09:13.1497|0|INFO|AuthorityManagementCent.Controllers.UserController|用户1,其ID:(8c6ab085-07c8-4c84-97f5-40dd277e63d4) 获取权限列表:
{"Groups":null,"PageIndex":0,"PageSize":10} |url: |action: |AuthorityManagementCent.Controllers.JurisdictionController+<GetJurisdictionAsync>d__4.MoveNext
2019-01-13 21:09:13.1871|0|INFO|AuthorityManagementCent.Controllers.RolesController|用户1,其ID:(8c6ab085-07c8-4c84-97f5-40dd277e63d4) 获取角色列表:
 |url: |action: |AuthorityManagementCent.Controllers.RolesController+<GettingRoles>d__3.MoveNext
2019-01-13 21:09:13.2176|0|INFO|AuthorityManagementCent.Controllers.UserController|用户1,其ID:(8c6ab085-07c8-4c84-97f5-40dd277e63d4) 创建组织树状结构:
"0" |url: |action: |AuthorityManagementCent.Controllers.OranizationsController+<OranizationsTreeStructure>d__4.MoveNext
2019-01-13 21:09:20.7226|0|INFO|AuthorityManagementCent.Controllers.UserController|用户1,其ID:(8c6ab085-07c8-4c84-97f5-40dd277e63d4) 创建组织树状结构:
"0" |url: |action: |AuthorityManagementCent.Controllers.OranizationsController+<OranizationsTreeStructure>d__4.MoveNext
2019-01-13 21:09:21.3478|0|INFO|AuthorityManagementCent.Controllers.UserController|用户1,其ID:(8c6ab085-07c8-4c84-97f5-40dd277e63d4) 获取权限列表:
{"Groups":null,"PageIndex":0,"PageSize":10} |url: |action: |AuthorityManagementCent.Controllers.JurisdictionController+<GetJurisdictionAsync>d__4.MoveNext
2019-01-13 21:09:48.2366|0|INFO|AuthorityManagementCent.Controllers.UserController|用户1,其ID:(8c6ab085-07c8-4c84-97f5-40dd277e63d4) 添加组织:
{"Id":"Role_Admin","Groups":"角色管理","Name":"角色管理员"} |url: |action: |AuthorityManagementCent.Controllers.JurisdictionController+<AddJurisdiction>d__3.MoveNext
2019-01-13 21:09:48.4582|0|INFO|AuthorityManagementCent.Controllers.UserController|用户1,其ID:(8c6ab085-07c8-4c84-97f5-40dd277e63d4) 获取权限列表:
{"Groups":null,"PageIndex":0,"PageSize":10} |url: |action: |AuthorityManagementCent.Controllers.JurisdictionController+<GetJurisdictionAsync>d__4.MoveNext
2019-01-13 21:11:00.4129|0|INFO|AuthorityManagementCent.Controllers.UserController|用户1,其ID:(8c6ab085-07c8-4c84-97f5-40dd277e63d4) 添加组织:
{"Id":"Organization_Admin","Groups":"组织管理","Name":"组织管理员"} |url: |action: |AuthorityManagementCent.Controllers.JurisdictionController+<AddJurisdiction>d__3.MoveNext
2019-01-13 21:11:00.6304|0|INFO|AuthorityManagementCent.Controllers.UserController|用户1,其ID:(8c6ab085-07c8-4c84-97f5-40dd277e63d4) 获取权限列表:
{"Groups":null,"PageIndex":0,"PageSize":10} |url: |action: |AuthorityManagementCent.Controllers.JurisdictionController+<GetJurisdictionAsync>d__4.MoveNext
2019-01-13 21:11:34.1381|0|INFO|AuthorityManagementCent.Controllers.RolesController|用户1,其ID:(8c6ab085-07c8-4c84-97f5-40dd277e63d4) 获取角色列表:
 |url: |action: |AuthorityManagementCent.Controllers.RolesController+<GettingRoles>d__3.MoveNext
2019-01-13 21:11:34.1633|0|INFO|AuthorityManagementCent.Controllers.UserController|
 用户1,其ID:(8c6ab085-07c8-4c84-97f5-40dd277e63d4) 获取所有用户信息:
{"OranizationId":null,"PageIndex":0,"PageSize":10} |url: |action: |AuthorityManagementCent.Controllers.UserController+<GetUsersMessageAsync>d__3.MoveNext
2019-01-13 21:11:35.9501|0|INFO|AuthorityManagementCent.Controllers.UserController|用户1,其ID:(8c6ab085-07c8-4c84-97f5-40dd277e63d4) 创建组织树状结构:
"0" |url: |action: |AuthorityManagementCent.Controllers.OranizationsController+<OranizationsTreeStructure>d__4.MoveNext
2019-01-13 21:11:36.6165|0|INFO|AuthorityManagementCent.Controllers.UserController|用户1,其ID:(8c6ab085-07c8-4c84-97f5-40dd277e63d4) 获取权限列表:
{"Groups":null,"PageIndex":0,"PageSize":10} |url: |action: |AuthorityManagementCent.Controllers.JurisdictionController+<GetJurisdictionAsync>d__4.MoveNext
2019-01-13 21:12:19.5559|0|INFO|AuthorityManagementCent.Controllers.UserController|用户1,其ID:(8c6ab085-07c8-4c84-97f5-40dd277e63d4) 添加组织:
{"Id":"Permissionitem_Admin","Groups":"系统管理","Name":"权限管理员"} |url: |action: |AuthorityManagementCent.Controllers.JurisdictionController+<AddJurisdiction>d__3.MoveNext
2019-01-13 21:12:19.7939|0|INFO|AuthorityManagementCent.Controllers.UserController|用户1,其ID:(8c6ab085-07c8-4c84-97f5-40dd277e63d4) 获取权限列表:
{"Groups":null,"PageIndex":0,"PageSize":10} |url: |action: |AuthorityManagementCent.Controllers.JurisdictionController+<GetJurisdictionAsync>d__4.MoveNext
2019-01-13 21:16:59.3270|0|INFO|AuthorityManagementCent.Controllers.RolesController|用户1,其ID:(8c6ab085-07c8-4c84-97f5-40dd277e63d4) 获取角色列表:
 |url: |action: |AuthorityManagementCent.Controllers.RolesController+<GettingRoles>d__3.MoveNext
2019-01-13 21:16:59.3472|0|INFO|AuthorityManagementCent.Controllers.UserController|
 用户1,其ID:(8c6ab085-07c8-4c84-97f5-40dd277e63d4) 获取所有用户信息:
{"OranizationId":null,"PageIndex":0,"PageSize":10} |url: |action: |AuthorityManagementCent.Controllers.UserController+<GetUsersMessageAsync>d__3.MoveNext
2019-01-13 21:17:01.7361|0|INFO|AuthorityManagementCent.Controllers.RolesController|用户1,其ID:(8c6ab085-07c8-4c84-97f5-40dd277e63d4) 获取角色列表:
 |url: |action: |AuthorityManagementCent.Controllers.RolesController+<GettingRoles>d__3.MoveNext
2019-01-13 21:17:01.7634|0|INFO|AuthorityManagementCent.Controllers.UserController|
 用户1,其ID:(8c6ab085-07c8-4c84-97f5-40dd277e63d4) 获取所有用户信息:
{"OranizationId":null,"PageIndex":0,"PageSize":10} |url: |action: |AuthorityManagementCent.Controllers.UserController+<GetUsersMessageAsync>d__3.MoveNext
2019-01-13 21:17:07.2659|0|INFO|AuthorityManagementCent.Controllers.RolesController|用户1,其ID:(8c6ab085-07c8-4c84-97f5-40dd277e63d4) 获取角色列表:
 |url: |action: |AuthorityManagementCent.Controllers.RolesController+<GettingRoles>d__3.MoveNext
2019-01-13 21:17:07.2935|0|INFO|AuthorityManagementCent.Controllers.UserController|
 用户1,其ID:(8c6ab085-07c8-4c84-97f5-40dd277e63d4) 获取所有用户信息:
{"OranizationId":null,"PageIndex":0,"PageSize":10} |url: |action: |AuthorityManagementCent.Controllers.UserController+<GetUsersMessageAsync>d__3.MoveNext
2019-01-13 21:17:14.7127|0|INFO|AuthorityManagementCent.Controllers.RolesController|用户1,其ID:(8c6ab085-07c8-4c84-97f5-40dd277e63d4) 获取角色列表:
 |url: |action: |AuthorityManagementCent.Controllers.RolesController+<GettingRoles>d__3.MoveNext
2019-01-13 21:17:14.7127|0|INFO|AuthorityManagementCent.Controllers.UserController|
 用户1,其ID:(8c6ab085-07c8-4c84-97f5-40dd277e63d4) 获取所有用户信息:
{"OranizationId":null,"PageIndex":0,"PageSize":10} |url: |action: |AuthorityManagementCent.Controllers.UserController+<GetUsersMessageAsync>d__3.MoveNext
2019-01-13 21:17:20.9726|0|INFO|AuthorityManagementCent.Controllers.RolesController|用户1,其ID:(8c6ab085-07c8-4c84-97f5-40dd277e63d4) 获取角色列表:
 |url: |action: |AuthorityManagementCent.Controllers.RolesController+<GettingRoles>d__3.MoveNext
2019-01-13 21:17:20.9900|0|INFO|AuthorityManagementCent.Controllers.UserController|
 用户1,其ID:(8c6ab085-07c8-4c84-97f5-40dd277e63d4) 获取所有用户信息:
{"OranizationId":null,"PageIndex":0,"PageSize":10} |url: |action: |AuthorityManagementCent.Controllers.UserController+<GetUsersMessageAsync>d__3.MoveNext
2019-01-13 21:17:21.9509|0|INFO|AuthorityManagementCent.Controllers.UserController|用户1,其ID:(8c6ab085-07c8-4c84-97f5-40dd277e63d4) 获取权限列表:
{"Groups":null,"PageIndex":0,"PageSize":10} |url: |action: |AuthorityManagementCent.Controllers.JurisdictionController+<GetJurisdictionAsync>d__4.MoveNext
2019-01-13 21:17:38.5981|0|INFO|AuthorityManagementCent.Controllers.RolesController|用户1,其ID:(8c6ab085-07c8-4c84-97f5-40dd277e63d4) 获取角色列表:
 |url: |action: |AuthorityManagementCent.Controllers.RolesController+<GettingRoles>d__3.MoveNext
2019-01-13 21:17:38.6488|0|INFO|AuthorityManagementCent.Controllers.UserController|
 用户1,其ID:(8c6ab085-07c8-4c84-97f5-40dd277e63d4) 获取所有用户信息:
{"OranizationId":null,"PageIndex":0,"PageSize":10} |url: |action: |AuthorityManagementCent.Controllers.UserController+<GetUsersMessageAsync>d__3.MoveNext
2019-01-13 21:17:39.6811|0|INFO|AuthorityManagementCent.Controllers.UserController|用户1,其ID:(8c6ab085-07c8-4c84-97f5-40dd277e63d4) 获取权限列表:
{"Groups":null,"PageIndex":0,"PageSize":10} |url: |action: |AuthorityManagementCent.Controllers.JurisdictionController+<GetJurisdictionAsync>d__4.MoveNext
2019-01-13 21:17:55.9138|0|INFO|AuthorityManagementCent.Controllers.RolesController|用户1,其ID:(8c6ab085-07c8-4c84-97f5-40dd277e63d4) 获取角色列表:
 |url: |action: |AuthorityManagementCent.Controllers.RolesController+<GettingRoles>d__3.MoveNext
2019-01-13 21:17:55.9404|0|INFO|AuthorityManagementCent.Controllers.UserController|
 用户1,其ID:(8c6ab085-07c8-4c84-97f5-40dd277e63d4) 获取所有用户信息:
{"OranizationId":null,"PageIndex":0,"PageSize":10} |url: |action: |AuthorityManagementCent.Controllers.UserController+<GetUsersMessageAsync>d__3.MoveNext
2019-01-13 21:17:58.6577|0|INFO|AuthorityManagementCent.Controllers.UserController|用户1,其ID:(8c6ab085-07c8-4c84-97f5-40dd277e63d4) 创建组织树状结构:
"0" |url: |action: |AuthorityManagementCent.Controllers.OranizationsController+<OranizationsTreeStructure>d__4.MoveNext
2019-01-13 21:17:58.9252|0|INFO|AuthorityManagementCent.Controllers.UserController|用户1,其ID:(8c6ab085-07c8-4c84-97f5-40dd277e63d4) 获取权限列表:
{"Groups":null,"PageIndex":0,"PageSize":10} |url: |action: |AuthorityManagementCent.Controllers.JurisdictionController+<GetJurisdictionAsync>d__4.MoveNext
2019-01-13 21:24:34.3429|0|INFO|AuthorityManagementCent.Controllers.UserController|用户1,其ID:(8c6ab085-07c8-4c84-97f5-40dd277e63d4) 创建组织树状结构:
"0" |url: |action: |AuthorityManagementCent.Controllers.OranizationsController+<OranizationsTreeStructure>d__4.MoveNext
2019-01-13 21:24:34.4101|0|INFO|AuthorityManagementCent.Controllers.RolesController|用户1,其ID:(8c6ab085-07c8-4c84-97f5-40dd277e63d4) 获取角色列表:
 |url: |action: |AuthorityManagementCent.Controllers.RolesController+<GettingRoles>d__3.MoveNext
2019-01-13 21:24:34.4425|0|INFO|AuthorityManagementCent.Controllers.UserController|用户1,其ID:(8c6ab085-07c8-4c84-97f5-40dd277e63d4) 获取权限列表:
{"Groups":null,"PageIndex":0,"PageSize":10} |url: |action: |AuthorityManagementCent.Controllers.JurisdictionController+<GetJurisdictionAsync>d__4.MoveNext
2019-01-13 21:24:34.4425|0|INFO|AuthorityManagementCent.Controllers.UserController|用户1,其ID:(8c6ab085-07c8-4c84-97f5-40dd277e63d4) 创建组织树状结构:
"0" |url: |action: |AuthorityManagementCent.Controllers.OranizationsController+<OranizationsTreeStructure>d__4.MoveNext
2019-01-13 21:24:36.2055|0|INFO|AuthorityManagementCent.Controllers.RolesController|用户1,其ID:(8c6ab085-07c8-4c84-97f5-40dd277e63d4) 获取角色列表:
 |url: |action: |AuthorityManagementCent.Controllers.RolesController+<GettingRoles>d__3.MoveNext
2019-01-13 21:24:36.4071|0|INFO|AuthorityManagementCent.Controllers.UserController|
 用户1,其ID:(8c6ab085-07c8-4c84-97f5-40dd277e63d4) 获取所有用户信息:
{"OranizationId":null,"PageIndex":0,"PageSize":10} |url: |action: |AuthorityManagementCent.Controllers.UserController+<GetUsersMessageAsync>d__3.MoveNext
2019-01-13 21:24:38.2532|0|INFO|AuthorityManagementCent.Controllers.UserController|用户1,其ID:(8c6ab085-07c8-4c84-97f5-40dd277e63d4) 创建组织树状结构:
"0" |url: |action: |AuthorityManagementCent.Controllers.OranizationsController+<OranizationsTreeStructure>d__4.MoveNext
2019-01-13 21:24:38.2909|0|INFO|AuthorityManagementCent.Controllers.UserController|用户1,其ID:(8c6ab085-07c8-4c84-97f5-40dd277e63d4) 获取权限列表:
{"Groups":null,"PageIndex":0,"PageSize":10} |url: |action: |AuthorityManagementCent.Controllers.JurisdictionController+<GetJurisdictionAsync>d__4.MoveNext
2019-01-13 21:24:38.3385|0|INFO|AuthorityManagementCent.Controllers.UserController|用户1,其ID:(8c6ab085-07c8-4c84-97f5-40dd277e63d4) 创建组织树状结构:
"0" |url: |action: |AuthorityManagementCent.Controllers.OranizationsController+<OranizationsTreeStructure>d__4.MoveNext
2019-01-13 21:24:38.4061|0|INFO|AuthorityManagementCent.Controllers.RolesController|用户1,其ID:(8c6ab085-07c8-4c84-97f5-40dd277e63d4) 获取角色列表:
 |url: |action: |AuthorityManagementCent.Controllers.RolesController+<GettingRoles>d__3.MoveNext
2019-01-13 21:25:59.9903|0|INFO|AuthorityManagementCent.Controllers.RolesController|用户1,其ID:(8c6ab085-07c8-4c84-97f5-40dd277e63d4) 获取角色列表:
 |url: |action: |AuthorityManagementCent.Controllers.RolesController+<GettingRoles>d__3.MoveNext
2019-01-13 21:26:00.0203|0|INFO|AuthorityManagementCent.Controllers.UserController|
 用户1,其ID:(8c6ab085-07c8-4c84-97f5-40dd277e63d4) 获取所有用户信息:
{"OranizationId":null,"PageIndex":0,"PageSize":10} |url: |action: |AuthorityManagementCent.Controllers.UserController+<GetUsersMessageAsync>d__3.MoveNext
2019-01-13 21:26:01.3923|0|INFO|AuthorityManagementCent.Controllers.UserController|用户1,其ID:(8c6ab085-07c8-4c84-97f5-40dd277e63d4) 获取权限列表:
{"Groups":null,"PageIndex":0,"PageSize":10} |url: |action: |AuthorityManagementCent.Controllers.JurisdictionController+<GetJurisdictionAsync>d__4.MoveNext
2019-01-13 21:26:08.9125|0|INFO|AuthorityManagementCent.Controllers.RolesController|用户1,其ID:(8c6ab085-07c8-4c84-97f5-40dd277e63d4) 获取角色列表:
 |url: |action: |AuthorityManagementCent.Controllers.RolesController+<GettingRoles>d__3.MoveNext
2019-01-13 21:26:08.9396|0|INFO|AuthorityManagementCent.Controllers.UserController|用户1,其ID:(8c6ab085-07c8-4c84-97f5-40dd277e63d4) 创建组织树状结构:
"0" |url: |action: |AuthorityManagementCent.Controllers.OranizationsController+<OranizationsTreeStructure>d__4.MoveNext
2019-01-13 21:26:08.9689|0|INFO|AuthorityManagementCent.Controllers.UserController|用户1,其ID:(8c6ab085-07c8-4c84-97f5-40dd277e63d4) 获取权限列表:
{"Groups":null,"PageIndex":0,"PageSize":10} |url: |action: |AuthorityManagementCent.Controllers.JurisdictionController+<GetJurisdictionAsync>d__4.MoveNext
2019-01-13 21:26:09.2441|0|INFO|AuthorityManagementCent.Controllers.UserController|用户1,其ID:(8c6ab085-07c8-4c84-97f5-40dd277e63d4) 创建组织树状结构:
"0" |url: |action: |AuthorityManagementCent.Controllers.OranizationsController+<OranizationsTreeStructure>d__4.MoveNext
2019-01-13 21:26:20.8000|0|INFO|AuthorityManagementCent.Controllers.UserController|
 用户1,其ID:(8c6ab085-07c8-4c84-97f5-40dd277e63d4) 获取所有用户信息:
{"OranizationId":null,"PageIndex":0,"PageSize":10} |url: |action: |AuthorityManagementCent.Controllers.UserController+<GetUsersMessageAsync>d__3.MoveNext
2019-01-13 21:26:20.8227|0|INFO|AuthorityManagementCent.Controllers.RolesController|用户1,其ID:(8c6ab085-07c8-4c84-97f5-40dd277e63d4) 获取角色列表:
 |url: |action: |AuthorityManagementCent.Controllers.RolesController+<GettingRoles>d__3.MoveNext
2019-01-13 22:11:54.0094|0|INFO|AuthorityManagementCent.Controllers.RolesController|用户1,其ID:(8c6ab085-07c8-4c84-97f5-40dd277e63d4) 获取角色列表:
 |url: |action: |AuthorityManagementCent.Controllers.RolesController+<GettingRoles>d__3.MoveNext
2019-01-13 22:17:42.3409|0|INFO|AuthorityManagementCent.Controllers.RolesController|用户1,其ID:(8c6ab085-07c8-4c84-97f5-40dd277e63d4) 获取角色列表:
 |url: |action: |AuthorityManagementCent.Controllers.RolesController+<GettingRoles>d__3.MoveNext
2019-01-13 23:03:22.4760|0|INFO|AuthorityManagementCent.Controllers.RolesController|用户1,其ID:(8c6ab085-07c8-4c84-97f5-40dd277e63d4) 获取角色列表:
 |url: |action: |AuthorityManagementCent.Controllers.RolesController+<GettingRoles>d__3.MoveNext
2019-01-13 23:03:23.4199|0|INFO|AuthorityManagementCent.Controllers.UserController|
 用户1,其ID:(8c6ab085-07c8-4c84-97f5-40dd277e63d4) 获取所有用户信息:
{"OranizationId":null,"PageIndex":0,"PageSize":10} |url: |action: |AuthorityManagementCent.Controllers.UserController+<GetUsersMessageAsync>d__3.MoveNext
2019-01-13 23:03:40.3683|0|INFO|AuthorityManagementCent.Controllers.UserController|用户1,其ID:(8c6ab085-07c8-4c84-97f5-40dd277e63d4) 获取权限列表:
{"Groups":null,"PageIndex":0,"PageSize":10} |url: |action: |AuthorityManagementCent.Controllers.JurisdictionController+<GetJurisdictionAsync>d__4.MoveNext
2019-01-13 23:03:42.4077|0|INFO|AuthorityManagementCent.Controllers.UserController|用户1,其ID:(8c6ab085-07c8-4c84-97f5-40dd277e63d4) 创建组织树状结构:
"0" |url: |action: |AuthorityManagementCent.Controllers.OranizationsController+<OranizationsTreeStructure>d__4.MoveNext
2019-01-13 23:03:44.5902|0|INFO|AuthorityManagementCent.Controllers.UserController|用户1,其ID:(8c6ab085-07c8-4c84-97f5-40dd277e63d4) 创建组织树状结构:
"0" |url: |action: |AuthorityManagementCent.Controllers.OranizationsController+<OranizationsTreeStructure>d__4.MoveNext
2019-01-13 23:03:44.6146|0|INFO|AuthorityManagementCent.Controllers.UserController|用户1,其ID:(8c6ab085-07c8-4c84-97f5-40dd277e63d4) 创建组织树状结构:
"0" |url: |action: |AuthorityManagementCent.Controllers.OranizationsController+<OranizationsTreeStructure>d__4.MoveNext
2019-01-13 23:03:44.6146|0|INFO|AuthorityManagementCent.Controllers.UserController|用户1,其ID:(8c6ab085-07c8-4c84-97f5-40dd277e63d4) 获取权限列表:
{"Groups":null,"PageIndex":0,"PageSize":10} |url: |action: |AuthorityManagementCent.Controllers.JurisdictionController+<GetJurisdictionAsync>d__4.MoveNext
2019-01-13 23:03:44.7149|0|INFO|AuthorityManagementCent.Controllers.RolesController|用户1,其ID:(8c6ab085-07c8-4c84-97f5-40dd277e63d4) 获取角色列表:
 |url: |action: |AuthorityManagementCent.Controllers.RolesController+<GettingRoles>d__3.MoveNext
2019-01-13 23:03:49.0317|0|INFO|AuthorityManagementCent.Controllers.RolesController|用户1,其ID:(8c6ab085-07c8-4c84-97f5-40dd277e63d4) 获取角色列表:
 |url: |action: |AuthorityManagementCent.Controllers.RolesController+<GettingRoles>d__3.MoveNext
2019-01-13 23:03:49.0949|0|INFO|AuthorityManagementCent.Controllers.UserController|
 用户1,其ID:(8c6ab085-07c8-4c84-97f5-40dd277e63d4) 获取所有用户信息:
{"OranizationId":null,"PageIndex":0,"PageSize":10} |url: |action: |AuthorityManagementCent.Controllers.UserController+<GetUsersMessageAsync>d__3.MoveNext
2019-01-13 23:03:57.6183|0|INFO|AuthorityManagementCent.Controllers.RolesController|用户1,其ID:(8c6ab085-07c8-4c84-97f5-40dd277e63d4) 添加用户角色表:
{"UserId":"1","RoleId":["f8e52937f7e846eaa95884e66adccd2e"]} |url: |action: |AuthorityManagementCent.Controllers.RolesController+<PulshUserRole>d__6.MoveNext
2019-01-13 23:05:02.8891|0|INFO|AuthorityManagementCent.Controllers.UserController|用户1,其ID:(8c6ab085-07c8-4c84-97f5-40dd277e63d4) 创建组织树状结构:
"0" |url: |action: |AuthorityManagementCent.Controllers.OranizationsController+<OranizationsTreeStructure>d__4.MoveNext
2019-01-13 23:05:02.9197|0|INFO|AuthorityManagementCent.Controllers.RolesController|用户1,其ID:(8c6ab085-07c8-4c84-97f5-40dd277e63d4) 获取角色列表:
 |url: |action: |AuthorityManagementCent.Controllers.RolesController+<GettingRoles>d__3.MoveNext
2019-01-13 23:05:02.9903|0|INFO|AuthorityManagementCent.Controllers.UserController|用户1,其ID:(8c6ab085-07c8-4c84-97f5-40dd277e63d4) 获取权限列表:
{"Groups":null,"PageIndex":0,"PageSize":10} |url: |action: |AuthorityManagementCent.Controllers.JurisdictionController+<GetJurisdictionAsync>d__4.MoveNext
2019-01-13 23:05:03.0473|0|INFO|AuthorityManagementCent.Controllers.UserController|用户1,其ID:(8c6ab085-07c8-4c84-97f5-40dd277e63d4) 创建组织树状结构:
"0" |url: |action: |AuthorityManagementCent.Controllers.OranizationsController+<OranizationsTreeStructure>d__4.MoveNext
2019-01-13 23:05:31.3565|0|INFO|AuthorityManagementCent.Controllers.RolesController|用户1,其ID:(8c6ab085-07c8-4c84-97f5-40dd277e63d4) 添加角色组织权限表:
{"RoledId":"f8e52937f7e846eaa95884e66adccd2e","PermissionsScopes":[{"PermissionsId":["User_Query"],"OrganizationScope":["1","4cba486f-a98e-4d95-8746-551304bbae03","866d150f-ba37-4c99-b608-5bd95b9a7fc6","bda28aeb-8403-4a6d-af3e-5a1b88bfdbb1","d132fcd8-5d44-46f1-a1d6-deee3983218c","d6d9ae8e-2f74-4053-9888-affafd11dffb"]}]} |url: |action: |AuthorityManagementCent.Controllers.RolesController+<PulshRolePermissions>d__5.MoveNext
2019-01-13 23:05:39.2224|0|INFO|AuthorityManagementCent.Controllers.RolesController|用户1,其ID:(8c6ab085-07c8-4c84-97f5-40dd277e63d4) 获取角色列表:
 |url: |action: |AuthorityManagementCent.Controllers.RolesController+<GettingRoles>d__3.MoveNext
2019-01-13 23:05:39.2532|0|INFO|AuthorityManagementCent.Controllers.UserController|
 用户1,其ID:(8c6ab085-07c8-4c84-97f5-40dd277e63d4) 获取所有用户信息:
{"OranizationId":null,"PageIndex":0,"PageSize":10} |url: |action: |AuthorityManagementCent.Controllers.UserController+<GetUsersMessageAsync>d__3.MoveNext
2019-01-13 23:10:45.3270|0|INFO|AuthorityManagementCent.Controllers.TokenController|1获取Token中。 |url: |action: |AuthorityManagementCent.Controllers.TokenController+<Tokens>d__3.MoveNext
2019-01-13 23:11:41.2931|0|INFO|AuthorityManagementCent.Controllers.TokenController|1获取Token中。 |url: |action: |AuthorityManagementCent.Controllers.TokenController+<Tokens>d__3.MoveNext
2019-01-13 23:11:46.6442|0|INFO|AuthorityManagementCent.Controllers.RolesController|用户1,其ID:(1) 获取角色列表:
 |url: |action: |AuthorityManagementCent.Controllers.RolesController+<GettingRoles>d__3.MoveNext
2019-01-13 23:12:49.8729|0|INFO|AuthorityManagementCent.Controllers.UserController|
 用户1,其ID:(1) 获取所有用户信息:
{"OranizationId":null,"PageIndex":0,"PageSize":10} |url: |action: |AuthorityManagementCent.Controllers.UserController+<GetUsersMessageAsync>d__3.MoveNext
2019-01-13 23:15:03.2885|0|INFO|AuthorityManagementCent.Controllers.TokenController|zqy获取Token中。 |url: |action: |AuthorityManagementCent.Controllers.TokenController+<Tokens>d__3.MoveNext
2019-01-13 23:15:14.3983|0|INFO|AuthorityManagementCent.Controllers.RolesController|用户zqy,其ID:(ab2c7f05-9b75-4016-b982-42db3099ea07) 获取角色列表:
 |url: |action: |AuthorityManagementCent.Controllers.RolesController+<GettingRoles>d__3.MoveNext
2019-01-13 23:15:47.3741|0|INFO|AuthorityManagementCent.Controllers.RolesController|用户zqy,其ID:(ab2c7f05-9b75-4016-b982-42db3099ea07) 获取角色列表:
 |url: |action: |AuthorityManagementCent.Controllers.RolesController+<GettingRoles>d__3.MoveNext
2019-01-13 23:16:20.8924|0|INFO|AuthorityManagementCent.Controllers.RolesController|用户zqy,其ID:(ab2c7f05-9b75-4016-b982-42db3099ea07) 获取角色列表:
 |url: |action: |AuthorityManagementCent.Controllers.RolesController+<GettingRoles>d__3.MoveNext
