2019-01-24 17:02:21.6386|0|INFO|AuthorityManagementCent.Controllers.TokenController|admin获取Token中。 |url: |action: |AuthorityManagementCent.Controllers.TokenController+<Tokens>d__3.MoveNext
2019-01-24 17:02:23.3264|0|INFO|AuthorityManagementCent.Controllers.TokenController|用户：admin，其ID:1,验证所属所有权限列表 |url: |action: |AuthorityManagementCent.Controllers.TokenController+<PermissionCheck>d__4.MoveNext
2019-01-24 17:02:26.2266|0|INFO|AuthorityManagementCent.Controllers.RolesController|用户admin,其ID:(1) 获取角色列表:
 |url: |action: |AuthorityManagementCent.Controllers.RolesController+<GettingRoles>d__6.MoveNext
2019-01-24 17:02:26.2494|0|INFO|AuthorityManagementCent.Controllers.RolesController|用户admin,其ID:(1) 获取角色列表:
 |url: |action: |AuthorityManagementCent.Controllers.RolesController+<GettingRoles>d__6.MoveNext
2019-01-24 17:02:26.2656|0|INFO|AuthorityManagementCent.Controllers.UserController|用户admin,其ID:(1) 创建组织树状结构:
"0" |url: |action: |AuthorityManagementCent.Controllers.OranizationsController+<TreeSelect>d__7.MoveNext
2019-01-24 17:02:26.2656|0|INFO|AuthorityManagementCent.Controllers.UserController|用户admin,其ID:(1) 创建组织树状结构:
"0" |url: |action: |AuthorityManagementCent.Controllers.OranizationsController+<OranizationsTreeStructure>d__6.MoveNext
2019-01-24 17:02:26.3053|0|INFO|AuthorityManagementCent.Controllers.UserController|
 用户admin,其ID:(1) 获取所有用户信息:
{"OranizationId":null,"TrueName":null,"RoleId":null,"IsDelete":null,"EpartmentId":null,"PageIndex":0,"PageSize":10} |url: |action: |AuthorityManagementCent.Controllers.UserController+<GetUsersMessageAsync>d__3.MoveNext
2019-01-24 17:02:30.1559|0|INFO|AuthorityManagementCent.Controllers.UserController|用户admin,其ID:(1) 创建组织树状结构:
"0" |url: |action: |AuthorityManagementCent.Controllers.OranizationsController+<OranizationsTreeStructure>d__6.MoveNext
2019-01-24 17:02:31.8921|0|INFO|AuthorityManagementCent.Controllers.UserController|
 用户admin,其ID:(1) 获取所有用户信息:
{"OranizationId":"1","TrueName":null,"RoleId":null,"IsDelete":null,"EpartmentId":null,"PageIndex":0,"PageSize":10} |url: |action: |AuthorityManagementCent.Controllers.UserController+<GetUsersMessageAsync>d__3.MoveNext
2019-01-24 17:02:33.3235|0|INFO|AuthorityManagementCent.Controllers.UserController|用户admin,其ID:(1) 获取权限列表:
{"Groups":null,"PageIndex":0,"PageSize":10} |url: |action: |AuthorityManagementCent.Controllers.JurisdictionController+<GetJurisdictionAsync>d__4.MoveNext
2019-01-24 17:02:34.8594|0|INFO|AuthorityManagementCent.Controllers.UserController|用户admin,其ID:(1) 创建组织树状结构:
"0" |url: |action: |AuthorityManagementCent.Controllers.OranizationsController+<OranizationsTreeStructure>d__6.MoveNext
2019-01-24 17:02:34.8816|0|INFO|AuthorityManagementCent.Controllers.RolesController|用户admin,其ID:(1) 获取角色列表:
 |url: |action: |AuthorityManagementCent.Controllers.RolesController+<GettingRoles>d__6.MoveNext
2019-01-24 17:02:34.9255|0|INFO|AuthorityManagementCent.Controllers.UserController|用户admin,其ID:(1) 获取分组后的权限列表. |url: |action: |AuthorityManagementCent.Controllers.JurisdictionController+<GetGroupPermission>d__5.MoveNext
2019-01-24 17:02:34.9983|0|INFO|AuthorityManagementCent.Controllers.UserController|用户admin,其ID:(1) 创建组织树状结构:
"0" |url: |action: |AuthorityManagementCent.Controllers.OranizationsController+<OranizationsTreeStructure>d__6.MoveNext
2019-01-24 17:02:38.7245|0|INFO|AuthorityManagementCent.Controllers.RolesController|用户admin,其ID:(1) 获取角色的所有权限项:
 |url: |action: |AuthorityManagementCent.Controllers.RolesController+<RolePermisionList>d__4.MoveNext
2019-01-24 17:03:10.3251|0|INFO|AuthorityManagementCent.Controllers.RolesController|用户admin,其ID:(1) 获取角色列表:
 |url: |action: |AuthorityManagementCent.Controllers.RolesController+<GettingRoles>d__6.MoveNext
2019-01-24 17:03:10.3586|0|INFO|AuthorityManagementCent.Controllers.UserController|
 用户admin,其ID:(1) 获取所有用户信息:
{"OranizationId":null,"TrueName":null,"RoleId":null,"IsDelete":null,"EpartmentId":null,"PageIndex":0,"PageSize":10} |url: |action: |AuthorityManagementCent.Controllers.UserController+<GetUsersMessageAsync>d__3.MoveNext
2019-01-24 17:03:10.3878|0|INFO|AuthorityManagementCent.Controllers.UserController|用户admin,其ID:(1) 创建组织树状结构:
"0" |url: |action: |AuthorityManagementCent.Controllers.OranizationsController+<OranizationsTreeStructure>d__6.MoveNext
2019-01-24 17:03:10.5255|0|INFO|AuthorityManagementCent.Controllers.UserController|用户admin,其ID:(1) 创建组织树状结构:
"0" |url: |action: |AuthorityManagementCent.Controllers.OranizationsController+<TreeSelect>d__7.MoveNext
2019-01-24 17:03:10.5603|0|INFO|AuthorityManagementCent.Controllers.RolesController|用户admin,其ID:(1) 获取角色列表:
 |url: |action: |AuthorityManagementCent.Controllers.RolesController+<GettingRoles>d__6.MoveNext
2019-01-24 17:03:10.8320|0|INFO|AuthorityManagementCent.Controllers.UserController|用户admin,其ID:(1) 获取权限列表:
{"Groups":null,"PageIndex":0,"PageSize":10} |url: |action: |AuthorityManagementCent.Controllers.JurisdictionController+<GetJurisdictionAsync>d__4.MoveNext
2019-01-24 17:03:11.9801|0|INFO|AuthorityManagementCent.Controllers.UserController|用户admin,其ID:(1) 创建组织树状结构:
"0" |url: |action: |AuthorityManagementCent.Controllers.OranizationsController+<OranizationsTreeStructure>d__6.MoveNext
2019-01-24 17:03:12.0066|0|INFO|AuthorityManagementCent.Controllers.UserController|用户admin,其ID:(1) 创建组织树状结构:
"0" |url: |action: |AuthorityManagementCent.Controllers.OranizationsController+<OranizationsTreeStructure>d__6.MoveNext
2019-01-24 17:03:12.0599|0|INFO|AuthorityManagementCent.Controllers.UserController|用户admin,其ID:(1) 获取分组后的权限列表. |url: |action: |AuthorityManagementCent.Controllers.JurisdictionController+<GetGroupPermission>d__5.MoveNext
2019-01-24 17:03:12.0810|0|INFO|AuthorityManagementCent.Controllers.RolesController|用户admin,其ID:(1) 获取角色列表:
 |url: |action: |AuthorityManagementCent.Controllers.RolesController+<GettingRoles>d__6.MoveNext
2019-01-24 17:03:13.1293|0|INFO|AuthorityManagementCent.Controllers.RolesController|用户admin,其ID:(1) 获取角色的所有权限项:
 |url: |action: |AuthorityManagementCent.Controllers.RolesController+<RolePermisionList>d__4.MoveNext
2019-01-24 17:59:55.5121|0|INFO|AuthorityManagementCent.Controllers.TokenController|用户：admin，其ID:1,验证所属所有权限列表 |url: |action: |AuthorityManagementCent.Controllers.TokenController+<PermissionCheck>d__4.MoveNext
2019-01-24 17:59:58.3016|0|INFO|AuthorityManagementCent.Controllers.UserController|用户admin,其ID:(1) 创建组织树状结构:
"0" |url: |action: |AuthorityManagementCent.Controllers.OranizationsController+<OranizationsTreeStructure>d__6.MoveNext
2019-01-24 17:59:58.9648|0|INFO|AuthorityManagementCent.Controllers.UserController|用户admin,其ID:(1) 创建组织树状结构:
"0" |url: |action: |AuthorityManagementCent.Controllers.OranizationsController+<OranizationsTreeStructure>d__6.MoveNext
2019-01-24 17:59:59.0227|0|INFO|AuthorityManagementCent.Controllers.UserController|用户admin,其ID:(1) 创建组织树状结构:
"0" |url: |action: |AuthorityManagementCent.Controllers.OranizationsController+<OranizationsTreeStructure>d__6.MoveNext
2019-01-24 17:59:59.0489|0|INFO|AuthorityManagementCent.Controllers.UserController|用户admin,其ID:(1) 获取分组后的权限列表. |url: |action: |AuthorityManagementCent.Controllers.JurisdictionController+<GetGroupPermission>d__5.MoveNext
2019-01-24 17:59:59.1211|0|INFO|AuthorityManagementCent.Controllers.RolesController|用户admin,其ID:(1) 获取角色列表:
 |url: |action: |AuthorityManagementCent.Controllers.RolesController+<GettingRoles>d__6.MoveNext
2019-01-24 18:00:00.3096|0|INFO|AuthorityManagementCent.Controllers.RolesController|用户admin,其ID:(1) 获取角色的所有权限项:
 |url: |action: |AuthorityManagementCent.Controllers.RolesController+<RolePermisionList>d__4.MoveNext
2019-01-24 18:00:01.5200|0|INFO|AuthorityManagementCent.Controllers.RolesController|用户admin,其ID:(1) 获取角色的所有权限项:
 |url: |action: |AuthorityManagementCent.Controllers.RolesController+<RolePermisionList>d__4.MoveNext
2019-01-24 18:00:05.1770|0|INFO|AuthorityManagementCent.Controllers.RolesController|用户admin,其ID:(1) 获取角色的所有权限项:
 |url: |action: |AuthorityManagementCent.Controllers.RolesController+<RolePermisionList>d__4.MoveNext
2019-01-24 18:04:41.0804|0|INFO|AuthorityManagementCent.Controllers.TokenController|用户：admin，其ID:1,验证所属所有权限列表 |url: |action: |AuthorityManagementCent.Controllers.TokenController+<PermissionCheck>d__4.MoveNext
2019-01-24 18:05:38.8615|0|INFO|AuthorityManagementCent.Controllers.TokenController|用户：admin，其ID:1,验证所属所有权限列表 |url: |action: |AuthorityManagementCent.Controllers.TokenController+<PermissionCheck>d__4.MoveNext
2019-01-24 18:05:41.4450|0|INFO|AuthorityManagementCent.Controllers.UserController|用户admin,其ID:(1) 创建组织树状结构:
"0" |url: |action: |AuthorityManagementCent.Controllers.OranizationsController+<OranizationsTreeStructure>d__6.MoveNext
2019-01-24 18:05:41.8756|0|INFO|AuthorityManagementCent.Controllers.UserController|用户admin,其ID:(1) 获取分组后的权限列表. |url: |action: |AuthorityManagementCent.Controllers.JurisdictionController+<GetGroupPermission>d__5.MoveNext
2019-01-24 18:05:43.7281|0|INFO|AuthorityManagementCent.Controllers.UserController|用户admin,其ID:(1) 创建组织树状结构:
"0" |url: |action: |AuthorityManagementCent.Controllers.OranizationsController+<OranizationsTreeStructure>d__6.MoveNext
2019-01-24 18:05:44.1338|0|INFO|AuthorityManagementCent.Controllers.RolesController|用户admin,其ID:(1) 获取角色列表:
 |url: |action: |AuthorityManagementCent.Controllers.RolesController+<GettingRoles>d__6.MoveNext
2019-01-24 18:05:51.4396|0|INFO|AuthorityManagementCent.Controllers.RolesController|用户admin,其ID:(1) 获取角色的所有权限项:
 |url: |action: |AuthorityManagementCent.Controllers.RolesController+<RolePermisionList>d__4.MoveNext
2019-01-24 18:05:53.0103|0|INFO|AuthorityManagementCent.Controllers.RolesController|用户admin,其ID:(1) 获取角色的所有权限项:
 |url: |action: |AuthorityManagementCent.Controllers.RolesController+<RolePermisionList>d__4.MoveNext
2019-01-24 18:05:55.2050|0|INFO|AuthorityManagementCent.Controllers.RolesController|用户admin,其ID:(1) 获取角色的所有权限项:
 |url: |action: |AuthorityManagementCent.Controllers.RolesController+<RolePermisionList>d__4.MoveNext
2019-01-24 18:05:57.1752|0|INFO|AuthorityManagementCent.Controllers.RolesController|用户admin,其ID:(1) 获取角色的所有权限项:
 |url: |action: |AuthorityManagementCent.Controllers.RolesController+<RolePermisionList>d__4.MoveNext
2019-01-24 18:05:58.4569|0|INFO|AuthorityManagementCent.Controllers.RolesController|用户admin,其ID:(1) 获取角色的所有权限项:
 |url: |action: |AuthorityManagementCent.Controllers.RolesController+<RolePermisionList>d__4.MoveNext
2019-01-24 18:05:58.9888|0|INFO|AuthorityManagementCent.Controllers.RolesController|用户admin,其ID:(1) 获取角色的所有权限项:
 |url: |action: |AuthorityManagementCent.Controllers.RolesController+<RolePermisionList>d__4.MoveNext
2019-01-24 18:06:00.6009|0|INFO|AuthorityManagementCent.Controllers.RolesController|用户admin,其ID:(1) 获取角色的所有权限项:
 |url: |action: |AuthorityManagementCent.Controllers.RolesController+<RolePermisionList>d__4.MoveNext
2019-01-24 18:06:01.9100|0|INFO|AuthorityManagementCent.Controllers.RolesController|用户admin,其ID:(1) 获取角色的所有权限项:
 |url: |action: |AuthorityManagementCent.Controllers.RolesController+<RolePermisionList>d__4.MoveNext
2019-01-24 18:06:02.8925|0|INFO|AuthorityManagementCent.Controllers.RolesController|用户admin,其ID:(1) 获取角色的所有权限项:
 |url: |action: |AuthorityManagementCent.Controllers.RolesController+<RolePermisionList>d__4.MoveNext
2019-01-24 18:06:12.9800|0|INFO|AuthorityManagementCent.Controllers.RolesController|用户admin,其ID:(1) 添加角色组织权限表:
{"RoledId":"069d0865-02b4-488b-8446-acb1fe956751","PermissionsScopes":[{"PermissionsId":null,"OrganizationScope":null}]} |url: |action: |AuthorityManagementCent.Controllers.RolesController+<PulshRolePermissions>d__9.MoveNext
2019-01-24 18:06:13.4517|0|ERROR|AuthorityManagementCent.Controllers.RolesController|用户admin(1)添加角色列表报错：
System.Exception: Object reference not set to an instance of an object.
   at AuthorityManagementCent.Managers.RolesManager.AddRolePermissions(RolePermissionsRequest rolesRequest) in D:\MyProject\AuthorityManagement\ZQY_AuthorityManagement\Api\AuthorityManagementCent\AuthorityManagementCent\Managers\RolesManager.cs:line 193
   at AuthorityManagementCent.Controllers.RolesController.PulshRolePermissions(RolePermissionsRequest rolesRequest) in D:\MyProject\AuthorityManagement\ZQY_AuthorityManagement\Api\AuthorityManagementCent\AuthorityManagementCent\Controllers\RolesController.cs:line 192 |url: |action: |AuthorityManagementCent.Controllers.RolesController+<PulshRolePermissions>d__9.MoveNext
2019-01-24 18:06:16.5285|0|INFO|AuthorityManagementCent.Controllers.RolesController|用户admin,其ID:(1) 获取角色的所有权限项:
 |url: |action: |AuthorityManagementCent.Controllers.RolesController+<RolePermisionList>d__4.MoveNext
2019-01-24 18:06:18.8072|0|INFO|AuthorityManagementCent.Controllers.RolesController|用户admin,其ID:(1) 获取角色的所有权限项:
 |url: |action: |AuthorityManagementCent.Controllers.RolesController+<RolePermisionList>d__4.MoveNext
2019-01-24 18:06:30.3298|0|INFO|AuthorityManagementCent.Controllers.TokenController|用户：admin，其ID:1,验证所属所有权限列表 |url: |action: |AuthorityManagementCent.Controllers.TokenController+<PermissionCheck>d__4.MoveNext
2019-01-24 18:06:36.0150|0|INFO|AuthorityManagementCent.Controllers.TokenController|用户：admin，其ID:1,验证所属所有权限列表 |url: |action: |AuthorityManagementCent.Controllers.TokenController+<PermissionCheck>d__4.MoveNext
2019-01-24 18:06:40.1753|0|INFO|AuthorityManagementCent.Controllers.TokenController|用户：admin，其ID:1,验证所属所有权限列表 |url: |action: |AuthorityManagementCent.Controllers.TokenController+<PermissionCheck>d__4.MoveNext
2019-01-24 18:06:48.6897|0|INFO|AuthorityManagementCent.Controllers.TokenController|用户：admin，其ID:1,验证所属所有权限列表 |url: |action: |AuthorityManagementCent.Controllers.TokenController+<PermissionCheck>d__4.MoveNext
2019-01-24 18:07:02.6658|0|INFO|AuthorityManagementCent.Controllers.UserController|用户admin,其ID:(1) 获取权限列表:
{"Groups":null,"PageIndex":0,"PageSize":10} |url: |action: |AuthorityManagementCent.Controllers.JurisdictionController+<GetJurisdictionAsync>d__4.MoveNext
2019-01-24 18:07:04.6054|0|INFO|AuthorityManagementCent.Controllers.UserController|用户admin,其ID:(1) 获取分组后的权限列表. |url: |action: |AuthorityManagementCent.Controllers.JurisdictionController+<GetGroupPermission>d__5.MoveNext
2019-01-24 18:07:04.6337|0|INFO|AuthorityManagementCent.Controllers.UserController|用户admin,其ID:(1) 创建组织树状结构:
"0" |url: |action: |AuthorityManagementCent.Controllers.OranizationsController+<OranizationsTreeStructure>d__6.MoveNext
2019-01-24 18:07:04.7213|0|INFO|AuthorityManagementCent.Controllers.UserController|用户admin,其ID:(1) 创建组织树状结构:
"0" |url: |action: |AuthorityManagementCent.Controllers.OranizationsController+<OranizationsTreeStructure>d__6.MoveNext
2019-01-24 18:07:04.8639|0|INFO|AuthorityManagementCent.Controllers.RolesController|用户admin,其ID:(1) 获取角色列表:
 |url: |action: |AuthorityManagementCent.Controllers.RolesController+<GettingRoles>d__6.MoveNext
2019-01-24 18:07:07.8784|0|INFO|AuthorityManagementCent.Controllers.RolesController|用户admin,其ID:(1) 获取角色的所有权限项:
 |url: |action: |AuthorityManagementCent.Controllers.RolesController+<RolePermisionList>d__4.MoveNext
2019-01-24 18:07:09.6400|0|INFO|AuthorityManagementCent.Controllers.RolesController|用户admin,其ID:(1) 获取角色的所有权限项:
 |url: |action: |AuthorityManagementCent.Controllers.RolesController+<RolePermisionList>d__4.MoveNext
2019-01-24 18:07:40.0783|0|INFO|AuthorityManagementCent.Controllers.TokenController|用户：admin，其ID:1,验证所属所有权限列表 |url: |action: |AuthorityManagementCent.Controllers.TokenController+<PermissionCheck>d__4.MoveNext
2019-01-24 18:08:18.7834|0|INFO|AuthorityManagementCent.Controllers.TokenController|用户：admin，其ID:1,验证所属所有权限列表 |url: |action: |AuthorityManagementCent.Controllers.TokenController+<PermissionCheck>d__4.MoveNext
2019-01-24 18:08:28.2708|0|INFO|AuthorityManagementCent.Controllers.TokenController|用户：admin，其ID:1,验证所属所有权限列表 |url: |action: |AuthorityManagementCent.Controllers.TokenController+<PermissionCheck>d__4.MoveNext
2019-01-24 18:08:38.9938|0|INFO|AuthorityManagementCent.Controllers.TokenController|用户：admin，其ID:1,验证所属所有权限列表 |url: |action: |AuthorityManagementCent.Controllers.TokenController+<PermissionCheck>d__4.MoveNext
2019-01-24 18:08:46.8441|0|INFO|AuthorityManagementCent.Controllers.TokenController|用户：admin，其ID:1,验证所属所有权限列表 |url: |action: |AuthorityManagementCent.Controllers.TokenController+<PermissionCheck>d__4.MoveNext
2019-01-24 18:08:50.3156|0|INFO|AuthorityManagementCent.Controllers.TokenController|用户：admin，其ID:1,验证所属所有权限列表 |url: |action: |AuthorityManagementCent.Controllers.TokenController+<PermissionCheck>d__4.MoveNext
2019-01-24 18:08:58.7495|0|INFO|AuthorityManagementCent.Controllers.TokenController|用户：admin，其ID:1,验证所属所有权限列表 |url: |action: |AuthorityManagementCent.Controllers.TokenController+<PermissionCheck>d__4.MoveNext
2019-01-24 18:09:21.7785|0|INFO|AuthorityManagementCent.Controllers.TokenController|用户：admin，其ID:1,验证所属所有权限列表 |url: |action: |AuthorityManagementCent.Controllers.TokenController+<PermissionCheck>d__4.MoveNext
2019-01-24 18:10:04.9219|0|INFO|AuthorityManagementCent.Controllers.TokenController|用户：admin，其ID:1,验证所属所有权限列表 |url: |action: |AuthorityManagementCent.Controllers.TokenController+<PermissionCheck>d__4.MoveNext
2019-01-24 18:10:07.6852|0|INFO|AuthorityManagementCent.Controllers.TokenController|用户：admin，其ID:1,验证所属所有权限列表 |url: |action: |AuthorityManagementCent.Controllers.TokenController+<PermissionCheck>d__4.MoveNext
2019-01-24 18:10:14.6278|0|INFO|AuthorityManagementCent.Controllers.TokenController|用户：admin，其ID:1,验证所属所有权限列表 |url: |action: |AuthorityManagementCent.Controllers.TokenController+<PermissionCheck>d__4.MoveNext
2019-01-24 18:10:16.7468|0|INFO|AuthorityManagementCent.Controllers.UserController|用户admin,其ID:(1) 创建组织树状结构:
"0" |url: |action: |AuthorityManagementCent.Controllers.OranizationsController+<OranizationsTreeStructure>d__6.MoveNext
2019-01-24 18:10:16.7790|0|INFO|AuthorityManagementCent.Controllers.RolesController|用户admin,其ID:(1) 获取角色列表:
 |url: |action: |AuthorityManagementCent.Controllers.RolesController+<GettingRoles>d__6.MoveNext
2019-01-24 18:10:16.8126|0|INFO|AuthorityManagementCent.Controllers.UserController|用户admin,其ID:(1) 创建组织树状结构:
"0" |url: |action: |AuthorityManagementCent.Controllers.OranizationsController+<OranizationsTreeStructure>d__6.MoveNext
2019-01-24 18:10:16.8411|0|INFO|AuthorityManagementCent.Controllers.UserController|用户admin,其ID:(1) 获取分组后的权限列表. |url: |action: |AuthorityManagementCent.Controllers.JurisdictionController+<GetGroupPermission>d__5.MoveNext
2019-01-24 18:10:17.9527|0|INFO|AuthorityManagementCent.Controllers.RolesController|用户admin,其ID:(1) 获取角色的所有权限项:
 |url: |action: |AuthorityManagementCent.Controllers.RolesController+<RolePermisionList>d__4.MoveNext
2019-01-24 18:10:18.9361|0|INFO|AuthorityManagementCent.Controllers.RolesController|用户admin,其ID:(1) 获取角色的所有权限项:
 |url: |action: |AuthorityManagementCent.Controllers.RolesController+<RolePermisionList>d__4.MoveNext
2019-01-24 18:10:19.0879|0|INFO|AuthorityManagementCent.Controllers.RolesController|用户admin,其ID:(1) 删除角色:
[] |url: |action: |AuthorityManagementCent.Controllers.RolesController+<DeleteRoles>d__8.MoveNext
2019-01-24 18:10:19.2209|0|INFO|AuthorityManagementCent.Controllers.UserController|用户admin,其ID:(1) 获取分组后的权限列表. |url: |action: |AuthorityManagementCent.Controllers.JurisdictionController+<GetGroupPermission>d__5.MoveNext
2019-01-24 18:10:19.2575|0|INFO|AuthorityManagementCent.Controllers.UserController|用户admin,其ID:(1) 创建组织树状结构:
"0" |url: |action: |AuthorityManagementCent.Controllers.OranizationsController+<OranizationsTreeStructure>d__6.MoveNext
2019-01-24 18:10:19.2744|0|INFO|AuthorityManagementCent.Controllers.RolesController|用户admin,其ID:(1) 获取角色列表:
 |url: |action: |AuthorityManagementCent.Controllers.RolesController+<GettingRoles>d__6.MoveNext
2019-01-24 18:10:28.5634|0|INFO|AuthorityManagementCent.Controllers.RolesController|用户admin,其ID:(1) 获取角色的所有权限项:
 |url: |action: |AuthorityManagementCent.Controllers.RolesController+<RolePermisionList>d__4.MoveNext
2019-01-24 18:10:53.7797|0|INFO|AuthorityManagementCent.Controllers.RolesController|用户admin,其ID:(1) 获取角色列表:
 |url: |action: |AuthorityManagementCent.Controllers.RolesController+<GettingRoles>d__6.MoveNext
2019-01-24 18:10:53.7946|0|INFO|AuthorityManagementCent.Controllers.UserController|用户admin,其ID:(1) 创建组织树状结构:
"0" |url: |action: |AuthorityManagementCent.Controllers.OranizationsController+<TreeSelect>d__7.MoveNext
2019-01-24 18:10:53.8229|0|INFO|AuthorityManagementCent.Controllers.UserController|
 用户admin,其ID:(1) 获取所有用户信息:
{"OranizationId":null,"TrueName":null,"RoleId":null,"IsDelete":null,"EpartmentId":null,"PageIndex":0,"PageSize":10} |url: |action: |AuthorityManagementCent.Controllers.UserController+<GetUsersMessageAsync>d__3.MoveNext
2019-01-24 18:10:53.8229|0|INFO|AuthorityManagementCent.Controllers.RolesController|用户admin,其ID:(1) 获取角色列表:
 |url: |action: |AuthorityManagementCent.Controllers.RolesController+<GettingRoles>d__6.MoveNext
2019-01-24 18:10:53.9790|0|INFO|AuthorityManagementCent.Controllers.UserController|用户admin,其ID:(1) 创建组织树状结构:
"0" |url: |action: |AuthorityManagementCent.Controllers.OranizationsController+<OranizationsTreeStructure>d__6.MoveNext
2019-01-24 18:11:53.4460|0|INFO|AuthorityManagementCent.Controllers.UserController|
 用户admin,其ID:(1) 获取所有用户信息:
{"OranizationId":null,"TrueName":null,"RoleId":"069d0865-02b4-488b-8446-acb1fe956751","IsDelete":null,"EpartmentId":null,"PageIndex":0,"PageSize":10} |url: |action: |AuthorityManagementCent.Controllers.UserController+<GetUsersMessageAsync>d__3.MoveNext
2019-01-24 18:11:53.4683|0|INFO|AuthorityManagementCent.Controllers.UserController|用户admin,其ID:(1) 创建组织树状结构:
"0" |url: |action: |AuthorityManagementCent.Controllers.OranizationsController+<OranizationsTreeStructure>d__6.MoveNext
2019-01-24 18:11:55.9930|0|INFO|AuthorityManagementCent.Controllers.UserController|用户admin,其ID:(1) 创建组织树状结构:
"0" |url: |action: |AuthorityManagementCent.Controllers.OranizationsController+<OranizationsTreeStructure>d__6.MoveNext
2019-01-24 18:11:56.0328|0|INFO|AuthorityManagementCent.Controllers.UserController|用户admin,其ID:(1) 创建组织树状结构:
"0" |url: |action: |AuthorityManagementCent.Controllers.OranizationsController+<OranizationsTreeStructure>d__6.MoveNext
2019-01-24 18:11:56.0816|0|INFO|AuthorityManagementCent.Controllers.UserController|用户admin,其ID:(1) 获取分组后的权限列表. |url: |action: |AuthorityManagementCent.Controllers.JurisdictionController+<GetGroupPermission>d__5.MoveNext
2019-01-24 18:11:56.1906|0|INFO|AuthorityManagementCent.Controllers.RolesController|用户admin,其ID:(1) 获取角色列表:
 |url: |action: |AuthorityManagementCent.Controllers.RolesController+<GettingRoles>d__6.MoveNext
